Start testing: May 19 14:21 ¥Î«—πŒ±π «•¡ÿΩ√
----------------------------------------------------------
1/77 Testing: TunerTest.initChannel
1/77 Test: TunerTest.initChannel
Command: "C:/DEV/TDD_TV_14/build/TunerTest.exe" "--gtest_filter=TunerTest.initChannel" "--gtest_also_run_disabled_tests"
Directory: C:/DEV/TDD_TV_14/build
"TunerTest.initChannel" start time: May 19 14:21 ¥Î«—πŒ±π «•¡ÿΩ√
Output:
----------------------------------------------------------
Running main() from C:\DEV\TDD_TV_14\build\_deps\googletest-src\googletest\src\gtest_main.cc
Note: Google Test filter = TunerTest.initChannel
[==========] Running 1 test from 1 test suite.
[----------] Global test environment set-up.
[----------] 1 test from TunerTest
[ RUN      ] TunerTest.initChannel
[       OK ] TunerTest.initChannel (0 ms)
[----------] 1 test from TunerTest (0 ms total)

[----------] Global test environment tear-down
[==========] 1 test from 1 test suite ran. (0 ms total)
[  PASSED  ] 1 test.
<end of output>
Test time =   0.03 sec
----------------------------------------------------------
Test Passed.
"TunerTest.initChannel" end time: May 19 14:21 ¥Î«—πŒ±π «•¡ÿΩ√
"TunerTest.initChannel" time elapsed: 00:00:00
----------------------------------------------------------

2/77 Testing: TunerTest.testSeekCh10times
2/77 Test: TunerTest.testSeekCh10times
Command: "C:/DEV/TDD_TV_14/build/TunerTest.exe" "--gtest_filter=TunerTest.testSeekCh10times" "--gtest_also_run_disabled_tests"
Directory: C:/DEV/TDD_TV_14/build
"TunerTest.testSeekCh10times" start time: May 19 14:21 ¥Î«—πŒ±π «•¡ÿΩ√
Output:
----------------------------------------------------------
Running main() from C:\DEV\TDD_TV_14\build\_deps\googletest-src\googletest\src\gtest_main.cc
Note: Google Test filter = TunerTest.testSeekCh10times
[==========] Running 1 test from 1 test suite.
[----------] Global test environment set-up.
[----------] 1 test from TunerTest
[ RUN      ] TunerTest.testSeekCh10times
[       OK ] TunerTest.testSeekCh10times (0 ms)
[----------] 1 test from TunerTest (0 ms total)

[----------] Global test environment tear-down
[==========] 1 test from 1 test suite ran. (0 ms total)
[  PASSED  ] 1 test.
<end of output>
Test time =   0.03 sec
----------------------------------------------------------
Test Passed.
"TunerTest.testSeekCh10times" end time: May 19 14:21 ¥Î«—πŒ±π «•¡ÿΩ√
"TunerTest.testSeekCh10times" time elapsed: 00:00:00
----------------------------------------------------------

3/77 Testing: TunerTest.testSeekCh10timesAfterSetCH
3/77 Test: TunerTest.testSeekCh10timesAfterSetCH
Command: "C:/DEV/TDD_TV_14/build/TunerTest.exe" "--gtest_filter=TunerTest.testSeekCh10timesAfterSetCH" "--gtest_also_run_disabled_tests"
Directory: C:/DEV/TDD_TV_14/build
"TunerTest.testSeekCh10timesAfterSetCH" start time: May 19 14:21 ¥Î«—πŒ±π «•¡ÿΩ√
Output:
----------------------------------------------------------
Running main() from C:\DEV\TDD_TV_14\build\_deps\googletest-src\googletest\src\gtest_main.cc
Note: Google Test filter = TunerTest.testSeekCh10timesAfterSetCH
[==========] Running 1 test from 1 test suite.
[----------] Global test environment set-up.
[----------] 1 test from TunerTest
[ RUN      ] TunerTest.testSeekCh10timesAfterSetCH
[       OK ] TunerTest.testSeekCh10timesAfterSetCH (0 ms)
[----------] 1 test from TunerTest (0 ms total)

[----------] Global test environment tear-down
[==========] 1 test from 1 test suite ran. (0 ms total)
[  PASSED  ] 1 test.
<end of output>
Test time =   0.03 sec
----------------------------------------------------------
Test Passed.
"TunerTest.testSeekCh10timesAfterSetCH" end time: May 19 14:21 ¥Î«—πŒ±π «•¡ÿΩ√
"TunerTest.testSeekCh10timesAfterSetCH" time elapsed: 00:00:00
----------------------------------------------------------

4/77 Testing: ValidChannels/TunerValidChannelTest.testSetChForValidChannel/"0"
4/77 Test: ValidChannels/TunerValidChannelTest.testSetChForValidChannel/"0"
Command: "C:/DEV/TDD_TV_14/build/TunerTest.exe" "--gtest_filter=ValidChannels/TunerValidChannelTest.testSetChForValidChannel/0" "--gtest_also_run_disabled_tests"
Directory: C:/DEV/TDD_TV_14/build
"ValidChannels/TunerValidChannelTest.testSetChForValidChannel/"0"" start time: May 19 14:21 ¥Î«—πŒ±π «•¡ÿΩ√
Output:
----------------------------------------------------------
Running main() from C:\DEV\TDD_TV_14\build\_deps\googletest-src\googletest\src\gtest_main.cc
Note: Google Test filter = ValidChannels/TunerValidChannelTest.testSetChForValidChannel/0
[==========] Running 1 test from 1 test suite.
[----------] Global test environment set-up.
[----------] 1 test from ValidChannels/TunerValidChannelTest
[ RUN      ] ValidChannels/TunerValidChannelTest.testSetChForValidChannel/0
[       OK ] ValidChannels/TunerValidChannelTest.testSetChForValidChannel/0 (0 ms)
[----------] 1 test from ValidChannels/TunerValidChannelTest (0 ms total)

[----------] Global test environment tear-down
[==========] 1 test from 1 test suite ran. (0 ms total)
[  PASSED  ] 1 test.
<end of output>
Test time =   0.04 sec
----------------------------------------------------------
Test Passed.
"ValidChannels/TunerValidChannelTest.testSetChForValidChannel/"0"" end time: May 19 14:21 ¥Î«—πŒ±π «•¡ÿΩ√
"ValidChannels/TunerValidChannelTest.testSetChForValidChannel/"0"" time elapsed: 00:00:00
----------------------------------------------------------

5/77 Testing: ValidChannels/TunerValidChannelTest.testSetChForValidChannel/"4"
5/77 Test: ValidChannels/TunerValidChannelTest.testSetChForValidChannel/"4"
Command: "C:/DEV/TDD_TV_14/build/TunerTest.exe" "--gtest_filter=ValidChannels/TunerValidChannelTest.testSetChForValidChannel/1" "--gtest_also_run_disabled_tests"
Directory: C:/DEV/TDD_TV_14/build
"ValidChannels/TunerValidChannelTest.testSetChForValidChannel/"4"" start time: May 19 14:21 ¥Î«—πŒ±π «•¡ÿΩ√
Output:
----------------------------------------------------------
Running main() from C:\DEV\TDD_TV_14\build\_deps\googletest-src\googletest\src\gtest_main.cc
Note: Google Test filter = ValidChannels/TunerValidChannelTest.testSetChForValidChannel/1
[==========] Running 1 test from 1 test suite.
[----------] Global test environment set-up.
[----------] 1 test from ValidChannels/TunerValidChannelTest
[ RUN      ] ValidChannels/TunerValidChannelTest.testSetChForValidChannel/1
[       OK ] ValidChannels/TunerValidChannelTest.testSetChForValidChannel/1 (0 ms)
[----------] 1 test from ValidChannels/TunerValidChannelTest (0 ms total)

[----------] Global test environment tear-down
[==========] 1 test from 1 test suite ran. (0 ms total)
[  PASSED  ] 1 test.
<end of output>
Test time =   0.03 sec
----------------------------------------------------------
Test Passed.
"ValidChannels/TunerValidChannelTest.testSetChForValidChannel/"4"" end time: May 19 14:21 ¥Î«—πŒ±π «•¡ÿΩ√
"ValidChannels/TunerValidChannelTest.testSetChForValidChannel/"4"" time elapsed: 00:00:00
----------------------------------------------------------

6/77 Testing: ValidChannels/TunerValidChannelTest.testSetChForValidChannel/"5"
6/77 Test: ValidChannels/TunerValidChannelTest.testSetChForValidChannel/"5"
Command: "C:/DEV/TDD_TV_14/build/TunerTest.exe" "--gtest_filter=ValidChannels/TunerValidChannelTest.testSetChForValidChannel/2" "--gtest_also_run_disabled_tests"
Directory: C:/DEV/TDD_TV_14/build
"ValidChannels/TunerValidChannelTest.testSetChForValidChannel/"5"" start time: May 19 14:21 ¥Î«—πŒ±π «•¡ÿΩ√
Output:
----------------------------------------------------------
Running main() from C:\DEV\TDD_TV_14\build\_deps\googletest-src\googletest\src\gtest_main.cc
Note: Google Test filter = ValidChannels/TunerValidChannelTest.testSetChForValidChannel/2
[==========] Running 1 test from 1 test suite.
[----------] Global test environment set-up.
[----------] 1 test from ValidChannels/TunerValidChannelTest
[ RUN      ] ValidChannels/TunerValidChannelTest.testSetChForValidChannel/2
[       OK ] ValidChannels/TunerValidChannelTest.testSetChForValidChannel/2 (0 ms)
[----------] 1 test from ValidChannels/TunerValidChannelTest (0 ms total)

[----------] Global test environment tear-down
[==========] 1 test from 1 test suite ran. (0 ms total)
[  PASSED  ] 1 test.
<end of output>
Test time =   0.03 sec
----------------------------------------------------------
Test Passed.
"ValidChannels/TunerValidChannelTest.testSetChForValidChannel/"5"" end time: May 19 14:21 ¥Î«—πŒ±π «•¡ÿΩ√
"ValidChannels/TunerValidChannelTest.testSetChForValidChannel/"5"" time elapsed: 00:00:00
----------------------------------------------------------

7/77 Testing: ValidChannels/TunerValidChannelTest.testSetChForValidChannel/"12"
7/77 Test: ValidChannels/TunerValidChannelTest.testSetChForValidChannel/"12"
Command: "C:/DEV/TDD_TV_14/build/TunerTest.exe" "--gtest_filter=ValidChannels/TunerValidChannelTest.testSetChForValidChannel/3" "--gtest_also_run_disabled_tests"
Directory: C:/DEV/TDD_TV_14/build
"ValidChannels/TunerValidChannelTest.testSetChForValidChannel/"12"" start time: May 19 14:21 ¥Î«—πŒ±π «•¡ÿΩ√
Output:
----------------------------------------------------------
Running main() from C:\DEV\TDD_TV_14\build\_deps\googletest-src\googletest\src\gtest_main.cc
Note: Google Test filter = ValidChannels/TunerValidChannelTest.testSetChForValidChannel/3
[==========] Running 1 test from 1 test suite.
[----------] Global test environment set-up.
[----------] 1 test from ValidChannels/TunerValidChannelTest
[ RUN      ] ValidChannels/TunerValidChannelTest.testSetChForValidChannel/3
[       OK ] ValidChannels/TunerValidChannelTest.testSetChForValidChannel/3 (1 ms)
[----------] 1 test from ValidChannels/TunerValidChannelTest (1 ms total)

[----------] Global test environment tear-down
[==========] 1 test from 1 test suite ran. (1 ms total)
[  PASSED  ] 1 test.
<end of output>
Test time =   0.04 sec
----------------------------------------------------------
Test Passed.
"ValidChannels/TunerValidChannelTest.testSetChForValidChannel/"12"" end time: May 19 14:21 ¥Î«—πŒ±π «•¡ÿΩ√
"ValidChannels/TunerValidChannelTest.testSetChForValidChannel/"12"" time elapsed: 00:00:00
----------------------------------------------------------

8/77 Testing: ValidChannels/TunerValidChannelTest.testSetChForValidChannel/"99"
8/77 Test: ValidChannels/TunerValidChannelTest.testSetChForValidChannel/"99"
Command: "C:/DEV/TDD_TV_14/build/TunerTest.exe" "--gtest_filter=ValidChannels/TunerValidChannelTest.testSetChForValidChannel/4" "--gtest_also_run_disabled_tests"
Directory: C:/DEV/TDD_TV_14/build
"ValidChannels/TunerValidChannelTest.testSetChForValidChannel/"99"" start time: May 19 14:21 ¥Î«—πŒ±π «•¡ÿΩ√
Output:
----------------------------------------------------------
Running main() from C:\DEV\TDD_TV_14\build\_deps\googletest-src\googletest\src\gtest_main.cc
Note: Google Test filter = ValidChannels/TunerValidChannelTest.testSetChForValidChannel/4
[==========] Running 1 test from 1 test suite.
[----------] Global test environment set-up.
[----------] 1 test from ValidChannels/TunerValidChannelTest
[ RUN      ] ValidChannels/TunerValidChannelTest.testSetChForValidChannel/4
[       OK ] ValidChannels/TunerValidChannelTest.testSetChForValidChannel/4 (2 ms)
[----------] 1 test from ValidChannels/TunerValidChannelTest (2 ms total)

[----------] Global test environment tear-down
[==========] 1 test from 1 test suite ran. (2 ms total)
[  PASSED  ] 1 test.
<end of output>
Test time =   0.03 sec
----------------------------------------------------------
Test Passed.
"ValidChannels/TunerValidChannelTest.testSetChForValidChannel/"99"" end time: May 19 14:21 ¥Î«—πŒ±π «•¡ÿΩ√
"ValidChannels/TunerValidChannelTest.testSetChForValidChannel/"99"" time elapsed: 00:00:00
----------------------------------------------------------

9/77 Testing: InvalidChannels/TunerInvalidChannelTest.testSetChForInvalidChannel/"-12"
9/77 Test: InvalidChannels/TunerInvalidChannelTest.testSetChForInvalidChannel/"-12"
Command: "C:/DEV/TDD_TV_14/build/TunerTest.exe" "--gtest_filter=InvalidChannels/TunerInvalidChannelTest.testSetChForInvalidChannel/0" "--gtest_also_run_disabled_tests"
Directory: C:/DEV/TDD_TV_14/build
"InvalidChannels/TunerInvalidChannelTest.testSetChForInvalidChannel/"-12"" start time: May 19 14:21 ¥Î«—πŒ±π «•¡ÿΩ√
Output:
----------------------------------------------------------
Running main() from C:\DEV\TDD_TV_14\build\_deps\googletest-src\googletest\src\gtest_main.cc
Note: Google Test filter = InvalidChannels/TunerInvalidChannelTest.testSetChForInvalidChannel/0
[==========] Running 1 test from 1 test suite.
[----------] Global test environment set-up.
[----------] 1 test from InvalidChannels/TunerInvalidChannelTest
[ RUN      ] InvalidChannels/TunerInvalidChannelTest.testSetChForInvalidChannel/0
[       OK ] InvalidChannels/TunerInvalidChannelTest.testSetChForInvalidChannel/0 (0 ms)
[----------] 1 test from InvalidChannels/TunerInvalidChannelTest (0 ms total)

[----------] Global test environment tear-down
[==========] 1 test from 1 test suite ran. (0 ms total)
[  PASSED  ] 1 test.
<end of output>
Test time =   0.03 sec
----------------------------------------------------------
Test Passed.
"InvalidChannels/TunerInvalidChannelTest.testSetChForInvalidChannel/"-12"" end time: May 19 14:21 ¥Î«—πŒ±π «•¡ÿΩ√
"InvalidChannels/TunerInvalidChannelTest.testSetChForInvalidChannel/"-12"" time elapsed: 00:00:00
----------------------------------------------------------

10/77 Testing: InvalidChannels/TunerInvalidChannelTest.testSetChForInvalidChannel/"-2"
10/77 Test: InvalidChannels/TunerInvalidChannelTest.testSetChForInvalidChannel/"-2"
Command: "C:/DEV/TDD_TV_14/build/TunerTest.exe" "--gtest_filter=InvalidChannels/TunerInvalidChannelTest.testSetChForInvalidChannel/1" "--gtest_also_run_disabled_tests"
Directory: C:/DEV/TDD_TV_14/build
"InvalidChannels/TunerInvalidChannelTest.testSetChForInvalidChannel/"-2"" start time: May 19 14:21 ¥Î«—πŒ±π «•¡ÿΩ√
Output:
----------------------------------------------------------
Running main() from C:\DEV\TDD_TV_14\build\_deps\googletest-src\googletest\src\gtest_main.cc
Note: Google Test filter = InvalidChannels/TunerInvalidChannelTest.testSetChForInvalidChannel/1
[==========] Running 1 test from 1 test suite.
[----------] Global test environment set-up.
[----------] 1 test from InvalidChannels/TunerInvalidChannelTest
[ RUN      ] InvalidChannels/TunerInvalidChannelTest.testSetChForInvalidChannel/1
[       OK ] InvalidChannels/TunerInvalidChannelTest.testSetChForInvalidChannel/1 (0 ms)
[----------] 1 test from InvalidChannels/TunerInvalidChannelTest (0 ms total)

[----------] Global test environment tear-down
[==========] 1 test from 1 test suite ran. (0 ms total)
[  PASSED  ] 1 test.
<end of output>
Test time =   0.03 sec
----------------------------------------------------------
Test Passed.
"InvalidChannels/TunerInvalidChannelTest.testSetChForInvalidChannel/"-2"" end time: May 19 14:21 ¥Î«—πŒ±π «•¡ÿΩ√
"InvalidChannels/TunerInvalidChannelTest.testSetChForInvalidChannel/"-2"" time elapsed: 00:00:00
----------------------------------------------------------

11/77 Testing: InvalidChannels/TunerInvalidChannelTest.testSetChForInvalidChannel/"-0"
11/77 Test: InvalidChannels/TunerInvalidChannelTest.testSetChForInvalidChannel/"-0"
Command: "C:/DEV/TDD_TV_14/build/TunerTest.exe" "--gtest_filter=InvalidChannels/TunerInvalidChannelTest.testSetChForInvalidChannel/2" "--gtest_also_run_disabled_tests"
Directory: C:/DEV/TDD_TV_14/build
"InvalidChannels/TunerInvalidChannelTest.testSetChForInvalidChannel/"-0"" start time: May 19 14:21 ¥Î«—πŒ±π «•¡ÿΩ√
Output:
----------------------------------------------------------
Running main() from C:\DEV\TDD_TV_14\build\_deps\googletest-src\googletest\src\gtest_main.cc
Note: Google Test filter = InvalidChannels/TunerInvalidChannelTest.testSetChForInvalidChannel/2
[==========] Running 1 test from 1 test suite.
[----------] Global test environment set-up.
[----------] 1 test from InvalidChannels/TunerInvalidChannelTest
[ RUN      ] InvalidChannels/TunerInvalidChannelTest.testSetChForInvalidChannel/2
[       OK ] InvalidChannels/TunerInvalidChannelTest.testSetChForInvalidChannel/2 (0 ms)
[----------] 1 test from InvalidChannels/TunerInvalidChannelTest (0 ms total)

[----------] Global test environment tear-down
[==========] 1 test from 1 test suite ran. (0 ms total)
[  PASSED  ] 1 test.
<end of output>
Test time =   0.03 sec
----------------------------------------------------------
Test Passed.
"InvalidChannels/TunerInvalidChannelTest.testSetChForInvalidChannel/"-0"" end time: May 19 14:21 ¥Î«—πŒ±π «•¡ÿΩ√
"InvalidChannels/TunerInvalidChannelTest.testSetChForInvalidChannel/"-0"" time elapsed: 00:00:00
----------------------------------------------------------

12/77 Testing: InvalidChannels/TunerInvalidChannelTest.testSetChForInvalidChannel/"100"
12/77 Test: InvalidChannels/TunerInvalidChannelTest.testSetChForInvalidChannel/"100"
Command: "C:/DEV/TDD_TV_14/build/TunerTest.exe" "--gtest_filter=InvalidChannels/TunerInvalidChannelTest.testSetChForInvalidChannel/3" "--gtest_also_run_disabled_tests"
Directory: C:/DEV/TDD_TV_14/build
"InvalidChannels/TunerInvalidChannelTest.testSetChForInvalidChannel/"100"" start time: May 19 14:21 ¥Î«—πŒ±π «•¡ÿΩ√
Output:
----------------------------------------------------------
Running main() from C:\DEV\TDD_TV_14\build\_deps\googletest-src\googletest\src\gtest_main.cc
Note: Google Test filter = InvalidChannels/TunerInvalidChannelTest.testSetChForInvalidChannel/3
[==========] Running 1 test from 1 test suite.
[----------] Global test environment set-up.
[----------] 1 test from InvalidChannels/TunerInvalidChannelTest
[ RUN      ] InvalidChannels/TunerInvalidChannelTest.testSetChForInvalidChannel/3
[       OK ] InvalidChannels/TunerInvalidChannelTest.testSetChForInvalidChannel/3 (0 ms)
[----------] 1 test from InvalidChannels/TunerInvalidChannelTest (0 ms total)

[----------] Global test environment tear-down
[==========] 1 test from 1 test suite ran. (0 ms total)
[  PASSED  ] 1 test.
<end of output>
Test time =   0.03 sec
----------------------------------------------------------
Test Passed.
"InvalidChannels/TunerInvalidChannelTest.testSetChForInvalidChannel/"100"" end time: May 19 14:21 ¥Î«—πŒ±π «•¡ÿΩ√
"InvalidChannels/TunerInvalidChannelTest.testSetChForInvalidChannel/"100"" time elapsed: 00:00:00
----------------------------------------------------------

13/77 Testing: InvalidChannels/TunerInvalidChannelTest.testSetChForInvalidChannel/"9999"
13/77 Test: InvalidChannels/TunerInvalidChannelTest.testSetChForInvalidChannel/"9999"
Command: "C:/DEV/TDD_TV_14/build/TunerTest.exe" "--gtest_filter=InvalidChannels/TunerInvalidChannelTest.testSetChForInvalidChannel/4" "--gtest_also_run_disabled_tests"
Directory: C:/DEV/TDD_TV_14/build
"InvalidChannels/TunerInvalidChannelTest.testSetChForInvalidChannel/"9999"" start time: May 19 14:21 ¥Î«—πŒ±π «•¡ÿΩ√
Output:
----------------------------------------------------------
Running main() from C:\DEV\TDD_TV_14\build\_deps\googletest-src\googletest\src\gtest_main.cc
Note: Google Test filter = InvalidChannels/TunerInvalidChannelTest.testSetChForInvalidChannel/4
[==========] Running 1 test from 1 test suite.
[----------] Global test environment set-up.
[----------] 1 test from InvalidChannels/TunerInvalidChannelTest
[ RUN      ] InvalidChannels/TunerInvalidChannelTest.testSetChForInvalidChannel/4
[       OK ] InvalidChannels/TunerInvalidChannelTest.testSetChForInvalidChannel/4 (0 ms)
[----------] 1 test from InvalidChannels/TunerInvalidChannelTest (0 ms total)

[----------] Global test environment tear-down
[==========] 1 test from 1 test suite ran. (0 ms total)
[  PASSED  ] 1 test.
<end of output>
Test time =   0.03 sec
----------------------------------------------------------
Test Passed.
"InvalidChannels/TunerInvalidChannelTest.testSetChForInvalidChannel/"9999"" end time: May 19 14:21 ¥Î«—πŒ±π «•¡ÿΩ√
"InvalidChannels/TunerInvalidChannelTest.testSetChForInvalidChannel/"9999"" time elapsed: 00:00:00
----------------------------------------------------------

14/77 Testing: TVControllerTest.should_set_channel_1_when_digit_1_and_ok
14/77 Test: TVControllerTest.should_set_channel_1_when_digit_1_and_ok
Command: "C:/DEV/TDD_TV_14/build/TVControllerTest.exe" "--gtest_filter=TVControllerTest.should_set_channel_1_when_digit_1_and_ok" "--gtest_also_run_disabled_tests"
Directory: C:/DEV/TDD_TV_14/build
"TVControllerTest.should_set_channel_1_when_digit_1_and_ok" start time: May 19 14:21 ¥Î«—πŒ±π «•¡ÿΩ√
Output:
----------------------------------------------------------
Running main() from C:\DEV\TDD_TV_14\build\_deps\googletest-src\googletest\src\gtest_main.cc
Note: Google Test filter = TVControllerTest.should_set_channel_1_when_digit_1_and_ok
[==========] Running 1 test from 1 test suite.
[----------] Global test environment set-up.
[----------] 1 test from TVControllerTest
[ RUN      ] TVControllerTest.should_set_channel_1_when_digit_1_and_ok
ÌòÑÏû¨ ÏÑ§Ï†ïÌïòÎäî Ï±ÑÎÑê : 1
[       OK ] TVControllerTest.should_set_channel_1_when_digit_1_and_ok (0 ms)
[----------] 1 test from TVControllerTest (0 ms total)

[----------] Global test environment tear-down
[==========] 1 test from 1 test suite ran. (0 ms total)
[  PASSED  ] 1 test.
<end of output>
Test time =   0.04 sec
----------------------------------------------------------
Test Passed.
"TVControllerTest.should_set_channel_1_when_digit_1_and_ok" end time: May 19 14:21 ¥Î«—πŒ±π «•¡ÿΩ√
"TVControllerTest.should_set_channel_1_when_digit_1_and_ok" time elapsed: 00:00:00
----------------------------------------------------------

15/77 Testing: TVControllerTest.should_set_channel_12_when_digits_1_and_2
15/77 Test: TVControllerTest.should_set_channel_12_when_digits_1_and_2
Command: "C:/DEV/TDD_TV_14/build/TVControllerTest.exe" "--gtest_filter=TVControllerTest.should_set_channel_12_when_digits_1_and_2" "--gtest_also_run_disabled_tests"
Directory: C:/DEV/TDD_TV_14/build
"TVControllerTest.should_set_channel_12_when_digits_1_and_2" start time: May 19 14:21 ¥Î«—πŒ±π «•¡ÿΩ√
Output:
----------------------------------------------------------
Running main() from C:\DEV\TDD_TV_14\build\_deps\googletest-src\googletest\src\gtest_main.cc
Note: Google Test filter = TVControllerTest.should_set_channel_12_when_digits_1_and_2
[==========] Running 1 test from 1 test suite.
[----------] Global test environment set-up.
[----------] 1 test from TVControllerTest
[ RUN      ] TVControllerTest.should_set_channel_12_when_digits_1_and_2
ÌòÑÏû¨ ÏÑ§Ï†ïÌïòÎäî Ï±ÑÎÑê : 12
[       OK ] TVControllerTest.should_set_channel_12_when_digits_1_and_2 (0 ms)
[----------] 1 test from TVControllerTest (0 ms total)

[----------] Global test environment tear-down
[==========] 1 test from 1 test suite ran. (0 ms total)
[  PASSED  ] 1 test.
<end of output>
Test time =   0.03 sec
----------------------------------------------------------
Test Passed.
"TVControllerTest.should_set_channel_12_when_digits_1_and_2" end time: May 19 14:21 ¥Î«—πŒ±π «•¡ÿΩ√
"TVControllerTest.should_set_channel_12_when_digits_1_and_2" time elapsed: 00:00:00
----------------------------------------------------------

16/77 Testing: TVControllerTest.should_set_channels_12_then_34_when_four_digits
16/77 Test: TVControllerTest.should_set_channels_12_then_34_when_four_digits
Command: "C:/DEV/TDD_TV_14/build/TVControllerTest.exe" "--gtest_filter=TVControllerTest.should_set_channels_12_then_34_when_four_digits" "--gtest_also_run_disabled_tests"
Directory: C:/DEV/TDD_TV_14/build
"TVControllerTest.should_set_channels_12_then_34_when_four_digits" start time: May 19 14:21 ¥Î«—πŒ±π «•¡ÿΩ√
Output:
----------------------------------------------------------
Running main() from C:\DEV\TDD_TV_14\build\_deps\googletest-src\googletest\src\gtest_main.cc
Note: Google Test filter = TVControllerTest.should_set_channels_12_then_34_when_four_digits
[==========] Running 1 test from 1 test suite.
[----------] Global test environment set-up.
[----------] 1 test from TVControllerTest
[ RUN      ] TVControllerTest.should_set_channels_12_then_34_when_four_digits
ÌòÑÏû¨ ÏÑ§Ï†ïÌïòÎäî Ï±ÑÎÑê : 12
ÌòÑÏû¨ ÏÑ§Ï†ïÌïòÎäî Ï±ÑÎÑê : 34
[       OK ] TVControllerTest.should_set_channels_12_then_34_when_four_digits (0 ms)
[----------] 1 test from TVControllerTest (0 ms total)

[----------] Global test environment tear-down
[==========] 1 test from 1 test suite ran. (0 ms total)
[  PASSED  ] 1 test.
<end of output>
Test time =   0.03 sec
----------------------------------------------------------
Test Passed.
"TVControllerTest.should_set_channels_12_then_34_when_four_digits" end time: May 19 14:21 ¥Î«—πŒ±π «•¡ÿΩ√
"TVControllerTest.should_set_channels_12_then_34_when_four_digits" time elapsed: 00:00:00
----------------------------------------------------------

17/77 Testing: TVControllerTest.should_set_channels_45_then_6_when_digits_4_5_6_and_ok
17/77 Test: TVControllerTest.should_set_channels_45_then_6_when_digits_4_5_6_and_ok
Command: "C:/DEV/TDD_TV_14/build/TVControllerTest.exe" "--gtest_filter=TVControllerTest.should_set_channels_45_then_6_when_digits_4_5_6_and_ok" "--gtest_also_run_disabled_tests"
Directory: C:/DEV/TDD_TV_14/build
"TVControllerTest.should_set_channels_45_then_6_when_digits_4_5_6_and_ok" start time: May 19 14:21 ¥Î«—πŒ±π «•¡ÿΩ√
Output:
----------------------------------------------------------
Running main() from C:\DEV\TDD_TV_14\build\_deps\googletest-src\googletest\src\gtest_main.cc
Note: Google Test filter = TVControllerTest.should_set_channels_45_then_6_when_digits_4_5_6_and_ok
[==========] Running 1 test from 1 test suite.
[----------] Global test environment set-up.
[----------] 1 test from TVControllerTest
[ RUN      ] TVControllerTest.should_set_channels_45_then_6_when_digits_4_5_6_and_ok
ÌòÑÏû¨ ÏÑ§Ï†ïÌïòÎäî Ï±ÑÎÑê : 45
ÌòÑÏû¨ ÏÑ§Ï†ïÌïòÎäî Ï±ÑÎÑê : 6
[       OK ] TVControllerTest.should_set_channels_45_then_6_when_digits_4_5_6_and_ok (0 ms)
[----------] 1 test from TVControllerTest (0 ms total)

[----------] Global test environment tear-down
[==========] 1 test from 1 test suite ran. (0 ms total)
[  PASSED  ] 1 test.
<end of output>
Test time =   0.04 sec
----------------------------------------------------------
Test Passed.
"TVControllerTest.should_set_channels_45_then_6_when_digits_4_5_6_and_ok" end time: May 19 14:21 ¥Î«—πŒ±π «•¡ÿΩ√
"TVControllerTest.should_set_channels_45_then_6_when_digits_4_5_6_and_ok" time elapsed: 00:00:00
----------------------------------------------------------

18/77 Testing: TVControllerTest.should_set_channel_7_when_digits_0_and_7
18/77 Test: TVControllerTest.should_set_channel_7_when_digits_0_and_7
Command: "C:/DEV/TDD_TV_14/build/TVControllerTest.exe" "--gtest_filter=TVControllerTest.should_set_channel_7_when_digits_0_and_7" "--gtest_also_run_disabled_tests"
Directory: C:/DEV/TDD_TV_14/build
"TVControllerTest.should_set_channel_7_when_digits_0_and_7" start time: May 19 14:21 ¥Î«—πŒ±π «•¡ÿΩ√
Output:
----------------------------------------------------------
Running main() from C:\DEV\TDD_TV_14\build\_deps\googletest-src\googletest\src\gtest_main.cc
Note: Google Test filter = TVControllerTest.should_set_channel_7_when_digits_0_and_7
[==========] Running 1 test from 1 test suite.
[----------] Global test environment set-up.
[----------] 1 test from TVControllerTest
[ RUN      ] TVControllerTest.should_set_channel_7_when_digits_0_and_7
ÌòÑÏû¨ ÏÑ§Ï†ïÌïòÎäî Ï±ÑÎÑê : 7
[       OK ] TVControllerTest.should_set_channel_7_when_digits_0_and_7 (0 ms)
[----------] 1 test from TVControllerTest (0 ms total)

[----------] Global test environment tear-down
[==========] 1 test from 1 test suite ran. (0 ms total)
[  PASSED  ] 1 test.
<end of output>
Test time =   0.04 sec
----------------------------------------------------------
Test Passed.
"TVControllerTest.should_set_channel_7_when_digits_0_and_7" end time: May 19 14:21 ¥Î«—πŒ±π «•¡ÿΩ√
"TVControllerTest.should_set_channel_7_when_digits_0_and_7" time elapsed: 00:00:00
----------------------------------------------------------

19/77 Testing: TVControllerTest.should_set_channel_99_when_digits_9_and_9
19/77 Test: TVControllerTest.should_set_channel_99_when_digits_9_and_9
Command: "C:/DEV/TDD_TV_14/build/TVControllerTest.exe" "--gtest_filter=TVControllerTest.should_set_channel_99_when_digits_9_and_9" "--gtest_also_run_disabled_tests"
Directory: C:/DEV/TDD_TV_14/build
"TVControllerTest.should_set_channel_99_when_digits_9_and_9" start time: May 19 14:21 ¥Î«—πŒ±π «•¡ÿΩ√
Output:
----------------------------------------------------------
Running main() from C:\DEV\TDD_TV_14\build\_deps\googletest-src\googletest\src\gtest_main.cc
Note: Google Test filter = TVControllerTest.should_set_channel_99_when_digits_9_and_9
[==========] Running 1 test from 1 test suite.
[----------] Global test environment set-up.
[----------] 1 test from TVControllerTest
[ RUN      ] TVControllerTest.should_set_channel_99_when_digits_9_and_9
ÌòÑÏû¨ ÏÑ§Ï†ïÌïòÎäî Ï±ÑÎÑê : 99
[       OK ] TVControllerTest.should_set_channel_99_when_digits_9_and_9 (0 ms)
[----------] 1 test from TVControllerTest (0 ms total)

[----------] Global test environment tear-down
[==========] 1 test from 1 test suite ran. (0 ms total)
[  PASSED  ] 1 test.
<end of output>
Test time =   0.03 sec
----------------------------------------------------------
Test Passed.
"TVControllerTest.should_set_channel_99_when_digits_9_and_9" end time: May 19 14:21 ¥Î«—πŒ±π «•¡ÿΩ√
"TVControllerTest.should_set_channel_99_when_digits_9_and_9" time elapsed: 00:00:00
----------------------------------------------------------

20/77 Testing: TVControllerTest.should_confirm_45_only_when_key_up_after_digits_4_5_6
20/77 Test: TVControllerTest.should_confirm_45_only_when_key_up_after_digits_4_5_6
Command: "C:/DEV/TDD_TV_14/build/TVControllerTest.exe" "--gtest_filter=TVControllerTest.should_confirm_45_only_when_key_up_after_digits_4_5_6" "--gtest_also_run_disabled_tests"
Directory: C:/DEV/TDD_TV_14/build
"TVControllerTest.should_confirm_45_only_when_key_up_after_digits_4_5_6" start time: May 19 14:21 ¥Î«—πŒ±π «•¡ÿΩ√
Output:
----------------------------------------------------------
Running main() from C:\DEV\TDD_TV_14\build\_deps\googletest-src\googletest\src\gtest_main.cc
Note: Google Test filter = TVControllerTest.should_confirm_45_only_when_key_up_after_digits_4_5_6
[==========] Running 1 test from 1 test suite.
[----------] Global test environment set-up.
[----------] 1 test from TVControllerTest
[ RUN      ] TVControllerTest.should_confirm_45_only_when_key_up_after_digits_4_5_6
ÌòÑÏû¨ ÏÑ§Ï†ïÌïòÎäî Ï±ÑÎÑê : 45

GMOCK WARNING:
Uninteresting mock function call - taking default action specified at:
C:\DEV\TDD_TV_14\test\TVControllerTest.cpp:24:
    Function call: getCurrentCH()
          Returns: "6"
NOTE: You can safely ignore the above warning unless this call should not happen.  Do not suppress it by blindly adding an EXPECT_CALL() if you don't mean to enforce the call.  See https://github.com/google/googletest/blob/main/docs/gmock_cook_book.md#knowing-when-to-expect-useoncall for details.
ÌòÑÏû¨ ÏÑ§Ï†ïÌïòÎäî Ï±ÑÎÑê : 7
[       OK ] TVControllerTest.should_confirm_45_only_when_key_up_after_digits_4_5_6 (0 ms)
[----------] 1 test from TVControllerTest (0 ms total)

[----------] Global test environment tear-down
[==========] 1 test from 1 test suite ran. (0 ms total)
[  PASSED  ] 1 test.
<end of output>
Test time =   0.03 sec
----------------------------------------------------------
Test Passed.
"TVControllerTest.should_confirm_45_only_when_key_up_after_digits_4_5_6" end time: May 19 14:21 ¥Î«—πŒ±π «•¡ÿΩ√
"TVControllerTest.should_confirm_45_only_when_key_up_after_digits_4_5_6" time elapsed: 00:00:00
----------------------------------------------------------

21/77 Testing: TVControllerTest.should_add_favorite_when_current_channel_not_in_list
21/77 Test: TVControllerTest.should_add_favorite_when_current_channel_not_in_list
Command: "C:/DEV/TDD_TV_14/build/TVControllerTest.exe" "--gtest_filter=TVControllerTest.should_add_favorite_when_current_channel_not_in_list" "--gtest_also_run_disabled_tests"
Directory: C:/DEV/TDD_TV_14/build
"TVControllerTest.should_add_favorite_when_current_channel_not_in_list" start time: May 19 14:21 ¥Î«—πŒ±π «•¡ÿΩ√
Output:
----------------------------------------------------------
Running main() from C:\DEV\TDD_TV_14\build\_deps\googletest-src\googletest\src\gtest_main.cc
Note: Google Test filter = TVControllerTest.should_add_favorite_when_current_channel_not_in_list
[==========] Running 1 test from 1 test suite.
[----------] Global test environment set-up.
[----------] 1 test from TVControllerTest
[ RUN      ] TVControllerTest.should_add_favorite_when_current_channel_not_in_list
ÌòÑÏû¨ ÏÑ§Ï†ïÌïòÎäî Ï±ÑÎÑê : 10
[       OK ] TVControllerTest.should_add_favorite_when_current_channel_not_in_list (0 ms)
[----------] 1 test from TVControllerTest (0 ms total)

[----------] Global test environment tear-down
[==========] 1 test from 1 test suite ran. (0 ms total)
[  PASSED  ] 1 test.
<end of output>
Test time =   0.03 sec
----------------------------------------------------------
Test Passed.
"TVControllerTest.should_add_favorite_when_current_channel_not_in_list" end time: May 19 14:21 ¥Î«—πŒ±π «•¡ÿΩ√
"TVControllerTest.should_add_favorite_when_current_channel_not_in_list" time elapsed: 00:00:00
----------------------------------------------------------

22/77 Testing: TVControllerTest.should_remove_favorite_when_current_channel_already_in_list
22/77 Test: TVControllerTest.should_remove_favorite_when_current_channel_already_in_list
Command: "C:/DEV/TDD_TV_14/build/TVControllerTest.exe" "--gtest_filter=TVControllerTest.should_remove_favorite_when_current_channel_already_in_list" "--gtest_also_run_disabled_tests"
Directory: C:/DEV/TDD_TV_14/build
"TVControllerTest.should_remove_favorite_when_current_channel_already_in_list" start time: May 19 14:21 ¥Î«—πŒ±π «•¡ÿΩ√
Output:
----------------------------------------------------------
Running main() from C:\DEV\TDD_TV_14\build\_deps\googletest-src\googletest\src\gtest_main.cc
Note: Google Test filter = TVControllerTest.should_remove_favorite_when_current_channel_already_in_list
[==========] Running 1 test from 1 test suite.
[----------] Global test environment set-up.
[----------] 1 test from TVControllerTest
[ RUN      ] TVControllerTest.should_remove_favorite_when_current_channel_already_in_list
ÌòÑÏû¨ ÏÑ§Ï†ïÌïòÎäî Ï±ÑÎÑê : 10
[       OK ] TVControllerTest.should_remove_favorite_when_current_channel_already_in_list (0 ms)
[----------] 1 test from TVControllerTest (0 ms total)

[----------] Global test environment tear-down
[==========] 1 test from 1 test suite ran. (0 ms total)
[  PASSED  ] 1 test.
<end of output>
Test time =   0.03 sec
----------------------------------------------------------
Test Passed.
"TVControllerTest.should_remove_favorite_when_current_channel_already_in_list" end time: May 19 14:21 ¥Î«—πŒ±π «•¡ÿΩ√
"TVControllerTest.should_remove_favorite_when_current_channel_already_in_list" time elapsed: 00:00:00
----------------------------------------------------------

23/77 Testing: TVControllerTest.should_toggle_favorite_at_channel_0
23/77 Test: TVControllerTest.should_toggle_favorite_at_channel_0
Command: "C:/DEV/TDD_TV_14/build/TVControllerTest.exe" "--gtest_filter=TVControllerTest.should_toggle_favorite_at_channel_0" "--gtest_also_run_disabled_tests"
Directory: C:/DEV/TDD_TV_14/build
"TVControllerTest.should_toggle_favorite_at_channel_0" start time: May 19 14:21 ¥Î«—πŒ±π «•¡ÿΩ√
Output:
----------------------------------------------------------
Running main() from C:\DEV\TDD_TV_14\build\_deps\googletest-src\googletest\src\gtest_main.cc
Note: Google Test filter = TVControllerTest.should_toggle_favorite_at_channel_0
[==========] Running 1 test from 1 test suite.
[----------] Global test environment set-up.
[----------] 1 test from TVControllerTest
[ RUN      ] TVControllerTest.should_toggle_favorite_at_channel_0

GMOCK WARNING:
Uninteresting mock function call - taking default action specified at:
C:\DEV\TDD_TV_14\test\TVControllerTest.cpp:24:
    Function call: getCurrentCH()
          Returns: "0"
NOTE: You can safely ignore the above warning unless this call should not happen.  Do not suppress it by blindly adding an EXPECT_CALL() if you don't mean to enforce the call.  See https://github.com/google/googletest/blob/main/docs/gmock_cook_book.md#knowing-when-to-expect-useoncall for details.

GMOCK WARNING:
Uninteresting mock function call - taking default action specified at:
C:\DEV\TDD_TV_14\test\TVControllerTest.cpp:24:
    Function call: getCurrentCH()
          Returns: "99"
NOTE: You can safely ignore the above warning unless this call should not happen.  Do not suppress it by blindly adding an EXPECT_CALL() if you don't mean to enforce the call.  See https://github.com/google/googletest/blob/main/docs/gmock_cook_book.md#knowing-when-to-expect-useoncall for details.
ÌòÑÏû¨ ÏÑ§Ï†ïÌïòÎäî Ï±ÑÎÑê : 0
[       OK ] TVControllerTest.should_toggle_favorite_at_channel_0 (0 ms)
[----------] 1 test from TVControllerTest (0 ms total)

[----------] Global test environment tear-down
[==========] 1 test from 1 test suite ran. (0 ms total)
[  PASSED  ] 1 test.
<end of output>
Test time =   0.03 sec
----------------------------------------------------------
Test Passed.
"TVControllerTest.should_toggle_favorite_at_channel_0" end time: May 19 14:21 ¥Î«—πŒ±π «•¡ÿΩ√
"TVControllerTest.should_toggle_favorite_at_channel_0" time elapsed: 00:00:00
----------------------------------------------------------

24/77 Testing: TVControllerTest.should_toggle_favorite_at_channel_99
24/77 Test: TVControllerTest.should_toggle_favorite_at_channel_99
Command: "C:/DEV/TDD_TV_14/build/TVControllerTest.exe" "--gtest_filter=TVControllerTest.should_toggle_favorite_at_channel_99" "--gtest_also_run_disabled_tests"
Directory: C:/DEV/TDD_TV_14/build
"TVControllerTest.should_toggle_favorite_at_channel_99" start time: May 19 14:21 ¥Î«—πŒ±π «•¡ÿΩ√
Output:
----------------------------------------------------------
Running main() from C:\DEV\TDD_TV_14\build\_deps\googletest-src\googletest\src\gtest_main.cc
Note: Google Test filter = TVControllerTest.should_toggle_favorite_at_channel_99
[==========] Running 1 test from 1 test suite.
[----------] Global test environment set-up.
[----------] 1 test from TVControllerTest
[ RUN      ] TVControllerTest.should_toggle_favorite_at_channel_99

GMOCK WARNING:
Uninteresting mock function call - taking default action specified at:
C:\DEV\TDD_TV_14\test\TVControllerTest.cpp:24:
    Function call: getCurrentCH()
          Returns: "99"
NOTE: You can safely ignore the above warning unless this call should not happen.  Do not suppress it by blindly adding an EXPECT_CALL() if you don't mean to enforce the call.  See https://github.com/google/googletest/blob/main/docs/gmock_cook_book.md#knowing-when-to-expect-useoncall for details.

GMOCK WARNING:
Uninteresting mock function call - taking default action specified at:
C:\DEV\TDD_TV_14\test\TVControllerTest.cpp:24:
    Function call: getCurrentCH()
          Returns: "0"
NOTE: You can safely ignore the above warning unless this call should not happen.  Do not suppress it by blindly adding an EXPECT_CALL() if you don't mean to enforce the call.  See https://github.com/google/googletest/blob/main/docs/gmock_cook_book.md#knowing-when-to-expect-useoncall for details.
ÌòÑÏû¨ ÏÑ§Ï†ïÌïòÎäî Ï±ÑÎÑê : 99
[       OK ] TVControllerTest.should_toggle_favorite_at_channel_99 (0 ms)
[----------] 1 test from TVControllerTest (0 ms total)

[----------] Global test environment tear-down
[==========] 1 test from 1 test suite ran. (0 ms total)
[  PASSED  ] 1 test.
<end of output>
Test time =   0.03 sec
----------------------------------------------------------
Test Passed.
"TVControllerTest.should_toggle_favorite_at_channel_99" end time: May 19 14:21 ¥Î«—πŒ±π «•¡ÿΩ√
"TVControllerTest.should_toggle_favorite_at_channel_99" time elapsed: 00:00:00
----------------------------------------------------------

25/77 Testing: TVControllerTest.should_keep_other_favorites_when_removing_one
25/77 Test: TVControllerTest.should_keep_other_favorites_when_removing_one
Command: "C:/DEV/TDD_TV_14/build/TVControllerTest.exe" "--gtest_filter=TVControllerTest.should_keep_other_favorites_when_removing_one" "--gtest_also_run_disabled_tests"
Directory: C:/DEV/TDD_TV_14/build
"TVControllerTest.should_keep_other_favorites_when_removing_one" start time: May 19 14:21 ¥Î«—πŒ±π «•¡ÿΩ√
Output:
----------------------------------------------------------
Running main() from C:\DEV\TDD_TV_14\build\_deps\googletest-src\googletest\src\gtest_main.cc
Note: Google Test filter = TVControllerTest.should_keep_other_favorites_when_removing_one
[==========] Running 1 test from 1 test suite.
[----------] Global test environment set-up.
[----------] 1 test from TVControllerTest
[ RUN      ] TVControllerTest.should_keep_other_favorites_when_removing_one

GMOCK WARNING:
Uninteresting mock function call - taking default action specified at:
C:\DEV\TDD_TV_14\test\TVControllerTest.cpp:24:
    Function call: getCurrentCH()
          Returns: "4"
NOTE: You can safely ignore the above warning unless this call should not happen.  Do not suppress it by blindly adding an EXPECT_CALL() if you don't mean to enforce the call.  See https://github.com/google/googletest/blob/main/docs/gmock_cook_book.md#knowing-when-to-expect-useoncall for details.

GMOCK WARNING:
Uninteresting mock function call - taking default action specified at:
C:\DEV\TDD_TV_14\test\TVControllerTest.cpp:24:
    Function call: getCurrentCH()
          Returns: "12"
NOTE: You can safely ignore the above warning unless this call should not happen.  Do not suppress it by blindly adding an EXPECT_CALL() if you don't mean to enforce the call.  See https://github.com/google/googletest/blob/main/docs/gmock_cook_book.md#knowing-when-to-expect-useoncall for details.

GMOCK WARNING:
Uninteresting mock function call - taking default action specified at:
C:\DEV\TDD_TV_14\test\TVControllerTest.cpp:24:
    Function call: getCurrentCH()
          Returns: "12"
NOTE: You can safely ignore the above warning unless this call should not happen.  Do not suppress it by blindly adding an EXPECT_CALL() if you don't mean to enforce the call.  See https://github.com/google/googletest/blob/main/docs/gmock_cook_book.md#knowing-when-to-expect-useoncall for details.

GMOCK WARNING:
Uninteresting mock function call - taking default action specified at:
C:\DEV\TDD_TV_14\test\TVControllerTest.cpp:24:
    Function call: getCurrentCH()
          Returns: "6"
NOTE: You can safely ignore the above warning unless this call should not happen.  Do not suppress it by blindly adding an EXPECT_CALL() if you don't mean to enforce the call.  See https://github.com/google/googletest/blob/main/docs/gmock_cook_book.md#knowing-when-to-expect-useoncall for details.
ÌòÑÏû¨ ÏÑ§Ï†ïÌïòÎäî Ï±ÑÎÑê : 4
[       OK ] TVControllerTest.should_keep_other_favorites_when_removing_one (2 ms)
[----------] 1 test from TVControllerTest (2 ms total)

[----------] Global test environment tear-down
[==========] 1 test from 1 test suite ran. (2 ms total)
[  PASSED  ] 1 test.
<end of output>
Test time =   0.03 sec
----------------------------------------------------------
Test Passed.
"TVControllerTest.should_keep_other_favorites_when_removing_one" end time: May 19 14:21 ¥Î«—πŒ±π «•¡ÿΩ√
"TVControllerTest.should_keep_other_favorites_when_removing_one" time elapsed: 00:00:00
----------------------------------------------------------

26/77 Testing: TVControllerTest.should_go_to_12_when_on_6_with_favorites_1_4_12_56
26/77 Test: TVControllerTest.should_go_to_12_when_on_6_with_favorites_1_4_12_56
Command: "C:/DEV/TDD_TV_14/build/TVControllerTest.exe" "--gtest_filter=TVControllerTest.should_go_to_12_when_on_6_with_favorites_1_4_12_56" "--gtest_also_run_disabled_tests"
Directory: C:/DEV/TDD_TV_14/build
"TVControllerTest.should_go_to_12_when_on_6_with_favorites_1_4_12_56" start time: May 19 14:21 ¥Î«—πŒ±π «•¡ÿΩ√
Output:
----------------------------------------------------------
Running main() from C:\DEV\TDD_TV_14\build\_deps\googletest-src\googletest\src\gtest_main.cc
Note: Google Test filter = TVControllerTest.should_go_to_12_when_on_6_with_favorites_1_4_12_56
[==========] Running 1 test from 1 test suite.
[----------] Global test environment set-up.
[----------] 1 test from TVControllerTest
[ RUN      ] TVControllerTest.should_go_to_12_when_on_6_with_favorites_1_4_12_56

GMOCK WARNING:
Uninteresting mock function call - taking default action specified at:
C:\DEV\TDD_TV_14\test\TVControllerTest.cpp:24:
    Function call: getCurrentCH()
          Returns: "1"
NOTE: You can safely ignore the above warning unless this call should not happen.  Do not suppress it by blindly adding an EXPECT_CALL() if you don't mean to enforce the call.  See https://github.com/google/googletest/blob/main/docs/gmock_cook_book.md#knowing-when-to-expect-useoncall for details.

GMOCK WARNING:
Uninteresting mock function call - taking default action specified at:
C:\DEV\TDD_TV_14\test\TVControllerTest.cpp:24:
    Function call: getCurrentCH()
          Returns: "4"
NOTE: You can safely ignore the above warning unless this call should not happen.  Do not suppress it by blindly adding an EXPECT_CALL() if you don't mean to enforce the call.  See https://github.com/google/googletest/blob/main/docs/gmock_cook_book.md#knowing-when-to-expect-useoncall for details.

GMOCK WARNING:
Uninteresting mock function call - taking default action specified at:
C:\DEV\TDD_TV_14\test\TVControllerTest.cpp:24:
    Function call: getCurrentCH()
          Returns: "12"
NOTE: You can safely ignore the above warning unless this call should not happen.  Do not suppress it by blindly adding an EXPECT_CALL() if you don't mean to enforce the call.  See https://github.com/google/googletest/blob/main/docs/gmock_cook_book.md#knowing-when-to-expect-useoncall for details.

GMOCK WARNING:
Uninteresting mock function call - taking default action specified at:
C:\DEV\TDD_TV_14\test\TVControllerTest.cpp:24:
    Function call: getCurrentCH()
          Returns: "56"
NOTE: You can safely ignore the above warning unless this call should not happen.  Do not suppress it by blindly adding an EXPECT_CALL() if you don't mean to enforce the call.  See https://github.com/google/googletest/blob/main/docs/gmock_cook_book.md#knowing-when-to-expect-useoncall for details.

GMOCK WARNING:
Uninteresting mock function call - taking default action specified at:
C:\DEV\TDD_TV_14\test\TVControllerTest.cpp:24:
    Function call: getCurrentCH()
          Returns: "6"
NOTE: You can safely ignore the above warning unless this call should not happen.  Do not suppress it by blindly adding an EXPECT_CALL() if you don't mean to enforce the call.  See https://github.com/google/googletest/blob/main/docs/gmock_cook_book.md#knowing-when-to-expect-useoncall for details.

GMOCK WARNING:
Uninteresting mock function call - taking default action specified at:
C:\DEV\TDD_TV_14\test\TVControllerTest.cpp:24:
    Function call: getCurrentCH()
          Returns: "6"
NOTE: You can safely ignore the above warning unless this call should not happen.  Do not suppress it by blindly adding an EXPECT_CALL() if you don't mean to enforce the call.  See https://github.com/google/googletest/blob/main/docs/gmock_cook_book.md#knowing-when-to-expect-useoncall for details.
ÌòÑÏû¨ ÏÑ§Ï†ïÌïòÎäî Ï±ÑÎÑê : 12
[       OK ] TVControllerTest.should_go_to_12_when_on_6_with_favorites_1_4_12_56 (1 ms)
[----------] 1 test from TVControllerTest (1 ms total)

[----------] Global test environment tear-down
[==========] 1 test from 1 test suite ran. (1 ms total)
[  PASSED  ] 1 test.
<end of output>
Test time =   0.03 sec
----------------------------------------------------------
Test Passed.
"TVControllerTest.should_go_to_12_when_on_6_with_favorites_1_4_12_56" end time: May 19 14:21 ¥Î«—πŒ±π «•¡ÿΩ√
"TVControllerTest.should_go_to_12_when_on_6_with_favorites_1_4_12_56" time elapsed: 00:00:00
----------------------------------------------------------

27/77 Testing: TVControllerTest.should_wrap_to_1_when_on_56_with_favorites_1_4_12_56
27/77 Test: TVControllerTest.should_wrap_to_1_when_on_56_with_favorites_1_4_12_56
Command: "C:/DEV/TDD_TV_14/build/TVControllerTest.exe" "--gtest_filter=TVControllerTest.should_wrap_to_1_when_on_56_with_favorites_1_4_12_56" "--gtest_also_run_disabled_tests"
Directory: C:/DEV/TDD_TV_14/build
"TVControllerTest.should_wrap_to_1_when_on_56_with_favorites_1_4_12_56" start time: May 19 14:21 ¥Î«—πŒ±π «•¡ÿΩ√
Output:
----------------------------------------------------------
Running main() from C:\DEV\TDD_TV_14\build\_deps\googletest-src\googletest\src\gtest_main.cc
Note: Google Test filter = TVControllerTest.should_wrap_to_1_when_on_56_with_favorites_1_4_12_56
[==========] Running 1 test from 1 test suite.
[----------] Global test environment set-up.
[----------] 1 test from TVControllerTest
[ RUN      ] TVControllerTest.should_wrap_to_1_when_on_56_with_favorites_1_4_12_56

GMOCK WARNING:
Uninteresting mock function call - taking default action specified at:
C:\DEV\TDD_TV_14\test\TVControllerTest.cpp:24:
    Function call: getCurrentCH()
          Returns: "1"
NOTE: You can safely ignore the above warning unless this call should not happen.  Do not suppress it by blindly adding an EXPECT_CALL() if you don't mean to enforce the call.  See https://github.com/google/googletest/blob/main/docs/gmock_cook_book.md#knowing-when-to-expect-useoncall for details.

GMOCK WARNING:
Uninteresting mock function call - taking default action specified at:
C:\DEV\TDD_TV_14\test\TVControllerTest.cpp:24:
    Function call: getCurrentCH()
          Returns: "4"
NOTE: You can safely ignore the above warning unless this call should not happen.  Do not suppress it by blindly adding an EXPECT_CALL() if you don't mean to enforce the call.  See https://github.com/google/googletest/blob/main/docs/gmock_cook_book.md#knowing-when-to-expect-useoncall for details.

GMOCK WARNING:
Uninteresting mock function call - taking default action specified at:
C:\DEV\TDD_TV_14\test\TVControllerTest.cpp:24:
    Function call: getCurrentCH()
          Returns: "12"
NOTE: You can safely ignore the above warning unless this call should not happen.  Do not suppress it by blindly adding an EXPECT_CALL() if you don't mean to enforce the call.  See https://github.com/google/googletest/blob/main/docs/gmock_cook_book.md#knowing-when-to-expect-useoncall for details.

GMOCK WARNING:
Uninteresting mock function call - taking default action specified at:
C:\DEV\TDD_TV_14\test\TVControllerTest.cpp:24:
    Function call: getCurrentCH()
          Returns: "56"
NOTE: You can safely ignore the above warning unless this call should not happen.  Do not suppress it by blindly adding an EXPECT_CALL() if you don't mean to enforce the call.  See https://github.com/google/googletest/blob/main/docs/gmock_cook_book.md#knowing-when-to-expect-useoncall for details.

GMOCK WARNING:
Uninteresting mock function call - taking default action specified at:
C:\DEV\TDD_TV_14\test\TVControllerTest.cpp:24:
    Function call: getCurrentCH()
          Returns: "56"
NOTE: You can safely ignore the above warning unless this call should not happen.  Do not suppress it by blindly adding an EXPECT_CALL() if you don't mean to enforce the call.  See https://github.com/google/googletest/blob/main/docs/gmock_cook_book.md#knowing-when-to-expect-useoncall for details.
ÌòÑÏû¨ ÏÑ§Ï†ïÌïòÎäî Ï±ÑÎÑê : 1
[       OK ] TVControllerTest.should_wrap_to_1_when_on_56_with_favorites_1_4_12_56 (0 ms)
[----------] 1 test from TVControllerTest (0 ms total)

[----------] Global test environment tear-down
[==========] 1 test from 1 test suite ran. (0 ms total)
[  PASSED  ] 1 test.
<end of output>
Test time =   0.03 sec
----------------------------------------------------------
Test Passed.
"TVControllerTest.should_wrap_to_1_when_on_56_with_favorites_1_4_12_56" end time: May 19 14:21 ¥Î«—πŒ±π «•¡ÿΩ√
"TVControllerTest.should_wrap_to_1_when_on_56_with_favorites_1_4_12_56" time elapsed: 00:00:00
----------------------------------------------------------

28/77 Testing: TVControllerTest.should_not_call_setch_when_favorite_list_empty
28/77 Test: TVControllerTest.should_not_call_setch_when_favorite_list_empty
Command: "C:/DEV/TDD_TV_14/build/TVControllerTest.exe" "--gtest_filter=TVControllerTest.should_not_call_setch_when_favorite_list_empty" "--gtest_also_run_disabled_tests"
Directory: C:/DEV/TDD_TV_14/build
"TVControllerTest.should_not_call_setch_when_favorite_list_empty" start time: May 19 14:21 ¥Î«—πŒ±π «•¡ÿΩ√
Output:
----------------------------------------------------------
Running main() from C:\DEV\TDD_TV_14\build\_deps\googletest-src\googletest\src\gtest_main.cc
Note: Google Test filter = TVControllerTest.should_not_call_setch_when_favorite_list_empty
[==========] Running 1 test from 1 test suite.
[----------] Global test environment set-up.
[----------] 1 test from TVControllerTest
[ RUN      ] TVControllerTest.should_not_call_setch_when_favorite_list_empty
ÌòÑÏû¨ ÏÑ§Ï†ïÌïòÎäî Ï±ÑÎÑê : 7
[       OK ] TVControllerTest.should_not_call_setch_when_favorite_list_empty (0 ms)
[----------] 1 test from TVControllerTest (0 ms total)

[----------] Global test environment tear-down
[==========] 1 test from 1 test suite ran. (0 ms total)
[  PASSED  ] 1 test.
<end of output>
Test time =   0.03 sec
----------------------------------------------------------
Test Passed.
"TVControllerTest.should_not_call_setch_when_favorite_list_empty" end time: May 19 14:21 ¥Î«—πŒ±π «•¡ÿΩ√
"TVControllerTest.should_not_call_setch_when_favorite_list_empty" time elapsed: 00:00:00
----------------------------------------------------------

29/77 Testing: TVControllerTest.should_go_to_smallest_favorite_above_0_from_channel_0
29/77 Test: TVControllerTest.should_go_to_smallest_favorite_above_0_from_channel_0
Command: "C:/DEV/TDD_TV_14/build/TVControllerTest.exe" "--gtest_filter=TVControllerTest.should_go_to_smallest_favorite_above_0_from_channel_0" "--gtest_also_run_disabled_tests"
Directory: C:/DEV/TDD_TV_14/build
"TVControllerTest.should_go_to_smallest_favorite_above_0_from_channel_0" start time: May 19 14:21 ¥Î«—πŒ±π «•¡ÿΩ√
Output:
----------------------------------------------------------
Running main() from C:\DEV\TDD_TV_14\build\_deps\googletest-src\googletest\src\gtest_main.cc
Note: Google Test filter = TVControllerTest.should_go_to_smallest_favorite_above_0_from_channel_0
[==========] Running 1 test from 1 test suite.
[----------] Global test environment set-up.
[----------] 1 test from TVControllerTest
[ RUN      ] TVControllerTest.should_go_to_smallest_favorite_above_0_from_channel_0

GMOCK WARNING:
Uninteresting mock function call - taking default action specified at:
C:\DEV\TDD_TV_14\test\TVControllerTest.cpp:24:
    Function call: getCurrentCH()
          Returns: "1"
NOTE: You can safely ignore the above warning unless this call should not happen.  Do not suppress it by blindly adding an EXPECT_CALL() if you don't mean to enforce the call.  See https://github.com/google/googletest/blob/main/docs/gmock_cook_book.md#knowing-when-to-expect-useoncall for details.

GMOCK WARNING:
Uninteresting mock function call - taking default action specified at:
C:\DEV\TDD_TV_14\test\TVControllerTest.cpp:24:
    Function call: getCurrentCH()
          Returns: "4"
NOTE: You can safely ignore the above warning unless this call should not happen.  Do not suppress it by blindly adding an EXPECT_CALL() if you don't mean to enforce the call.  See https://github.com/google/googletest/blob/main/docs/gmock_cook_book.md#knowing-when-to-expect-useoncall for details.

GMOCK WARNING:
Uninteresting mock function call - taking default action specified at:
C:\DEV\TDD_TV_14\test\TVControllerTest.cpp:24:
    Function call: getCurrentCH()
          Returns: "12"
NOTE: You can safely ignore the above warning unless this call should not happen.  Do not suppress it by blindly adding an EXPECT_CALL() if you don't mean to enforce the call.  See https://github.com/google/googletest/blob/main/docs/gmock_cook_book.md#knowing-when-to-expect-useoncall for details.

GMOCK WARNING:
Uninteresting mock function call - taking default action specified at:
C:\DEV\TDD_TV_14\test\TVControllerTest.cpp:24:
    Function call: getCurrentCH()
          Returns: "0"
NOTE: You can safely ignore the above warning unless this call should not happen.  Do not suppress it by blindly adding an EXPECT_CALL() if you don't mean to enforce the call.  See https://github.com/google/googletest/blob/main/docs/gmock_cook_book.md#knowing-when-to-expect-useoncall for details.
ÌòÑÏû¨ ÏÑ§Ï†ïÌïòÎäî Ï±ÑÎÑê : 1
[       OK ] TVControllerTest.should_go_to_smallest_favorite_above_0_from_channel_0 (0 ms)
[----------] 1 test from TVControllerTest (0 ms total)

[----------] Global test environment tear-down
[==========] 1 test from 1 test suite ran. (0 ms total)
[  PASSED  ] 1 test.
<end of output>
Test time =   0.03 sec
----------------------------------------------------------
Test Passed.
"TVControllerTest.should_go_to_smallest_favorite_above_0_from_channel_0" end time: May 19 14:21 ¥Î«—πŒ±π «•¡ÿΩ√
"TVControllerTest.should_go_to_smallest_favorite_above_0_from_channel_0" time elapsed: 00:00:00
----------------------------------------------------------

30/77 Testing: TVControllerTest.should_wrap_to_1_from_channel_99_when_only_greater_is_none
30/77 Test: TVControllerTest.should_wrap_to_1_from_channel_99_when_only_greater_is_none
Command: "C:/DEV/TDD_TV_14/build/TVControllerTest.exe" "--gtest_filter=TVControllerTest.should_wrap_to_1_from_channel_99_when_only_greater_is_none" "--gtest_also_run_disabled_tests"
Directory: C:/DEV/TDD_TV_14/build
"TVControllerTest.should_wrap_to_1_from_channel_99_when_only_greater_is_none" start time: May 19 14:21 ¥Î«—πŒ±π «•¡ÿΩ√
Output:
----------------------------------------------------------
Running main() from C:\DEV\TDD_TV_14\build\_deps\googletest-src\googletest\src\gtest_main.cc
Note: Google Test filter = TVControllerTest.should_wrap_to_1_from_channel_99_when_only_greater_is_none
[==========] Running 1 test from 1 test suite.
[----------] Global test environment set-up.
[----------] 1 test from TVControllerTest
[ RUN      ] TVControllerTest.should_wrap_to_1_from_channel_99_when_only_greater_is_none

GMOCK WARNING:
Uninteresting mock function call - taking default action specified at:
C:\DEV\TDD_TV_14\test\TVControllerTest.cpp:24:
    Function call: getCurrentCH()
          Returns: "1"
NOTE: You can safely ignore the above warning unless this call should not happen.  Do not suppress it by blindly adding an EXPECT_CALL() if you don't mean to enforce the call.  See https://github.com/google/googletest/blob/main/docs/gmock_cook_book.md#knowing-when-to-expect-useoncall for details.

GMOCK WARNING:
Uninteresting mock function call - taking default action specified at:
C:\DEV\TDD_TV_14\test\TVControllerTest.cpp:24:
    Function call: getCurrentCH()
          Returns: "4"
NOTE: You can safely ignore the above warning unless this call should not happen.  Do not suppress it by blindly adding an EXPECT_CALL() if you don't mean to enforce the call.  See https://github.com/google/googletest/blob/main/docs/gmock_cook_book.md#knowing-when-to-expect-useoncall for details.

GMOCK WARNING:
Uninteresting mock function call - taking default action specified at:
C:\DEV\TDD_TV_14\test\TVControllerTest.cpp:24:
    Function call: getCurrentCH()
          Returns: "12"
NOTE: You can safely ignore the above warning unless this call should not happen.  Do not suppress it by blindly adding an EXPECT_CALL() if you don't mean to enforce the call.  See https://github.com/google/googletest/blob/main/docs/gmock_cook_book.md#knowing-when-to-expect-useoncall for details.

GMOCK WARNING:
Uninteresting mock function call - taking default action specified at:
C:\DEV\TDD_TV_14\test\TVControllerTest.cpp:24:
    Function call: getCurrentCH()
          Returns: "56"
NOTE: You can safely ignore the above warning unless this call should not happen.  Do not suppress it by blindly adding an EXPECT_CALL() if you don't mean to enforce the call.  See https://github.com/google/googletest/blob/main/docs/gmock_cook_book.md#knowing-when-to-expect-useoncall for details.

GMOCK WARNING:
Uninteresting mock function call - taking default action specified at:
C:\DEV\TDD_TV_14\test\TVControllerTest.cpp:24:
    Function call: getCurrentCH()
          Returns: "99"
NOTE: You can safely ignore the above warning unless this call should not happen.  Do not suppress it by blindly adding an EXPECT_CALL() if you don't mean to enforce the call.  See https://github.com/google/googletest/blob/main/docs/gmock_cook_book.md#knowing-when-to-expect-useoncall for details.
ÌòÑÏû¨ ÏÑ§Ï†ïÌïòÎäî Ï±ÑÎÑê : 1
[       OK ] TVControllerTest.should_wrap_to_1_from_channel_99_when_only_greater_is_none (2 ms)
[----------] 1 test from TVControllerTest (2 ms total)

[----------] Global test environment tear-down
[==========] 1 test from 1 test suite ran. (2 ms total)
[  PASSED  ] 1 test.
<end of output>
Test time =   0.03 sec
----------------------------------------------------------
Test Passed.
"TVControllerTest.should_wrap_to_1_from_channel_99_when_only_greater_is_none" end time: May 19 14:21 ¥Î«—πŒ±π «•¡ÿΩ√
"TVControllerTest.should_wrap_to_1_from_channel_99_when_only_greater_is_none" time elapsed: 00:00:00
----------------------------------------------------------

31/77 Testing: TVControllerTest.should_invoke_seekch_when_search_pressed
31/77 Test: TVControllerTest.should_invoke_seekch_when_search_pressed
Command: "C:/DEV/TDD_TV_14/build/TVControllerTest.exe" "--gtest_filter=TVControllerTest.should_invoke_seekch_when_search_pressed" "--gtest_also_run_disabled_tests"
Directory: C:/DEV/TDD_TV_14/build
"TVControllerTest.should_invoke_seekch_when_search_pressed" start time: May 19 14:21 ¥Î«—πŒ±π «•¡ÿΩ√
Output:
----------------------------------------------------------
Running main() from C:\DEV\TDD_TV_14\build\_deps\googletest-src\googletest\src\gtest_main.cc
Note: Google Test filter = TVControllerTest.should_invoke_seekch_when_search_pressed
[==========] Running 1 test from 1 test suite.
[----------] Global test environment set-up.
[----------] 1 test from TVControllerTest
[ RUN      ] TVControllerTest.should_invoke_seekch_when_search_pressed

GMOCK WARNING:
Uninteresting mock function call - returning default value.
    Function call: getCurrentCH()
          Returns: ""
NOTE: You can safely ignore the above warning unless this call should not happen.  Do not suppress it by blindly adding an EXPECT_CALL() if you don't mean to enforce the call.  See https://github.com/google/googletest/blob/main/docs/gmock_cook_book.md#knowing-when-to-expect-useoncall for details.
[       OK ] TVControllerTest.should_invoke_seekch_when_search_pressed (0 ms)
[----------] 1 test from TVControllerTest (0 ms total)

[----------] Global test environment tear-down
[==========] 1 test from 1 test suite ran. (0 ms total)
[  PASSED  ] 1 test.
<end of output>
Test time =   0.03 sec
----------------------------------------------------------
Test Passed.
"TVControllerTest.should_invoke_seekch_when_search_pressed" end time: May 19 14:21 ¥Î«—πŒ±π «•¡ÿΩ√
"TVControllerTest.should_invoke_seekch_when_search_pressed" time elapsed: 00:00:00
----------------------------------------------------------

32/77 Testing: TVControllerTest.should_store_search_results_for_navigation
32/77 Test: TVControllerTest.should_store_search_results_for_navigation
Command: "C:/DEV/TDD_TV_14/build/TVControllerTest.exe" "--gtest_filter=TVControllerTest.should_store_search_results_for_navigation" "--gtest_also_run_disabled_tests"
Directory: C:/DEV/TDD_TV_14/build
"TVControllerTest.should_store_search_results_for_navigation" start time: May 19 14:21 ¥Î«—πŒ±π «•¡ÿΩ√
Output:
----------------------------------------------------------
Running main() from C:\DEV\TDD_TV_14\build\_deps\googletest-src\googletest\src\gtest_main.cc
Note: Google Test filter = TVControllerTest.should_store_search_results_for_navigation
[==========] Running 1 test from 1 test suite.
[----------] Global test environment set-up.
[----------] 1 test from TVControllerTest
[ RUN      ] TVControllerTest.should_store_search_results_for_navigation

GMOCK WARNING:
Uninteresting mock function call - returning default value.
    Function call: getCurrentCH()
          Returns: ""
NOTE: You can safely ignore the above warning unless this call should not happen.  Do not suppress it by blindly adding an EXPECT_CALL() if you don't mean to enforce the call.  See https://github.com/google/googletest/blob/main/docs/gmock_cook_book.md#knowing-when-to-expect-useoncall for details.

GMOCK WARNING:
Uninteresting mock function call - taking default action specified at:
C:\DEV\TDD_TV_14\test\TVControllerTest.cpp:24:
    Function call: getCurrentCH()
          Returns: "6"
NOTE: You can safely ignore the above warning unless this call should not happen.  Do not suppress it by blindly adding an EXPECT_CALL() if you don't mean to enforce the call.  See https://github.com/google/googletest/blob/main/docs/gmock_cook_book.md#knowing-when-to-expect-useoncall for details.
ÌòÑÏû¨ ÏÑ§Ï†ïÌïòÎäî Ï±ÑÎÑê : 14
[       OK ] TVControllerTest.should_store_search_results_for_navigation (0 ms)
[----------] 1 test from TVControllerTest (0 ms total)

[----------] Global test environment tear-down
[==========] 1 test from 1 test suite ran. (0 ms total)
[  PASSED  ] 1 test.
<end of output>
Test time =   0.03 sec
----------------------------------------------------------
Test Passed.
"TVControllerTest.should_store_search_results_for_navigation" end time: May 19 14:21 ¥Î«—πŒ±π «•¡ÿΩ√
"TVControllerTest.should_store_search_results_for_navigation" time elapsed: 00:00:00
----------------------------------------------------------

33/77 Testing: TVControllerTest.should_search_from_channel_99
33/77 Test: TVControllerTest.should_search_from_channel_99
Command: "C:/DEV/TDD_TV_14/build/TVControllerTest.exe" "--gtest_filter=TVControllerTest.should_search_from_channel_99" "--gtest_also_run_disabled_tests"
Directory: C:/DEV/TDD_TV_14/build
"TVControllerTest.should_search_from_channel_99" start time: May 19 14:21 ¥Î«—πŒ±π «•¡ÿΩ√
Output:
----------------------------------------------------------
Running main() from C:\DEV\TDD_TV_14\build\_deps\googletest-src\googletest\src\gtest_main.cc
Note: Google Test filter = TVControllerTest.should_search_from_channel_99
[==========] Running 1 test from 1 test suite.
[----------] Global test environment set-up.
[----------] 1 test from TVControllerTest
[ RUN      ] TVControllerTest.should_search_from_channel_99

GMOCK WARNING:
Uninteresting mock function call - taking default action specified at:
C:\DEV\TDD_TV_14\test\TVControllerTest.cpp:24:
    Function call: getCurrentCH()
          Returns: "99"
NOTE: You can safely ignore the above warning unless this call should not happen.  Do not suppress it by blindly adding an EXPECT_CALL() if you don't mean to enforce the call.  See https://github.com/google/googletest/blob/main/docs/gmock_cook_book.md#knowing-when-to-expect-useoncall for details.
[       OK ] TVControllerTest.should_search_from_channel_99 (0 ms)
[----------] 1 test from TVControllerTest (0 ms total)

[----------] Global test environment tear-down
[==========] 1 test from 1 test suite ran. (0 ms total)
[  PASSED  ] 1 test.
<end of output>
Test time =   0.03 sec
----------------------------------------------------------
Test Passed.
"TVControllerTest.should_search_from_channel_99" end time: May 19 14:21 ¥Î«—πŒ±π «•¡ÿΩ√
"TVControllerTest.should_search_from_channel_99" time elapsed: 00:00:00
----------------------------------------------------------

34/77 Testing: TVControllerTest.should_search_from_channel_0
34/77 Test: TVControllerTest.should_search_from_channel_0
Command: "C:/DEV/TDD_TV_14/build/TVControllerTest.exe" "--gtest_filter=TVControllerTest.should_search_from_channel_0" "--gtest_also_run_disabled_tests"
Directory: C:/DEV/TDD_TV_14/build
"TVControllerTest.should_search_from_channel_0" start time: May 19 14:21 ¥Î«—πŒ±π «•¡ÿΩ√
Output:
----------------------------------------------------------
Running main() from C:\DEV\TDD_TV_14\build\_deps\googletest-src\googletest\src\gtest_main.cc
Note: Google Test filter = TVControllerTest.should_search_from_channel_0
[==========] Running 1 test from 1 test suite.
[----------] Global test environment set-up.
[----------] 1 test from TVControllerTest
[ RUN      ] TVControllerTest.should_search_from_channel_0

GMOCK WARNING:
Uninteresting mock function call - taking default action specified at:
C:\DEV\TDD_TV_14\test\TVControllerTest.cpp:24:
    Function call: getCurrentCH()
          Returns: "0"
NOTE: You can safely ignore the above warning unless this call should not happen.  Do not suppress it by blindly adding an EXPECT_CALL() if you don't mean to enforce the call.  See https://github.com/google/googletest/blob/main/docs/gmock_cook_book.md#knowing-when-to-expect-useoncall for details.
[       OK ] TVControllerTest.should_search_from_channel_0 (0 ms)
[----------] 1 test from TVControllerTest (0 ms total)

[----------] Global test environment tear-down
[==========] 1 test from 1 test suite ran. (0 ms total)
[  PASSED  ] 1 test.
<end of output>
Test time =   0.03 sec
----------------------------------------------------------
Test Passed.
"TVControllerTest.should_search_from_channel_0" end time: May 19 14:21 ¥Î«—πŒ±π «•¡ÿΩ√
"TVControllerTest.should_search_from_channel_0" time elapsed: 00:00:00
----------------------------------------------------------

35/77 Testing: TVControllerTest.should_deduplicate_duplicate_seek_results
35/77 Test: TVControllerTest.should_deduplicate_duplicate_seek_results
Command: "C:/DEV/TDD_TV_14/build/TVControllerTest.exe" "--gtest_filter=TVControllerTest.should_deduplicate_duplicate_seek_results" "--gtest_also_run_disabled_tests"
Directory: C:/DEV/TDD_TV_14/build
"TVControllerTest.should_deduplicate_duplicate_seek_results" start time: May 19 14:21 ¥Î«—πŒ±π «•¡ÿΩ√
Output:
----------------------------------------------------------
Running main() from C:\DEV\TDD_TV_14\build\_deps\googletest-src\googletest\src\gtest_main.cc
Note: Google Test filter = TVControllerTest.should_deduplicate_duplicate_seek_results
[==========] Running 1 test from 1 test suite.
[----------] Global test environment set-up.
[----------] 1 test from TVControllerTest
[ RUN      ] TVControllerTest.should_deduplicate_duplicate_seek_results

GMOCK WARNING:
Uninteresting mock function call - returning default value.
    Function call: getCurrentCH()
          Returns: ""
NOTE: You can safely ignore the above warning unless this call should not happen.  Do not suppress it by blindly adding an EXPECT_CALL() if you don't mean to enforce the call.  See https://github.com/google/googletest/blob/main/docs/gmock_cook_book.md#knowing-when-to-expect-useoncall for details.

GMOCK WARNING:
Uninteresting mock function call - taking default action specified at:
C:\DEV\TDD_TV_14\test\TVControllerTest.cpp:24:
    Function call: getCurrentCH()
          Returns: "6"
NOTE: You can safely ignore the above warning unless this call should not happen.  Do not suppress it by blindly adding an EXPECT_CALL() if you don't mean to enforce the call.  See https://github.com/google/googletest/blob/main/docs/gmock_cook_book.md#knowing-when-to-expect-useoncall for details.
ÌòÑÏû¨ ÏÑ§Ï†ïÌïòÎäî Ï±ÑÎÑê : 14
[       OK ] TVControllerTest.should_deduplicate_duplicate_seek_results (0 ms)
[----------] 1 test from TVControllerTest (0 ms total)

[----------] Global test environment tear-down
[==========] 1 test from 1 test suite ran. (0 ms total)
[  PASSED  ] 1 test.
<end of output>
Test time =   0.03 sec
----------------------------------------------------------
Test Passed.
"TVControllerTest.should_deduplicate_duplicate_seek_results" end time: May 19 14:21 ¥Î«—πŒ±π «•¡ÿΩ√
"TVControllerTest.should_deduplicate_duplicate_seek_results" time elapsed: 00:00:00
----------------------------------------------------------

36/77 Testing: TVControllerTest.should_go_to_7_and_5_when_up_and_down_from_6_without_search
36/77 Test: TVControllerTest.should_go_to_7_and_5_when_up_and_down_from_6_without_search
Command: "C:/DEV/TDD_TV_14/build/TVControllerTest.exe" "--gtest_filter=TVControllerTest.should_go_to_7_and_5_when_up_and_down_from_6_without_search" "--gtest_also_run_disabled_tests"
Directory: C:/DEV/TDD_TV_14/build
"TVControllerTest.should_go_to_7_and_5_when_up_and_down_from_6_without_search" start time: May 19 14:21 ¥Î«—πŒ±π «•¡ÿΩ√
Output:
----------------------------------------------------------
Running main() from C:\DEV\TDD_TV_14\build\_deps\googletest-src\googletest\src\gtest_main.cc
Note: Google Test filter = TVControllerTest.should_go_to_7_and_5_when_up_and_down_from_6_without_search
[==========] Running 1 test from 1 test suite.
[----------] Global test environment set-up.
[----------] 1 test from TVControllerTest
[ RUN      ] TVControllerTest.should_go_to_7_and_5_when_up_and_down_from_6_without_search

GMOCK WARNING:
Uninteresting mock function call - taking default action specified at:
C:\DEV\TDD_TV_14\test\TVControllerTest.cpp:24:
    Function call: getCurrentCH()
          Returns: "6"
NOTE: You can safely ignore the above warning unless this call should not happen.  Do not suppress it by blindly adding an EXPECT_CALL() if you don't mean to enforce the call.  See https://github.com/google/googletest/blob/main/docs/gmock_cook_book.md#knowing-when-to-expect-useoncall for details.
ÌòÑÏû¨ ÏÑ§Ï†ïÌïòÎäî Ï±ÑÎÑê : 7
ÌòÑÏû¨ ÏÑ§Ï†ïÌïòÎäî Ï±ÑÎÑê : 5
[       OK ] TVControllerTest.should_go_to_7_and_5_when_up_and_down_from_6_without_search (0 ms)
[----------] 1 test from TVControllerTest (0 ms total)

[----------] Global test environment tear-down
[==========] 1 test from 1 test suite ran. (0 ms total)
[  PASSED  ] 1 test.
<end of output>
Test time =   0.03 sec
----------------------------------------------------------
Test Passed.
"TVControllerTest.should_go_to_7_and_5_when_up_and_down_from_6_without_search" end time: May 19 14:21 ¥Î«—πŒ±π «•¡ÿΩ√
"TVControllerTest.should_go_to_7_and_5_when_up_and_down_from_6_without_search" time elapsed: 00:00:00
----------------------------------------------------------

37/77 Testing: TVControllerTest.should_wrap_to_0_when_up_from_99_without_search
37/77 Test: TVControllerTest.should_wrap_to_0_when_up_from_99_without_search
Command: "C:/DEV/TDD_TV_14/build/TVControllerTest.exe" "--gtest_filter=TVControllerTest.should_wrap_to_0_when_up_from_99_without_search" "--gtest_also_run_disabled_tests"
Directory: C:/DEV/TDD_TV_14/build
"TVControllerTest.should_wrap_to_0_when_up_from_99_without_search" start time: May 19 14:21 ¥Î«—πŒ±π «•¡ÿΩ√
Output:
----------------------------------------------------------
Running main() from C:\DEV\TDD_TV_14\build\_deps\googletest-src\googletest\src\gtest_main.cc
Note: Google Test filter = TVControllerTest.should_wrap_to_0_when_up_from_99_without_search
[==========] Running 1 test from 1 test suite.
[----------] Global test environment set-up.
[----------] 1 test from TVControllerTest
[ RUN      ] TVControllerTest.should_wrap_to_0_when_up_from_99_without_search

GMOCK WARNING:
Uninteresting mock function call - taking default action specified at:
C:\DEV\TDD_TV_14\test\TVControllerTest.cpp:24:
    Function call: getCurrentCH()
          Returns: "99"
NOTE: You can safely ignore the above warning unless this call should not happen.  Do not suppress it by blindly adding an EXPECT_CALL() if you don't mean to enforce the call.  See https://github.com/google/googletest/blob/main/docs/gmock_cook_book.md#knowing-when-to-expect-useoncall for details.
ÌòÑÏû¨ ÏÑ§Ï†ïÌïòÎäî Ï±ÑÎÑê : 0
[       OK ] TVControllerTest.should_wrap_to_0_when_up_from_99_without_search (3 ms)
[----------] 1 test from TVControllerTest (3 ms total)

[----------] Global test environment tear-down
[==========] 1 test from 1 test suite ran. (3 ms total)
[  PASSED  ] 1 test.
<end of output>
Test time =   0.04 sec
----------------------------------------------------------
Test Passed.
"TVControllerTest.should_wrap_to_0_when_up_from_99_without_search" end time: May 19 14:21 ¥Î«—πŒ±π «•¡ÿΩ√
"TVControllerTest.should_wrap_to_0_when_up_from_99_without_search" time elapsed: 00:00:00
----------------------------------------------------------

38/77 Testing: TVControllerTest.should_wrap_to_99_when_down_from_0_without_search
38/77 Test: TVControllerTest.should_wrap_to_99_when_down_from_0_without_search
Command: "C:/DEV/TDD_TV_14/build/TVControllerTest.exe" "--gtest_filter=TVControllerTest.should_wrap_to_99_when_down_from_0_without_search" "--gtest_also_run_disabled_tests"
Directory: C:/DEV/TDD_TV_14/build
"TVControllerTest.should_wrap_to_99_when_down_from_0_without_search" start time: May 19 14:21 ¥Î«—πŒ±π «•¡ÿΩ√
Output:
----------------------------------------------------------
Running main() from C:\DEV\TDD_TV_14\build\_deps\googletest-src\googletest\src\gtest_main.cc
Note: Google Test filter = TVControllerTest.should_wrap_to_99_when_down_from_0_without_search
[==========] Running 1 test from 1 test suite.
[----------] Global test environment set-up.
[----------] 1 test from TVControllerTest
[ RUN      ] TVControllerTest.should_wrap_to_99_when_down_from_0_without_search

GMOCK WARNING:
Uninteresting mock function call - taking default action specified at:
C:\DEV\TDD_TV_14\test\TVControllerTest.cpp:24:
    Function call: getCurrentCH()
          Returns: "0"
NOTE: You can safely ignore the above warning unless this call should not happen.  Do not suppress it by blindly adding an EXPECT_CALL() if you don't mean to enforce the call.  See https://github.com/google/googletest/blob/main/docs/gmock_cook_book.md#knowing-when-to-expect-useoncall for details.
ÌòÑÏû¨ ÏÑ§Ï†ïÌïòÎäî Ï±ÑÎÑê : 99
[       OK ] TVControllerTest.should_wrap_to_99_when_down_from_0_without_search (0 ms)
[----------] 1 test from TVControllerTest (0 ms total)

[----------] Global test environment tear-down
[==========] 1 test from 1 test suite ran. (0 ms total)
[  PASSED  ] 1 test.
<end of output>
Test time =   0.04 sec
----------------------------------------------------------
Test Passed.
"TVControllerTest.should_wrap_to_99_when_down_from_0_without_search" end time: May 19 14:21 ¥Î«—πŒ±π «•¡ÿΩ√
"TVControllerTest.should_wrap_to_99_when_down_from_0_without_search" time elapsed: 00:00:00
----------------------------------------------------------

39/77 Testing: TVControllerTest.should_go_to_1_when_up_from_0_without_search
39/77 Test: TVControllerTest.should_go_to_1_when_up_from_0_without_search
Command: "C:/DEV/TDD_TV_14/build/TVControllerTest.exe" "--gtest_filter=TVControllerTest.should_go_to_1_when_up_from_0_without_search" "--gtest_also_run_disabled_tests"
Directory: C:/DEV/TDD_TV_14/build
"TVControllerTest.should_go_to_1_when_up_from_0_without_search" start time: May 19 14:21 ¥Î«—πŒ±π «•¡ÿΩ√
Output:
----------------------------------------------------------
Running main() from C:\DEV\TDD_TV_14\build\_deps\googletest-src\googletest\src\gtest_main.cc
Note: Google Test filter = TVControllerTest.should_go_to_1_when_up_from_0_without_search
[==========] Running 1 test from 1 test suite.
[----------] Global test environment set-up.
[----------] 1 test from TVControllerTest
[ RUN      ] TVControllerTest.should_go_to_1_when_up_from_0_without_search

GMOCK WARNING:
Uninteresting mock function call - taking default action specified at:
C:\DEV\TDD_TV_14\test\TVControllerTest.cpp:24:
    Function call: getCurrentCH()
          Returns: "0"
NOTE: You can safely ignore the above warning unless this call should not happen.  Do not suppress it by blindly adding an EXPECT_CALL() if you don't mean to enforce the call.  See https://github.com/google/googletest/blob/main/docs/gmock_cook_book.md#knowing-when-to-expect-useoncall for details.
ÌòÑÏû¨ ÏÑ§Ï†ïÌïòÎäî Ï±ÑÎÑê : 1
[...]
<end of output>
Test time =   0.05 sec
----------------------------------------------------------
Test Passed.
"TVControllerGoldenTest.should_search_from_channel_99" end time: May 19 14:21 ¥Î«—πŒ±π «•¡ÿΩ√
"TVControllerGoldenTest.should_search_from_channel_99" time elapsed: 00:00:00
----------------------------------------------------------

66/77 Testing: TVControllerGoldenTest.should_search_from_channel_0
66/77 Test: TVControllerGoldenTest.should_search_from_channel_0
Command: "C:/DEV/TDD_TV_14/build/TVControllerGoldenTest.exe" "--gtest_filter=TVControllerGoldenTest.should_search_from_channel_0" "--gtest_also_run_disabled_tests"
Directory: C:/DEV/TDD_TV_14/build
"TVControllerGoldenTest.should_search_from_channel_0" start time: May 19 14:21 ¥Î«—πŒ±π «•¡ÿΩ√
Output:
----------------------------------------------------------
Running main() from C:\DEV\TDD_TV_14\build\_deps\googletest-src\googletest\src\gtest_main.cc
Note: Google Test filter = TVControllerGoldenTest.should_search_from_channel_0
[==========] Running 1 test from 1 test suite.
[----------] Global test environment set-up.
[----------] 1 test from TVControllerGoldenTest
[ RUN      ] TVControllerGoldenTest.should_search_from_channel_0
[       OK ] TVControllerGoldenTest.should_search_from_channel_0 (0 ms)
[----------] 1 test from TVControllerGoldenTest (0 ms total)

[----------] Global test environment tear-down
[==========] 1 test from 1 test suite ran. (0 ms total)
[  PASSED  ] 1 test.
<end of output>
Test time =   0.12 sec
----------------------------------------------------------
Test Passed.
"TVControllerGoldenTest.should_search_from_channel_0" end time: May 19 14:21 ¥Î«—πŒ±π «•¡ÿΩ√
"TVControllerGoldenTest.should_search_from_channel_0" time elapsed: 00:00:00
----------------------------------------------------------

67/77 Testing: TVControllerGoldenTest.should_deduplicate_duplicate_seek_results
67/77 Test: TVControllerGoldenTest.should_deduplicate_duplicate_seek_results
Command: "C:/DEV/TDD_TV_14/build/TVControllerGoldenTest.exe" "--gtest_filter=TVControllerGoldenTest.should_deduplicate_duplicate_seek_results" "--gtest_also_run_disabled_tests"
Directory: C:/DEV/TDD_TV_14/build
"TVControllerGoldenTest.should_deduplicate_duplicate_seek_results" start time: May 19 14:21 ¥Î«—πŒ±π «•¡ÿΩ√
Output:
----------------------------------------------------------
Running main() from C:\DEV\TDD_TV_14\build\_deps\googletest-src\googletest\src\gtest_main.cc
Note: Google Test filter = TVControllerGoldenTest.should_deduplicate_duplicate_seek_results
[==========] Running 1 test from 1 test suite.
[----------] Global test environment set-up.
[----------] 1 test from TVControllerGoldenTest
[ RUN      ] TVControllerGoldenTest.should_deduplicate_duplicate_seek_results
[       OK ] TVControllerGoldenTest.should_deduplicate_duplicate_seek_results (0 ms)
[----------] 1 test from TVControllerGoldenTest (0 ms total)

[----------] Global test environment tear-down
[==========] 1 test from 1 test suite ran. (0 ms total)
[  PASSED  ] 1 test.
<end of output>
Test time =   0.11 sec
----------------------------------------------------------
Test Passed.
"TVControllerGoldenTest.should_deduplicate_duplicate_seek_results" end time: May 19 14:21 ¥Î«—πŒ±π «•¡ÿΩ√
"TVControllerGoldenTest.should_deduplicate_duplicate_seek_results" time elapsed: 00:00:00
----------------------------------------------------------

68/77 Testing: TVControllerGoldenTest.should_go_to_7_and_5_when_up_and_down_from_6_without_search
68/77 Test: TVControllerGoldenTest.should_go_to_7_and_5_when_up_and_down_from_6_without_search
Command: "C:/DEV/TDD_TV_14/build/TVControllerGoldenTest.exe" "--gtest_filter=TVControllerGoldenTest.should_go_to_7_and_5_when_up_and_down_from_6_without_search" "--gtest_also_run_disabled_tests"
Directory: C:/DEV/TDD_TV_14/build
"TVControllerGoldenTest.should_go_to_7_and_5_when_up_and_down_from_6_without_search" start time: May 19 14:21 ¥Î«—πŒ±π «•¡ÿΩ√
Output:
----------------------------------------------------------
Running main() from C:\DEV\TDD_TV_14\build\_deps\googletest-src\googletest\src\gtest_main.cc
Note: Google Test filter = TVControllerGoldenTest.should_go_to_7_and_5_when_up_and_down_from_6_without_search
[==========] Running 1 test from 1 test suite.
[----------] Global test environment set-up.
[----------] 1 test from TVControllerGoldenTest
[ RUN      ] TVControllerGoldenTest.should_go_to_7_and_5_when_up_and_down_from_6_without_search
[       OK ] TVControllerGoldenTest.should_go_to_7_and_5_when_up_and_down_from_6_without_search (0 ms)
[----------] 1 test from TVControllerGoldenTest (0 ms total)

[----------] Global test environment tear-down
[==========] 1 test from 1 test suite ran. (0 ms total)
[  PASSED  ] 1 test.
<end of output>
Test time =   0.03 sec
----------------------------------------------------------
Test Passed.
"TVControllerGoldenTest.should_go_to_7_and_5_when_up_and_down_from_6_without_search" end time: May 19 14:21 ¥Î«—πŒ±π «•¡ÿΩ√
"TVControllerGoldenTest.should_go_to_7_and_5_when_up_and_down_from_6_without_search" time elapsed: 00:00:00
----------------------------------------------------------

69/77 Testing: TVControllerGoldenTest.should_wrap_to_0_when_up_from_99_without_search
69/77 Test: TVControllerGoldenTest.should_wrap_to_0_when_up_from_99_without_search
Command: "C:/DEV/TDD_TV_14/build/TVControllerGoldenTest.exe" "--gtest_filter=TVControllerGoldenTest.should_wrap_to_0_when_up_from_99_without_search" "--gtest_also_run_disabled_tests"
Directory: C:/DEV/TDD_TV_14/build
"TVControllerGoldenTest.should_wrap_to_0_when_up_from_99_without_search" start time: May 19 14:21 ¥Î«—πŒ±π «•¡ÿΩ√
Output:
----------------------------------------------------------
Running main() from C:\DEV\TDD_TV_14\build\_deps\googletest-src\googletest\src\gtest_main.cc
Note: Google Test filter = TVControllerGoldenTest.should_wrap_to_0_when_up_from_99_without_search
[==========] Running 1 test from 1 test suite.
[----------] Global test environment set-up.
[----------] 1 test from TVControllerGoldenTest
[ RUN      ] TVControllerGoldenTest.should_wrap_to_0_when_up_from_99_without_search
[       OK ] TVControllerGoldenTest.should_wrap_to_0_when_up_from_99_without_search (0 ms)
[----------] 1 test from TVControllerGoldenTest (0 ms total)

[----------] Global test environment tear-down
[==========] 1 test from 1 test suite ran. (0 ms total)
[  PASSED  ] 1 test.
<end of output>
Test time =   0.03 sec
----------------------------------------------------------
Test Passed.
"TVControllerGoldenTest.should_wrap_to_0_when_up_from_99_without_search" end time: May 19 14:21 ¥Î«—πŒ±π «•¡ÿΩ√
"TVControllerGoldenTest.should_wrap_to_0_when_up_from_99_without_search" time elapsed: 00:00:00
----------------------------------------------------------

70/77 Testing: TVControllerGoldenTest.should_wrap_to_99_when_down_from_0_without_search
70/77 Test: TVControllerGoldenTest.should_wrap_to_99_when_down_from_0_without_search
Command: "C:/DEV/TDD_TV_14/build/TVControllerGoldenTest.exe" "--gtest_filter=TVControllerGoldenTest.should_wrap_to_99_when_down_from_0_without_search" "--gtest_also_run_disabled_tests"
Directory: C:/DEV/TDD_TV_14/build
"TVControllerGoldenTest.should_wrap_to_99_when_down_from_0_without_search" start time: May 19 14:21 ¥Î«—πŒ±π «•¡ÿΩ√
Output:
----------------------------------------------------------
Running main() from C:\DEV\TDD_TV_14\build\_deps\googletest-src\googletest\src\gtest_main.cc
Note: Google Test filter = TVControllerGoldenTest.should_wrap_to_99_when_down_from_0_without_search
[==========] Running 1 test from 1 test suite.
[----------] Global test environment set-up.
[----------] 1 test from TVControllerGoldenTest
[ RUN      ] TVControllerGoldenTest.should_wrap_to_99_when_down_from_0_without_search
[       OK ] TVControllerGoldenTest.should_wrap_to_99_when_down_from_0_without_search (0 ms)
[----------] 1 test from TVControllerGoldenTest (0 ms total)

[----------] Global test environment tear-down
[==========] 1 test from 1 test suite ran. (0 ms total)
[  PASSED  ] 1 test.
<end of output>
Test time =   0.03 sec
----------------------------------------------------------
Test Passed.
"TVControllerGoldenTest.should_wrap_to_99_when_down_from_0_without_search" end time: May 19 14:21 ¥Î«—πŒ±π «•¡ÿΩ√
"TVControllerGoldenTest.should_wrap_to_99_when_down_from_0_without_search" time elapsed: 00:00:00
----------------------------------------------------------

71/77 Testing: TVControllerGoldenTest.should_go_to_1_when_up_from_0_without_search
71/77 Test: TVControllerGoldenTest.should_go_to_1_when_up_from_0_without_search
Command: "C:/DEV/TDD_TV_14/build/TVControllerGoldenTest.exe" "--gtest_filter=TVControllerGoldenTest.should_go_to_1_when_up_from_0_without_search" "--gtest_also_run_disabled_tests"
Directory: C:/DEV/TDD_TV_14/build
"TVControllerGoldenTest.should_go_to_1_when_up_from_0_without_search" start time: May 19 14:21 ¥Î«—πŒ±π «•¡ÿΩ√
Output:
----------------------------------------------------------
Running main() from C:\DEV\TDD_TV_14\build\_deps\googletest-src\googletest\src\gtest_main.cc
Note: Google Test filter = TVControllerGoldenTest.should_go_to_1_when_up_from_0_without_search
[==========] Running 1 test from 1 test suite.
[----------] Global test environment set-up.
[----------] 1 test from TVControllerGoldenTest
[ RUN      ] TVControllerGoldenTest.should_go_to_1_when_up_from_0_without_search
[       OK ] TVControllerGoldenTest.should_go_to_1_when_up_from_0_without_search (0 ms)
[----------] 1 test from TVControllerGoldenTest (0 ms total)

[----------] Global test environment tear-down
[==========] 1 test from 1 test suite ran. (0 ms total)
[  PASSED  ] 1 test.
<end of output>
Test time =   0.04 sec
----------------------------------------------------------
Test Passed.
"TVControllerGoldenTest.should_go_to_1_when_up_from_0_without_search" end time: May 19 14:21 ¥Î«—πŒ±π «•¡ÿΩ√
"TVControllerGoldenTest.should_go_to_1_when_up_from_0_without_search" time elapsed: 00:00:00
----------------------------------------------------------

72/77 Testing: TVControllerGoldenTest.should_go_to_98_when_down_from_99_without_search
72/77 Test: TVControllerGoldenTest.should_go_to_98_when_down_from_99_without_search
Command: "C:/DEV/TDD_TV_14/build/TVControllerGoldenTest.exe" "--gtest_filter=TVControllerGoldenTest.should_go_to_98_when_down_from_99_without_search" "--gtest_also_run_disabled_tests"
Directory: C:/DEV/TDD_TV_14/build
"TVControllerGoldenTest.should_go_to_98_when_down_from_99_without_search" start time: May 19 14:21 ¥Î«—πŒ±π «•¡ÿΩ√
Output:
----------------------------------------------------------
Running main() from C:\DEV\TDD_TV_14\build\_deps\googletest-src\googletest\src\gtest_main.cc
Note: Google Test filter = TVControllerGoldenTest.should_go_to_98_when_down_from_99_without_search
[==========] Running 1 test from 1 test suite.
[----------] Global test environment set-up.
[----------] 1 test from TVControllerGoldenTest
[ RUN      ] TVControllerGoldenTest.should_go_to_98_when_down_from_99_without_search
[       OK ] TVControllerGoldenTest.should_go_to_98_when_down_from_99_without_search (0 ms)
[----------] 1 test from TVControllerGoldenTest (0 ms total)

[----------] Global test environment tear-down
[==========] 1 test from 1 test suite ran. (0 ms total)
[  PASSED  ] 1 test.
<end of output>
Test time =   0.03 sec
----------------------------------------------------------
Test Passed.
"TVControllerGoldenTest.should_go_to_98_when_down_from_99_without_search" end time: May 19 14:21 ¥Î«—πŒ±π «•¡ÿΩ√
"TVControllerGoldenTest.should_go_to_98_when_down_from_99_without_search" time elapsed: 00:00:00
----------------------------------------------------------

73/77 Testing: TVControllerGoldenTest.should_go_to_14_and_4_when_up_down_from_6_on_search_list
73/77 Test: TVControllerGoldenTest.should_go_to_14_and_4_when_up_down_from_6_on_search_list
Command: "C:/DEV/TDD_TV_14/build/TVControllerGoldenTest.exe" "--gtest_filter=TVControllerGoldenTest.should_go_to_14_and_4_when_up_down_from_6_on_search_list" "--gtest_also_run_disabled_tests"
Directory: C:/DEV/TDD_TV_14/build
"TVControllerGoldenTest.should_go_to_14_and_4_when_up_down_from_6_on_search_list" start time: May 19 14:21 ¥Î«—πŒ±π «•¡ÿΩ√
Output:
----------------------------------------------------------
Running main() from C:\DEV\TDD_TV_14\build\_deps\googletest-src\googletest\src\gtest_main.cc
Note: Google Test filter = TVControllerGoldenTest.should_go_to_14_and_4_when_up_down_from_6_on_search_list
[==========] Running 1 test from 1 test suite.
[----------] Global test environment set-up.
[----------] 1 test from TVControllerGoldenTest
[ RUN      ] TVControllerGoldenTest.should_go_to_14_and_4_when_up_down_from_6_on_search_list
[       OK ] TVControllerGoldenTest.should_go_to_14_and_4_when_up_down_from_6_on_search_list (0 ms)
[----------] 1 test from TVControllerGoldenTest (0 ms total)

[----------] Global test environment tear-down
[==========] 1 test from 1 test suite ran. (0 ms total)
[  PASSED  ] 1 test.
<end of output>
Test time =   0.03 sec
----------------------------------------------------------
Test Passed.
"TVControllerGoldenTest.should_go_to_14_and_4_when_up_down_from_6_on_search_list" end time: May 19 14:21 ¥Î«—πŒ±π «•¡ÿΩ√
"TVControllerGoldenTest.should_go_to_14_and_4_when_up_down_from_6_on_search_list" time elapsed: 00:00:00
----------------------------------------------------------

74/77 Testing: TVControllerGoldenTest.should_go_to_4_and_14_when_up_down_from_15_off_search_list
74/77 Test: TVControllerGoldenTest.should_go_to_4_and_14_when_up_down_from_15_off_search_list
Command: "C:/DEV/TDD_TV_14/build/TVControllerGoldenTest.exe" "--gtest_filter=TVControllerGoldenTest.should_go_to_4_and_14_when_up_down_from_15_off_search_list" "--gtest_also_run_disabled_tests"
Directory: C:/DEV/TDD_TV_14/build
"TVControllerGoldenTest.should_go_to_4_and_14_when_up_down_from_15_off_search_list" start time: May 19 14:21 ¥Î«—πŒ±π «•¡ÿΩ√
Output:
----------------------------------------------------------
Running main() from C:\DEV\TDD_TV_14\build\_deps\googletest-src\googletest\src\gtest_main.cc
Note: Google Test filter = TVControllerGoldenTest.should_go_to_4_and_14_when_up_down_from_15_off_search_list
[==========] Running 1 test from 1 test suite.
[----------] Global test environment set-up.
[----------] 1 test from TVControllerGoldenTest
[ RUN      ] TVControllerGoldenTest.should_go_to_4_and_14_when_up_down_from_15_off_search_list
[       OK ] TVControllerGoldenTest.should_go_to_4_and_14_when_up_down_from_15_off_search_list (0 ms)
[----------] 1 test from TVControllerGoldenTest (0 ms total)

[----------] Global test environment tear-down
[==========] 1 test from 1 test suite ran. (0 ms total)
[  PASSED  ] 1 test.
<end of output>
Test time =   0.03 sec
----------------------------------------------------------
Test Passed.
"TVControllerGoldenTest.should_go_to_4_and_14_when_up_down_from_15_off_search_list" end time: May 19 14:21 ¥Î«—πŒ±π «•¡ÿΩ√
"TVControllerGoldenTest.should_go_to_4_and_14_when_up_down_from_15_off_search_list" time elapsed: 00:00:00
----------------------------------------------------------

75/77 Testing: TVControllerGoldenTest.should_wrap_up_from_14_to_4_on_search_list
75/77 Test: TVControllerGoldenTest.should_wrap_up_from_14_to_4_on_search_list
Command: "C:/DEV/TDD_TV_14/build/TVControllerGoldenTest.exe" "--gtest_filter=TVControllerGoldenTest.should_wrap_up_from_14_to_4_on_search_list" "--gtest_also_run_disabled_tests"
Directory: C:/DEV/TDD_TV_14/build
"TVControllerGoldenTest.should_wrap_up_from_14_to_4_on_search_list" start time: May 19 14:21 ¥Î«—πŒ±π «•¡ÿΩ√
Output:
----------------------------------------------------------
Running main() from C:\DEV\TDD_TV_14\build\_deps\googletest-src\googletest\src\gtest_main.cc
Note: Google Test filter = TVControllerGoldenTest.should_wrap_up_from_14_to_4_on_search_list
[==========] Running 1 test from 1 test suite.
[----------] Global test environment set-up.
[----------] 1 test from TVControllerGoldenTest
[ RUN      ] TVControllerGoldenTest.should_wrap_up_from_14_to_4_on_search_list
[       OK ] TVControllerGoldenTest.should_wrap_up_from_14_to_4_on_search_list (0 ms)
[----------] 1 test from TVControllerGoldenTest (0 ms total)

[----------] Global test environment tear-down
[==========] 1 test from 1 test suite ran. (0 ms total)
[  PASSED  ] 1 test.
<end of output>
Test time =   0.03 sec
----------------------------------------------------------
Test Passed.
"TVControllerGoldenTest.should_wrap_up_from_14_to_4_on_search_list" end time: May 19 14:21 ¥Î«—πŒ±π «•¡ÿΩ√
"TVControllerGoldenTest.should_wrap_up_from_14_to_4_on_search_list" time elapsed: 00:00:00
----------------------------------------------------------

76/77 Testing: TVControllerGoldenTest.should_wrap_down_from_4_to_14_on_search_list
76/77 Test: TVControllerGoldenTest.should_wrap_down_from_4_to_14_on_search_list
Command: "C:/DEV/TDD_TV_14/build/TVControllerGoldenTest.exe" "--gtest_filter=TVControllerGoldenTest.should_wrap_down_from_4_to_14_on_search_list" "--gtest_also_run_disabled_tests"
Directory: C:/DEV/TDD_TV_14/build
"TVControllerGoldenTest.should_wrap_down_from_4_to_14_on_search_list" start time: May 19 14:21 ¥Î«—πŒ±π «•¡ÿΩ√
Output:
----------------------------------------------------------
Running main() from C:\DEV\TDD_TV_14\build\_deps\googletest-src\googletest\src\gtest_main.cc
Note: Google Test filter = TVControllerGoldenTest.should_wrap_down_from_4_to_14_on_search_list
[==========] Running 1 test from 1 test suite.
[----------] Global test environment set-up.
[----------] 1 test from TVControllerGoldenTest
[ RUN      ] TVControllerGoldenTest.should_wrap_down_from_4_to_14_on_search_list
[       OK ] TVControllerGoldenTest.should_wrap_down_from_4_to_14_on_search_list (0 ms)
[----------] 1 test from TVControllerGoldenTest (0 ms total)

[----------] Global test environment tear-down
[==========] 1 test from 1 test suite ran. (0 ms total)
[  PASSED  ] 1 test.
<end of output>
Test time =   0.03 sec
----------------------------------------------------------
Test Passed.
"TVControllerGoldenTest.should_wrap_down_from_4_to_14_on_search_list" end time: May 19 14:21 ¥Î«—πŒ±π «•¡ÿΩ√
"TVControllerGoldenTest.should_wrap_down_from_4_to_14_on_search_list" time elapsed: 00:00:00
----------------------------------------------------------

77/77 Testing: TVControllerGoldenTest.should_navigate_from_0_using_search_list
77/77 Test: TVControllerGoldenTest.should_navigate_from_0_using_search_list
Command: "C:/DEV/TDD_TV_14/build/TVControllerGoldenTest.exe" "--gtest_filter=TVControllerGoldenTest.should_navigate_from_0_using_search_list" "--gtest_also_run_disabled_tests"
Directory: C:/DEV/TDD_TV_14/build
"TVControllerGoldenTest.should_navigate_from_0_using_search_list" start time: May 19 14:21 ¥Î«—πŒ±π «•¡ÿΩ√
Output:
----------------------------------------------------------
Running main() from C:\DEV\TDD_TV_14\build\_deps\googletest-src\googletest\src\gtest_main.cc
Note: Google Test filter = TVControllerGoldenTest.should_navigate_from_0_using_search_list
[==========] Running 1 test from 1 test suite.
[----------] Global test environment set-up.
[----------] 1 test from TVControllerGoldenTest
[ RUN      ] TVControllerGoldenTest.should_navigate_from_0_using_search_list
[       OK ] TVControllerGoldenTest.should_navigate_from_0_using_search_list (0 ms)
[----------] 1 test from TVControllerGoldenTest (0 ms total)

[----------] Global test environment tear-down
[==========] 1 test from 1 test suite ran. (0 ms total)
[  PASSED  ] 1 test.
<end of output>
Test time =   0.03 sec
----------------------------------------------------------
Test Passed.
"TVControllerGoldenTest.should_navigate_from_0_using_search_list" end time: May 19 14:21 ¥Î«—πŒ±π «•¡ÿΩ√
"TVControllerGoldenTest.should_navigate_from_0_using_search_list" time elapsed: 00:00:00
----------------------------------------------------------

End testing: May 19 14:21 ¥Î«—πŒ±π «•¡ÿΩ√

golden =   1.18 sec*proc

