TN:
SF:C:\mingw64\include\c++\15.2.0\bits\stl_pair.h
FN:901,_ZNSt4pairISt17_Rb_tree_iteratorINSt7__cxx1112basic_stringIcSt11char_traitsIcESaIcEEEEbEC1IS7_bLb1EEEOT_OT0_
FNDA:150,_ZNSt4pairISt17_Rb_tree_iteratorINSt7__cxx1112basic_stringIcSt11char_traitsIcESaIcEEEEbEC1IS7_bLb1EEEOT_OT0_
FN:901,_ZNSt4pairISt23_Rb_tree_const_iteratorINSt7__cxx1112basic_stringIcSt11char_traitsIcESaIcEEEEbEC1IRSt17_Rb_tree_iteratorIS6_ERbLb1EEEOT_OT0_
FNDA:150,_ZNSt4pairISt23_Rb_tree_const_iteratorINSt7__cxx1112basic_stringIcSt11char_traitsIcESaIcEEEEbEC1IRSt17_Rb_tree_iteratorIS6_ERbLb1EEEOT_OT0_
FN:901,_ZNSt4pairIKNSt7__cxx1112basic_stringIcSt11char_traitsIcESaIcEEEyEC1IS5_yLb1EEEOT_OT0_
FNDA:30,_ZNSt4pairIKNSt7__cxx1112basic_stringIcSt11char_traitsIcESaIcEEEyEC1IS5_yLb1EEEOT_OT0_
FN:901,_ZNSt4pairINSt8__detail14_Node_iteratorIS_IKNSt7__cxx1112basic_stringIcSt11char_traitsIcESaIcEEEyELb0ELb1EEEbEC1IRSA_bLb1EEEOT_OT0_
FNDA:30,_ZNSt4pairINSt8__detail14_Node_iteratorIS_IKNSt7__cxx1112basic_stringIcSt11char_traitsIcESaIcEEEyELb0ELb1EEEbEC1IRSA_bLb1EEEOT_OT0_
FN:901,_ZNSt4pairINSt8__detail14_Node_iteratorIS_IKNSt7__cxx1112basic_stringIcSt11char_traitsIcESaIcEEEyELb0ELb1EEEbEC1ISA_bLb1EEEOT_OT0_
FNDA:0,_ZNSt4pairINSt8__detail14_Node_iteratorIS_IKNSt7__cxx1112basic_stringIcSt11char_traitsIcESaIcEEEyELb0ELb1EEEbEC1ISA_bLb1EEEOT_OT0_
FN:901,_ZNSt4pairIRKNSt7__cxx1112basic_stringIcSt11char_traitsIcESaIcEEERKyEC1IRS5_RyLb1EEEOT_OT0_
FNDA:30,_ZNSt4pairIRKNSt7__cxx1112basic_stringIcSt11char_traitsIcESaIcEEERKyEC1IRS5_RyLb1EEEOT_OT0_
FN:901,_ZNSt4pairIPSt18_Rb_tree_node_baseS1_EC1IRS1_S1_Lb1EEEOT_OT0_
FNDA:0,_ZNSt4pairIPSt18_Rb_tree_node_baseS1_EC1IRS1_S1_Lb1EEEOT_OT0_
FN:901,_ZNSt4pairIPSt18_Rb_tree_node_baseS1_EC1IRS1_S4_Lb1EEEOT_OT0_
FNDA:208,_ZNSt4pairIPSt18_Rb_tree_node_baseS1_EC1IRS1_S4_Lb1EEEOT_OT0_
DA:901,150
DA:902,150
DA:903,150
DA:901,150
DA:902,300
DA:903,150
DA:901,30
DA:902,60
DA:903,30
DA:901,30
DA:902,30
DA:903,30
DA:901,0
DA:902,0
DA:903,0
DA:901,30
DA:902,30
DA:903,30
DA:901,0
DA:902,0
DA:903,0
DA:901,208
DA:902,208
DA:903,208
end_of_record
SF:C:\mingw64\include\c++\15.2.0\new
FN:206,_ZnwyPv
FNDA:3251,_ZnwyPv
FN:217,_ZdlPvS_
FNDA:0,_ZdlPvS_
DA:206,3251
DA:208,3251
DA:217,0
DA:219,0
end_of_record
SF:C:\DEV\TDD_TV_14\build\_deps\googletest-src\googletest\include\gtest\gtest-printers.h
FN:248,_ZN7testing8internal52internal_stream_operator_without_lexical_name_lookup13StreamPrinter10PrintValueIjvEEDTcvvlsdefp0_fp_ERKT_PSo
FNDA:0,_ZN7testing8internal52internal_stream_operator_without_lexical_name_lookup13StreamPrinter10PrintValueIjvEEDTcvvlsdefp0_fp_ERKT_PSo
FN:248,_ZN7testing8internal52internal_stream_operator_without_lexical_name_lookup13StreamPrinter10PrintValueIyvEEDTcvvlsdefp0_fp_ERKT_PSo
FNDA:0,_ZN7testing8internal52internal_stream_operator_without_lexical_name_lookup13StreamPrinter10PrintValueIyvEEDTcvvlsdefp0_fp_ERKT_PSo
FN:352,_ZN7testing8internal17PrintWithFallbackIyEEvRKT_PSo
FNDA:0,_ZN7testing8internal17PrintWithFallbackIyEEvRKT_PSo
FN:352,_ZN7testing8internal17PrintWithFallbackIjEEvRKT_PSo
FNDA:0,_ZN7testing8internal17PrintWithFallbackIjEEvRKT_PSo
FN:383,_ZN7testing8internal19FormatForComparisonINSt7__cxx1112basic_stringIcSt11char_traitsIcESaIcEEES7_E6FormatERKS7_
FNDA:0,_ZN7testing8internal19FormatForComparisonINSt7__cxx1112basic_stringIcSt11char_traitsIcESaIcEEES7_E6FormatERKS7_
FN:383,_ZN7testing8internal19FormatForComparisonIjyE6FormatB5cxx11ERKj
FNDA:0,_ZN7testing8internal19FormatForComparisonIjyE6FormatB5cxx11ERKj
FN:383,_ZN7testing8internal19FormatForComparisonIyjE6FormatB5cxx11ERKy
FNDA:0,_ZN7testing8internal19FormatForComparisonIyjE6FormatB5cxx11ERKy
FN:463,_ZN7testing8internal33FormatForComparisonFailureMessageINSt7__cxx1112basic_stringIcSt11char_traitsIcESaIcEEES7_EES7_RKT_RKT0_
FNDA:0,_ZN7testing8internal33FormatForComparisonFailureMessageINSt7__cxx1112basic_stringIcSt11char_traitsIcESaIcEEES7_EES7_RKT_RKT0_
FN:463,_ZN7testing8internal33FormatForComparisonFailureMessageIjyEENSt7__cxx1112basic_stringIcSt11char_traitsIcESaIcEEERKT_RKT0_
FNDA:0,_ZN7testing8internal33FormatForComparisonFailureMessageIjyEENSt7__cxx1112basic_stringIcSt11char_traitsIcESaIcEEERKT_RKT0_
FN:463,_ZN7testing8internal33FormatForComparisonFailureMessageIyjEENSt7__cxx1112basic_stringIcSt11char_traitsIcESaIcEEERKT_RKT0_
FNDA:0,_ZN7testing8internal33FormatForComparisonFailureMessageIyjEENSt7__cxx1112basic_stringIcSt11char_traitsIcESaIcEEERKT_RKT0_
FN:490,_ZN7testing8internal7PrintToIyEEvRKT_PSo
FNDA:0,_ZN7testing8internal7PrintToIyEEvRKT_PSo
FN:490,_ZN7testing8internal7PrintToIjEEvRKT_PSo
FNDA:0,_ZN7testing8internal7PrintToIjEEvRKT_PSo
FN:700,_ZN7testing8internal7PrintToERKNSt7__cxx1112basic_stringIcSt11char_traitsIcESaIcEEEPSo
FNDA:150,_ZN7testing8internal7PrintToERKNSt7__cxx1112basic_stringIcSt11char_traitsIcESaIcEEEPSo
FN:827,_ZN7testing8internal12PrintTupleToISt5tupleIJEEEEvRKT_St17integral_constantIyLy0EEPSo
FNDA:0,_ZN7testing8internal12PrintTupleToISt5tupleIJEEEEvRKT_St17integral_constantIyLy0EEPSo
FN:827,_ZN7testing8internal12PrintTupleToISt5tupleIJRKNSt7__cxx1112basic_stringIcSt11char_traitsIcESaIcEEEEEEEvRKT_St17integral_constantIyLy0EEPSo
FNDA:0,_ZN7testing8internal12PrintTupleToISt5tupleIJRKNSt7__cxx1112basic_stringIcSt11char_traitsIcESaIcEEEEEEEvRKT_St17integral_constantIyLy0EEPSo
FN:831,_ZN7testing8internal12PrintTupleToISt5tupleIJRKNSt7__cxx1112basic_stringIcSt11char_traitsIcESaIcEEEEELy1EEEvRKT_St17integral_constantIyXT0_EEPSo
FNDA:0,_ZN7testing8internal12PrintTupleToISt5tupleIJRKNSt7__cxx1112basic_stringIcSt11char_traitsIcESaIcEEEEELy1EEEvRKT_St17integral_constantIyXT0_EEPSo
FN:844,_ZN7testing8internal7PrintToIJRKNSt7__cxx1112basic_stringIcSt11char_traitsIcESaIcEEEEEEvRKSt5tupleIJDpT_EEPSo
FNDA:0,_ZN7testing8internal7PrintToIJRKNSt7__cxx1112basic_stringIcSt11char_traitsIcESaIcEEEEEEvRKSt5tupleIJDpT_EEPSo
FN:844,_ZN7testing8internal7PrintToIJEEEvRKSt5tupleIJDpT_EEPSo
FNDA:0,_ZN7testing8internal7PrintToIJEEEvRKSt5tupleIJDpT_EEPSo
FN:874,_ZN7testing8internal16UniversalPrinterIyE5PrintERKyPSo
FNDA:0,_ZN7testing8internal16UniversalPrinterIyE5PrintERKyPSo
FN:874,_ZN7testing8internal16UniversalPrinterINSt7__cxx1112basic_stringIcSt11char_traitsIcESaIcEEEE5PrintERKS7_PSo
FNDA:150,_ZN7testing8internal16UniversalPrinterINSt7__cxx1112basic_stringIcSt11char_traitsIcESaIcEEEE5PrintERKS7_PSo
FN:874,_ZN7testing8internal16UniversalPrinterIjE5PrintERKjPSo
FNDA:0,_ZN7testing8internal16UniversalPrinterIjE5PrintERKjPSo
FN:874,_ZN7testing8internal16UniversalPrinterISt5tupleIJEEE5PrintERKS3_PSo
FNDA:0,_ZN7testing8internal16UniversalPrinterISt5tupleIJEEE5PrintERKS3_PSo
FN:874,_ZN7testing8internal16UniversalPrinterISt5tupleIJRKNSt7__cxx1112basic_stringIcSt11char_traitsIcESaIcEEEEEE5PrintERKSB_PSo
FNDA:0,_ZN7testing8internal16UniversalPrinterISt5tupleIJRKNSt7__cxx1112basic_stringIcSt11char_traitsIcESaIcEEEEEE5PrintERKSB_PSo
FN:1045,_ZN7testing8internal16UniversalPrinterIRKNSt7__cxx1112basic_stringIcSt11char_traitsIcESaIcEEEE5PrintES9_PSo
FNDA:0,_ZN7testing8internal16UniversalPrinterIRKNSt7__cxx1112basic_stringIcSt11char_traitsIcESaIcEEEE5PrintES9_PSo
FN:1064,_ZN7testing8internal21UniversalTersePrinterIjE5PrintERKjPSo
FNDA:0,_ZN7testing8internal21UniversalTersePrinterIjE5PrintERKjPSo
FN:1064,_ZN7testing8internal21UniversalTersePrinterIyE5PrintERKyPSo
FNDA:0,_ZN7testing8internal21UniversalTersePrinterIyE5PrintERKyPSo
FN:1064,_ZN7testing8internal21UniversalTersePrinterINSt7__cxx1112basic_stringIcSt11char_traitsIcESaIcEEEE5PrintERKS7_PSo
FNDA:150,_ZN7testing8internal21UniversalTersePrinterINSt7__cxx1112basic_stringIcSt11char_traitsIcESaIcEEEE5PrintERKS7_PSo
FN:1183,_ZN7testing8internal14UniversalPrintIjEEvRKT_PSo
FNDA:0,_ZN7testing8internal14UniversalPrintIjEEvRKT_PSo
FN:1183,_ZN7testing8internal14UniversalPrintIyEEvRKT_PSo
FNDA:0,_ZN7testing8internal14UniversalPrintIyEEvRKT_PSo
FN:1183,_ZN7testing8internal14UniversalPrintISt5tupleIJRKNSt7__cxx1112basic_stringIcSt11char_traitsIcESaIcEEEEEEEvRKT_PSo
FNDA:0,_ZN7testing8internal14UniversalPrintISt5tupleIJRKNSt7__cxx1112basic_stringIcSt11char_traitsIcESaIcEEEEEEEvRKT_PSo
FN:1183,_ZN7testing8internal14UniversalPrintISt5tupleIJEEEEvRKT_PSo
FNDA:0,_ZN7testing8internal14UniversalPrintISt5tupleIJEEEEvRKT_PSo
FN:1183,_ZN7testing8internal14UniversalPrintINSt7__cxx1112basic_stringIcSt11char_traitsIcESaIcEEEEEvRKT_PSo
FNDA:150,_ZN7testing8internal14UniversalPrintINSt7__cxx1112basic_stringIcSt11char_traitsIcESaIcEEEEEvRKT_PSo
FN:1223,_ZN7testing13PrintToStringINSt7__cxx1112basic_stringIcSt11char_traitsIcESaIcEEEEES6_RKT_
FNDA:150,_ZN7testing13PrintToStringINSt7__cxx1112basic_stringIcSt11char_traitsIcESaIcEEEEES6_RKT_
FN:1223,_ZN7testing13PrintToStringIjEENSt7__cxx1112basic_stringIcSt11char_traitsIcESaIcEEERKT_
FNDA:0,_ZN7testing13PrintToStringIjEENSt7__cxx1112basic_stringIcSt11char_traitsIcESaIcEEERKT_
FN:1223,_ZN7testing13PrintToStringIyEENSt7__cxx1112basic_stringIcSt11char_traitsIcESaIcEEERKT_
FNDA:0,_ZN7testing13PrintToStringIyEENSt7__cxx1112basic_stringIcSt11char_traitsIcESaIcEEERKT_
DA:248,0
DA:252,0
DA:253,0
DA:248,0
DA:252,0
DA:253,0
DA:352,0
DA:362,0
DA:363,0
DA:352,0
DA:362,0
DA:363,0
DA:383,0
DA:384,0
DA:383,0
DA:384,0
DA:383,0
DA:384,0
DA:463,0
DA:465,0
DA:463,0
DA:465,0
DA:463,0
DA:465,0
DA:490,0
DA:491,0
DA:492,0
DA:490,0
DA:491,0
DA:492,0
DA:700,150
DA:701,150
DA:702,150
DA:827,0
DA:828,0
DA:827,0
DA:828,0
DA:831,0
DA:833,0
DA:839,0
DA:841,0
DA:844,0
DA:845,0
DA:846,0
DA:847,0
DA:848,0
DA:844,0
DA:845,0
DA:846,0
DA:847,0
DA:848,0
DA:874,0
DA:883,0
DA:884,0
DA:874,0
DA:883,0
DA:884,0
DA:874,0
DA:883,0
DA:884,0
DA:874,0
DA:883,0
DA:884,0
DA:874,150
DA:883,150
DA:884,150
DA:1045,0
DA:1048,0
DA:1051,0
DA:1052,0
DA:1064,0
DA:1065,0
DA:1066,0
DA:1064,0
DA:1065,0
DA:1066,0
DA:1064,150
DA:1065,150
DA:1066,150
DA:1183,0
DA:1187,0
DA:1188,0
DA:1183,0
DA:1187,0
DA:1188,0
DA:1183,0
DA:1187,0
DA:1188,0
DA:1183,0
DA:1187,0
DA:1188,0
DA:1183,150
DA:1187,150
DA:1188,150
DA:1223,0
DA:1224,0
DA:1225,0
DA:1226,0
DA:1227,0
DA:1223,0
DA:1224,0
DA:1225,0
DA:1226,0
DA:1227,0
DA:1223,150
DA:1224,150
DA:1225,150
DA:1226,300
DA:1227,150
end_of_record
SF:C:\mingw64\include\c++\15.2.0\bits\unique_ptr.h
FN:87,_ZNKSt14default_deleteIN7testing8internal19TestMetaFactoryBaseINSt7__cxx1112basic_stringIcSt11char_traitsIcESaIcEEEEEEclEPS9_
FNDA:0,_ZNKSt14default_deleteIN7testing8internal19TestMetaFactoryBaseINSt7__cxx1112basic_stringIcSt11char_traitsIcESaIcEEEEEEclEPS9_
FN:87,_ZNKSt14default_deleteIKNSt7__cxx1112basic_stringIcSt11char_traitsIcESaIcEEEEclEPS6_
FNDA:150,_ZNKSt14default_deleteIKNSt7__cxx1112basic_stringIcSt11char_traitsIcESaIcEEEEclEPS6_
FN:87,_ZNKSt14default_deleteINSt7__cxx1118basic_stringstreamIcSt11char_traitsIcESaIcEEEEclEPS5_
FNDA:985,_ZNKSt14default_deleteINSt7__cxx1118basic_stringstreamIcSt11char_traitsIcESaIcEEEEclEPS5_
FN:87,_ZNKSt14default_deleteINSt7__cxx1112basic_stringIcSt11char_traitsIcESaIcEEEEclEPS5_
FNDA:0,_ZNKSt14default_deleteINSt7__cxx1112basic_stringIcSt11char_traitsIcESaIcEEEEclEPS5_
FN:87,_ZNKSt14default_deleteIN7testing8internal22ParamIteratorInterfaceINSt7__cxx1112basic_stringIcSt11char_traitsIcESaIcEEEEEEclEPS9_
FNDA:60,_ZNKSt14default_deleteIN7testing8internal22ParamIteratorInterfaceINSt7__cxx1112basic_stringIcSt11char_traitsIcESaIcEEEEEEclEPS9_
FN:168,_ZNSt15__uniq_ptr_implIKNSt7__cxx1112basic_stringIcSt11char_traitsIcESaIcEEESt14default_deleteIS6_EEC2Ev
FNDA:60,_ZNSt15__uniq_ptr_implIKNSt7__cxx1112basic_stringIcSt11char_traitsIcESaIcEEESt14default_deleteIS6_EEC2Ev
FN:168,_ZNSt15__uniq_ptr_implINSt7__cxx1112basic_stringIcSt11char_traitsIcESaIcEEESt14default_deleteIS5_EEC2Ev
FNDA:28,_ZNSt15__uniq_ptr_implINSt7__cxx1112basic_stringIcSt11char_traitsIcESaIcEEESt14default_deleteIS5_EEC2Ev
FN:170,_ZNSt15__uniq_ptr_implIN7testing8internal22ParamIteratorInterfaceINSt7__cxx1112basic_stringIcSt11char_traitsIcESaIcEEEEESt14default_deleteIS9_EEC2EPS9_
FNDA:60,_ZNSt15__uniq_ptr_implIN7testing8internal22ParamIteratorInterfaceINSt7__cxx1112basic_stringIcSt11char_traitsIcESaIcEEEEESt14default_deleteIS9_EEC2EPS9_
FN:170,_ZNSt15__uniq_ptr_implIN7testing8internal19TestMetaFactoryBaseINSt7__cxx1112basic_stringIcSt11char_traitsIcESaIcEEEEESt14default_deleteIS9_EEC2EPS9_
FNDA:30,_ZNSt15__uniq_ptr_implIN7testing8internal19TestMetaFactoryBaseINSt7__cxx1112basic_stringIcSt11char_traitsIcESaIcEEEEESt14default_deleteIS9_EEC2EPS9_
FN:191,_ZNSt15__uniq_ptr_implINSt7__cxx1118basic_stringstreamIcSt11char_traitsIcESaIcEEESt14default_deleteIS5_EE6_M_ptrEv
FNDA:1970,_ZNSt15__uniq_ptr_implINSt7__cxx1118basic_stringstreamIcSt11char_traitsIcESaIcEEESt14default_deleteIS5_EE6_M_ptrEv
FN:191,_ZNSt15__uniq_ptr_implIN7testing8internal22ParamIteratorInterfaceINSt7__cxx1112basic_stringIcSt11char_traitsIcESaIcEEEEESt14default_deleteIS9_EE6_M_ptrEv
FNDA:120,_ZNSt15__uniq_ptr_implIN7testing8internal22ParamIteratorInterfaceINSt7__cxx1112basic_stringIcSt11char_traitsIcESaIcEEEEESt14default_deleteIS9_EE6_M_ptrEv
FN:191,_ZNSt15__uniq_ptr_implIN7testing8internal19TestMetaFactoryBaseINSt7__cxx1112basic_stringIcSt11char_traitsIcESaIcEEEEESt14default_deleteIS9_EE6_M_ptrEv
FNDA:30,_ZNSt15__uniq_ptr_implIN7testing8internal19TestMetaFactoryBaseINSt7__cxx1112basic_stringIcSt11char_traitsIcESaIcEEEEESt14default_deleteIS9_EE6_M_ptrEv
FN:191,_ZNSt15__uniq_ptr_implIKNSt7__cxx1112basic_stringIcSt11char_traitsIcESaIcEEESt14default_deleteIS6_EE6_M_ptrEv
FNDA:1095,_ZNSt15__uniq_ptr_implIKNSt7__cxx1112basic_stringIcSt11char_traitsIcESaIcEEESt14default_deleteIS6_EE6_M_ptrEv
FN:191,_ZNSt15__uniq_ptr_implINSt7__cxx1112basic_stringIcSt11char_traitsIcESaIcEEESt14default_deleteIS5_EE6_M_ptrEv
FNDA:28,_ZNSt15__uniq_ptr_implINSt7__cxx1112basic_stringIcSt11char_traitsIcESaIcEEESt14default_deleteIS5_EE6_M_ptrEv
FN:193,_ZNKSt15__uniq_ptr_implIKNSt7__cxx1112basic_stringIcSt11char_traitsIcESaIcEEESt14default_deleteIS6_EE6_M_ptrEv
FNDA:712,_ZNKSt15__uniq_ptr_implIKNSt7__cxx1112basic_stringIcSt11char_traitsIcESaIcEEESt14default_deleteIS6_EE6_M_ptrEv
FN:193,_ZNKSt15__uniq_ptr_implINSt7__cxx1112basic_stringIcSt11char_traitsIcESaIcEEESt14default_deleteIS5_EE6_M_ptrEv
FNDA:0,_ZNKSt15__uniq_ptr_implINSt7__cxx1112basic_stringIcSt11char_traitsIcESaIcEEESt14default_deleteIS5_EE6_M_ptrEv
FN:193,_ZNKSt15__uniq_ptr_implIN7testing8internal19TestMetaFactoryBaseINSt7__cxx1112basic_stringIcSt11char_traitsIcESaIcEEEEESt14default_deleteIS9_EE6_M_ptrEv
FNDA:150,_ZNKSt15__uniq_ptr_implIN7testing8internal19TestMetaFactoryBaseINSt7__cxx1112basic_stringIcSt11char_traitsIcESaIcEEEEESt14default_deleteIS9_EE6_M_ptrEv
FN:193,_ZNKSt15__uniq_ptr_implIN7testing8internal22ParamIteratorInterfaceINSt7__cxx1112basic_stringIcSt11char_traitsIcESaIcEEEEESt14default_deleteIS9_EE6_M_ptrEv
FNDA:1200,_ZNKSt15__uniq_ptr_implIN7testing8internal22ParamIteratorInterfaceINSt7__cxx1112basic_stringIcSt11char_traitsIcESaIcEEEEESt14default_deleteIS9_EE6_M_ptrEv
FN:195,_ZNSt15__uniq_ptr_implINSt7__cxx1112basic_stringIcSt11char_traitsIcESaIcEEESt14default_deleteIS5_EE10_M_deleterEv
FNDA:0,_ZNSt15__uniq_ptr_implINSt7__cxx1112basic_stringIcSt11char_traitsIcESaIcEEESt14default_deleteIS5_EE10_M_deleterEv
FN:195,_ZNSt15__uniq_ptr_implIN7testing8internal22ParamIteratorInterfaceINSt7__cxx1112basic_stringIcSt11char_traitsIcESaIcEEEEESt14default_deleteIS9_EE10_M_deleterEv
FNDA:60,_ZNSt15__uniq_ptr_implIN7testing8internal22ParamIteratorInterfaceINSt7__cxx1112basic_stringIcSt11char_traitsIcESaIcEEEEESt14default_deleteIS9_EE10_M_deleterEv
FN:195,_ZNSt15__uniq_ptr_implIKNSt7__cxx1112basic_stringIcSt11char_traitsIcESaIcEEESt14default_deleteIS6_EE10_M_deleterEv
FNDA:150,_ZNSt15__uniq_ptr_implIKNSt7__cxx1112basic_stringIcSt11char_traitsIcESaIcEEESt14default_deleteIS6_EE10_M_deleterEv
FN:195,_ZNSt15__uniq_ptr_implINSt7__cxx1118basic_stringstreamIcSt11char_traitsIcESaIcEEESt14default_deleteIS5_EE10_M_deleterEv
FNDA:985,_ZNSt15__uniq_ptr_implINSt7__cxx1118basic_stringstreamIcSt11char_traitsIcESaIcEEESt14default_deleteIS5_EE10_M_deleterEv
FN:195,_ZNSt15__uniq_ptr_implIN7testing8internal19TestMetaFactoryBaseINSt7__cxx1112basic_stringIcSt11char_traitsIcESaIcEEEEESt14default_deleteIS9_EE10_M_deleterEv
FNDA:0,_ZNSt15__uniq_ptr_implIN7testing8internal19TestMetaFactoryBaseINSt7__cxx1112basic_stringIcSt11char_traitsIcESaIcEEEEESt14default_deleteIS9_EE10_M_deleterEv
FN:200,_ZNSt15__uniq_ptr_implIKNSt7__cxx1112basic_stringIcSt11char_traitsIcESaIcEEESt14default_deleteIS6_EE5resetEPS6_
FNDA:300,_ZNSt15__uniq_ptr_implIKNSt7__cxx1112basic_stringIcSt11char_traitsIcESaIcEEESt14default_deleteIS6_EE5resetEPS6_
FN:298,_ZNSt10unique_ptrINSt7__cxx1112basic_stringIcSt11char_traitsIcESaIcEEESt14default_deleteIS5_EEC1IS7_vEEv
FNDA:28,_ZNSt10unique_ptrINSt7__cxx1112basic_stringIcSt11char_traitsIcESaIcEEESt14default_deleteIS5_EEC1IS7_vEEv
FN:298,_ZNSt10unique_ptrIKNSt7__cxx1112basic_stringIcSt11char_traitsIcESaIcEEESt14default_deleteIS6_EEC1IS8_vEEv
FNDA:60,_ZNSt10unique_ptrIKNSt7__cxx1112basic_stringIcSt11char_traitsIcESaIcEEESt14default_deleteIS6_EEC1IS8_vEEv
FN:311,_ZNSt10unique_ptrIN7testing8internal22ParamIteratorInterfaceINSt7__cxx1112basic_stringIcSt11char_traitsIcESaIcEEEEESt14default_deleteIS9_EEC1ISB_vEEPS9_
FNDA:60,_ZNSt10unique_ptrIN7testing8internal22ParamIteratorInterfaceINSt7__cxx1112basic_stringIcSt11char_traitsIcESaIcEEEEESt14default_deleteIS9_EEC1ISB_vEEPS9_
FN:311,_ZNSt10unique_ptrIN7testing8internal19TestMetaFactoryBaseINSt7__cxx1112basic_stringIcSt11char_traitsIcESaIcEEEEESt14default_deleteIS9_EEC1ISB_vEEPS9_
FNDA:30,_ZNSt10unique_ptrIN7testing8internal19TestMetaFactoryBaseINSt7__cxx1112basic_stringIcSt11char_traitsIcESaIcEEEEESt14default_deleteIS9_EEC1ISB_vEEPS9_
FN:393,_ZNSt10unique_ptrINSt7__cxx1112basic_stringIcSt11char_traitsIcESaIcEEESt14default_deleteIS5_EED1Ev
FNDA:28,_ZNSt10unique_ptrINSt7__cxx1112basic_stringIcSt11char_traitsIcESaIcEEESt14default_deleteIS5_EED1Ev
FN:393,_ZNSt10unique_ptrINSt7__cxx1118basic_stringstreamIcSt11char_traitsIcESaIcEEESt14default_deleteIS5_EED1Ev
FNDA:985,_ZNSt10unique_ptrINSt7__cxx1118basic_stringstreamIcSt11char_traitsIcESaIcEEESt14default_deleteIS5_EED1Ev
FN:393,_ZNSt10unique_ptrIN7testing8internal19TestMetaFactoryBaseINSt7__cxx1112basic_stringIcSt11char_traitsIcESaIcEEEEESt14default_deleteIS9_EED1Ev
FNDA:0,_ZNSt10unique_ptrIN7testing8internal19TestMetaFactoryBaseINSt7__cxx1112basic_stringIcSt11char_traitsIcESaIcEEEEESt14default_deleteIS9_EED1Ev
FN:393,_ZNSt10unique_ptrIN7testing8internal22ParamIteratorInterfaceINSt7__cxx1112basic_stringIcSt11char_traitsIcESaIcEEEEESt14default_deleteIS9_EED1Ev
FNDA:60,_ZNSt10unique_ptrIN7testing8internal22ParamIteratorInterfaceINSt7__cxx1112basic_stringIcSt11char_traitsIcESaIcEEEEESt14default_deleteIS9_EED1Ev
FN:393,_ZNSt10unique_ptrIKNSt7__cxx1112basic_stringIcSt11char_traitsIcESaIcEEESt14default_deleteIS6_EED1Ev
FNDA:60,_ZNSt10unique_ptrIKNSt7__cxx1112basic_stringIcSt11char_traitsIcESaIcEEESt14default_deleteIS6_EED1Ev
FN:446,_ZNKSt10unique_ptrIN7testing8internal22ParamIteratorInterfaceINSt7__cxx1112basic_stringIcSt11char_traitsIcESaIcEEEEESt14default_deleteIS9_EEdeEv
FNDA:180,_ZNKSt10unique_ptrIN7testing8internal22ParamIteratorInterfaceINSt7__cxx1112basic_stringIcSt11char_traitsIcESaIcEEEEESt14default_deleteIS9_EEdeEv
FN:463,_ZNKSt10unique_ptrIN7testing8internal19TestMetaFactoryBaseINSt7__cxx1112basic_stringIcSt11char_traitsIcESaIcEEEEESt14default_deleteIS9_EEptEv
FNDA:150,_ZNKSt10unique_ptrIN7testing8internal19TestMetaFactoryBaseINSt7__cxx1112basic_stringIcSt11char_traitsIcESaIcEEEEESt14default_deleteIS9_EEptEv
FN:463,_ZNKSt10unique_ptrINSt7__cxx1112basic_stringIcSt11char_traitsIcESaIcEEESt14default_deleteIS5_EEptEv
FNDA:0,_ZNKSt10unique_ptrINSt7__cxx1112basic_stringIcSt11char_traitsIcESaIcEEESt14default_deleteIS5_EEptEv
FN:463,_ZNKSt10unique_ptrIN7testing8internal22ParamIteratorInterfaceINSt7__cxx1112basic_stringIcSt11char_traitsIcESaIcEEEEESt14default_deleteIS9_EEptEv
FNDA:480,_ZNKSt10unique_ptrIN7testing8internal22ParamIteratorInterfaceINSt7__cxx1112basic_stringIcSt11char_traitsIcESaIcEEEEESt14default_deleteIS9_EEptEv
FN:472,_ZNKSt10unique_ptrIKNSt7__cxx1112basic_stringIcSt11char_traitsIcESaIcEEESt14default_deleteIS6_EE3getEv
FNDA:712,_ZNKSt10unique_ptrIKNSt7__cxx1112basic_stringIcSt11char_traitsIcESaIcEEESt14default_deleteIS6_EE3getEv
FN:472,_ZNKSt10unique_ptrIN7testing8internal19TestMetaFactoryBaseINSt7__cxx1112basic_stringIcSt11char_traitsIcESaIcEEEEESt14default_deleteIS9_EE3getEv
FNDA:150,_ZNKSt10unique_ptrIN7testing8internal19TestMetaFactoryBaseINSt7__cxx1112basic_stringIcSt11char_traitsIcESaIcEEEEESt14default_deleteIS9_EE3getEv
FN:472,_ZNKSt10unique_ptrINSt7__cxx1112basic_stringIcSt11char_traitsIcESaIcEEESt14default_deleteIS5_EE3getEv
FNDA:0,_ZNKSt10unique_ptrINSt7__cxx1112basic_stringIcSt11char_traitsIcESaIcEEESt14default_deleteIS5_EE3getEv
FN:472,_ZNKSt10unique_ptrIN7testing8internal22ParamIteratorInterfaceINSt7__cxx1112basic_stringIcSt11char_traitsIcESaIcEEEEESt14default_deleteIS9_EE3getEv
FNDA:1200,_ZNKSt10unique_ptrIN7testing8internal22ParamIteratorInterfaceINSt7__cxx1112basic_stringIcSt11char_traitsIcESaIcEEEEESt14default_deleteIS9_EE3getEv
FN:478,_ZNSt10unique_ptrIN7testing8internal19TestMetaFactoryBaseINSt7__cxx1112basic_stringIcSt11char_traitsIcESaIcEEEEESt14default_deleteIS9_EE11get_deleterEv
FNDA:0,_ZNSt10unique_ptrIN7testing8internal19TestMetaFactoryBaseINSt7__cxx1112basic_stringIcSt11char_traitsIcESaIcEEEEESt14default_deleteIS9_EE11get_deleterEv
FN:478,_ZNSt10unique_ptrINSt7__cxx1118basic_stringstreamIcSt11char_traitsIcESaIcEEESt14default_deleteIS5_EE11get_deleterEv
FNDA:985,_ZNSt10unique_ptrINSt7__cxx1118basic_stringstreamIcSt11char_traitsIcESaIcEEESt14default_deleteIS5_EE11get_deleterEv
FN:478,_ZNSt10unique_ptrIKNSt7__cxx1112basic_stringIcSt11char_traitsIcESaIcEEESt14default_deleteIS6_EE11get_deleterEv
FNDA:0,_ZNSt10unique_ptrIKNSt7__cxx1112basic_stringIcSt11char_traitsIcESaIcEEESt14default_deleteIS6_EE11get_deleterEv
FN:478,_ZNSt10unique_ptrINSt7__cxx1112basic_stringIcSt11char_traitsIcESaIcEEESt14default_deleteIS5_EE11get_deleterEv
FNDA:0,_ZNSt10unique_ptrINSt7__cxx1112basic_stringIcSt11char_traitsIcESaIcEEESt14default_deleteIS5_EE11get_deleterEv
FN:478,_ZNSt10unique_ptrIN7testing8internal22ParamIteratorInterfaceINSt7__cxx1112basic_stringIcSt11char_traitsIcESaIcEEEEESt14default_deleteIS9_EE11get_deleterEv
FNDA:60,_ZNSt10unique_ptrIN7testing8internal22ParamIteratorInterfaceINSt7__cxx1112basic_stringIcSt11char_traitsIcESaIcEEEEESt14default_deleteIS9_EE11get_deleterEv
FN:489,_ZNKSt10unique_ptrINSt7__cxx1112basic_stringIcSt11char_traitsIcESaIcEEESt14default_deleteIS5_EEcvbEv
FNDA:0,_ZNKSt10unique_ptrINSt7__cxx1112basic_stringIcSt11char_traitsIcESaIcEEESt14default_deleteIS5_EEcvbEv
FN:508,_ZNSt10unique_ptrIKNSt7__cxx1112basic_stringIcSt11char_traitsIcESaIcEEESt14default_deleteIS6_EE5resetEPS6_
FNDA:300,_ZNSt10unique_ptrIKNSt7__cxx1112basic_stringIcSt11char_traitsIcESaIcEEESt14default_deleteIS6_EE5resetEPS6_
FN:878,_ZStneINSt7__cxx1112basic_stringIcSt11char_traitsIcESaIcEEESt14default_deleteIS5_EEbRKSt10unique_ptrIT_T0_EDn
FNDA:0,_ZStneINSt7__cxx1112basic_stringIcSt11char_traitsIcESaIcEEESt14default_deleteIS5_EEbRKSt10unique_ptrIT_T0_EDn
DA:87,150
DA:93,150
DA:94,150
DA:87,60
DA:93,60
DA:94,60
DA:87,0
DA:93,0
DA:94,0
DA:87,0
DA:93,0
DA:94,0
DA:87,985
DA:93,985
DA:94,985
DA:168,60
DA:168,28
DA:170,60
DA:170,30
DA:191,1095
DA:191,120
DA:191,30
DA:191,28
DA:191,1970
DA:193,1200
DA:193,150
DA:193,712
DA:193,0
DA:195,150
DA:195,60
DA:195,0
DA:195,985
DA:195,0
DA:200,300
DA:202,300
DA:203,300
DA:204,300
DA:205,150
DA:206,300
DA:298,60
DA:299,60
DA:300,60
DA:298,28
DA:299,28
DA:300,28
DA:311,60
DA:312,60
DA:313,60
DA:311,30
DA:312,30
DA:313,30
DA:393,60
DA:397,60
DA:398,60
DA:399,0
DA:400,60
DA:401,60
DA:393,60
DA:397,60
DA:398,60
DA:399,120
DA:400,60
DA:401,60
DA:393,0
DA:397,0
DA:398,0
DA:399,0
DA:400,0
DA:401,0
DA:393,28
DA:397,28
DA:398,28
DA:399,0
DA:400,28
DA:401,28
DA:393,985
DA:397,985
DA:398,985
DA:399,1970
DA:400,985
DA:401,985
DA:446,180
DA:456,180
DA:457,180
DA:463,480
DA:466,480
DA:463,150
DA:466,150
DA:463,0
DA:466,0
DA:472,1200
DA:473,1200
DA:472,150
DA:473,150
DA:472,712
DA:473,712
DA:472,0
DA:473,0
DA:478,0
DA:479,0
DA:478,60
DA:479,60
DA:478,0
DA:479,0
DA:478,0
DA:479,0
DA:478,985
DA:479,985
DA:489,0
DA:490,0
DA:508,300
DA:512,600
DA:513,300
DA:878,0
DA:879,0
end_of_record
SF:C:\mingw64\include\c++\15.2.0\bits\functional_hash.h
FN:207,_ZNSt10_Hash_impl4hashEPKvyy
FNDA:819,_ZNSt10_Hash_impl4hashEPKvyy
DA:207,819
DA:209,819
end_of_record
SF:C:\mingw64\include\c++\15.2.0\bits\stl_iterator_base_funcs.h
DA:108,30
DA:153,5780
DA:154,5810
end_of_record
SF:C:\mingw64\include\c++\15.2.0\bits\basic_string.tcc
FN:143,_ZNSt7__cxx1112basic_stringIcSt11char_traitsIcESaIcEE9_M_createERyy
FNDA:2640,_ZNSt7__cxx1112basic_stringIcSt11char_traitsIcESaIcEE9_M_createERyy
FN:227,_ZNSt7__cxx1112basic_stringIcSt11char_traitsIcESaIcEE12_M_constructIPKcEEvT_S8_St20forward_iterator_tag
FNDA:2875,_ZNSt7__cxx1112basic_stringIcSt11char_traitsIcESaIcEE12_M_constructIPKcEEvT_S8_St20forward_iterator_tag
FN:245,_ZZNSt7__cxx1112basic_stringIcSt11char_traitsIcESaIcEE12_M_constructIPKcEEvT_S8_St20forward_iterator_tagEN6_GuardC1EPS4_
FNDA:2875,_ZZNSt7__cxx1112basic_stringIcSt11char_traitsIcESaIcEE12_M_constructIPKcEEvT_S8_St20forward_iterator_tagEN6_GuardC1EPS4_
FN:248,_ZZNSt7__cxx1112basic_stringIcSt11char_traitsIcESaIcEE12_M_constructIPKcEEvT_S8_St20forward_iterator_tagEN6_GuardD1Ev
FNDA:2875,_ZZNSt7__cxx1112basic_stringIcSt11char_traitsIcESaIcEE12_M_constructIPKcEEvT_S8_St20forward_iterator_tagEN6_GuardD1Ev
FN:286,_ZNSt7__cxx1112basic_stringIcSt11char_traitsIcESaIcEE12_M_constructILb1EEEvPKcy
FNDA:1732,_ZNSt7__cxx1112basic_stringIcSt11char_traitsIcESaIcEE12_M_constructILb1EEEvPKcy
FN:308,_ZNSt7__cxx1112basic_stringIcSt11char_traitsIcESaIcEE9_M_assignERKS4_
FNDA:171,_ZNSt7__cxx1112basic_stringIcSt11char_traitsIcESaIcEE9_M_assignERKS4_
FN:335,_ZNSt7__cxx1112basic_stringIcSt11char_traitsIcESaIcEE7reserveEy
FNDA:1406,_ZNSt7__cxx1112basic_stringIcSt11char_traitsIcESaIcEE7reserveEy
FN:356,_ZNSt7__cxx1112basic_stringIcSt11char_traitsIcESaIcEE9_M_mutateEyyPKcy
FNDA:470,_ZNSt7__cxx1112basic_stringIcSt11char_traitsIcESaIcEE9_M_mutateEyyPKcy
FN:381,_ZNSt7__cxx1112basic_stringIcSt11char_traitsIcESaIcEE8_M_eraseEyy
FNDA:0,_ZNSt7__cxx1112basic_stringIcSt11char_traitsIcESaIcEE8_M_eraseEyy
FN:444,_ZNSt7__cxx1112basic_stringIcSt11char_traitsIcESaIcEE9_M_appendEPKcy
FNDA:1827,_ZNSt7__cxx1112basic_stringIcSt11char_traitsIcESaIcEE9_M_appendEPKcy
FN:481,_ZNSt7__cxx1112basic_stringIcSt11char_traitsIcESaIcEE14_M_replace_auxEyyyc
FNDA:0,_ZNSt7__cxx1112basic_stringIcSt11char_traitsIcESaIcEE14_M_replace_auxEyyyc
FN:510,_ZNSt7__cxx1112basic_stringIcSt11char_traitsIcESaIcEE15_M_replace_coldEPcyPKcyy
FNDA:0,_ZNSt7__cxx1112basic_stringIcSt11char_traitsIcESaIcEE15_M_replace_coldEPcyPKcyy
FN:542,_ZNSt7__cxx1112basic_stringIcSt11char_traitsIcESaIcEE10_M_replaceEyyPKcy
FNDA:41,_ZNSt7__cxx1112basic_stringIcSt11char_traitsIcESaIcEE10_M_replaceEyyPKcy
FN:614,_ZNSt7__cxx1112basic_stringIcSt11char_traitsIcESaIcEE22__resize_and_overwriteIZNS_9to_stringEyEUlPcyE_EEvyT_
FNDA:150,_ZNSt7__cxx1112basic_stringIcSt11char_traitsIcESaIcEE22__resize_and_overwriteIZNS_9to_stringEyEUlPcyE_EEvyT_
FN:628,_ZZNSt7__cxx1112basic_stringIcSt11char_traitsIcESaIcEE22__resize_and_overwriteIZNS_9to_stringEyEUlPcyE_EEvyT_EN11_TerminatorD1Ev
FNDA:150,_ZZNSt7__cxx1112basic_stringIcSt11char_traitsIcESaIcEE22__resize_and_overwriteIZNS_9to_stringEyEUlPcyE_EEvyT_EN11_TerminatorD1Ev
FN:657,_ZNKSt7__cxx1112basic_stringIcSt11char_traitsIcESaIcEE4findEPKcyy
FNDA:0,_ZNKSt7__cxx1112basic_stringIcSt11char_traitsIcESaIcEE4findEPKcyy
DA:143,2640
DA:148,2640
DA:149,0
DA:154,2640
DA:156,626
DA:158,626
DA:159,0
DA:164,2640
DA:227,2875
DA:231,2875
DA:233,2875
DA:235,662
DA:236,662
DA:245,2875
DA:248,2875
DA:251,2875
DA:253,2875
DA:255,2875
DA:257,2875
DA:258,2875
DA:286,1732
DA:289,1732
DA:291,493
DA:292,493
DA:298,1732
DA:300,1732
DA:303,1732
DA:308,171
DA:311,171
DA:313,171
DA:314,171
DA:316,171
DA:318,28
DA:319,28
DA:320,28
DA:321,28
DA:322,28
DA:325,171
DA:326,93
DA:328,171
DA:330,171
DA:335,1406
DA:338,1406
DA:343,1406
DA:344,419
DA:346,987
DA:347,987
DA:348,987
DA:349,987
DA:350,987
DA:356,470
DA:360,470
DA:362,470
DA:363,470
DA:365,470
DA:366,403
DA:367,470
DA:368,470
DA:369,470
DA:370,0
DA:371,0
DA:373,470
DA:374,470
DA:375,470
DA:376,470
DA:381,0
DA:384,0
DA:386,0
DA:387,0
DA:389,0
DA:390,0
DA:444,1827
DA:447,1827
DA:449,1827
DA:451,1394
DA:452,1388
DA:455,433
DA:457,1827
DA:458,1827
DA:481,0
DA:485,0
DA:487,0
DA:488,0
DA:490,0
DA:492,0
DA:494,0
DA:495,0
DA:496,0
DA:499,0
DA:501,0
DA:502,0
DA:504,0
DA:505,0
DA:510,0
DA:515,0
DA:516,0
DA:517,0
DA:518,0
DA:519,0
DA:521,0
DA:522,0
DA:523,0
DA:527,0
DA:528,0
DA:532,0
DA:533,0
DA:534,0
DA:537,0
DA:542,41
DA:546,41
DA:548,41
DA:549,41
DA:551,41
DA:553,4
DA:555,4
DA:568,4
DA:570,4
DA:571,0
DA:572,4
DA:573,4
DA:576,0
DA:579,37
DA:581,41
DA:582,41
DA:614,150
DA:621,150
DA:622,150
DA:628,150
DA:632,150
DA:633,150
DA:641,150
DA:642,150
DA:643,0
DA:644,150
DA:657,0
DA:662,0
DA:664,0
DA:665,0
DA:666,0
DA:667,0
DA:669,0
DA:670,0
DA:671,0
DA:672,0
DA:673,0
DA:675,0
DA:678,0
DA:679,0
DA:680,0
DA:684,0
DA:685,0
DA:686,0
DA:688,0
end_of_record
SF:C:\mingw64\include\c++\15.2.0\bits\vector.tcc
FN:111,_ZNSt6vectorIPKvSaIS1_EE12emplace_backIJS1_EEERS1_DpOT_
FNDA:11,_ZNSt6vectorIPKvSaIS1_EE12emplace_backIJS1_EEERS1_DpOT_
FN:111,_ZNSt6vectorIPN7testing8internal30ParameterizedTestSuiteInfoBaseESaIS3_EE12emplace_backIJS3_EEERS3_DpOT_
FNDA:30,_ZNSt6vectorIPN7testing8internal30ParameterizedTestSuiteInfoBaseESaIS3_EE12emplace_backIJS3_EEERS3_DpOT_
FN:111,_ZNSt6vectorIN7testing8internal26ParameterizedTestSuiteInfoI23TunerInvalidChannelTestE17InstantiationInfoESaIS5_EE12emplace_backIJNSt7__cxx1112basic_stringIcSt11char_traitsIcESaIcEEERPFNS1_14ParamGeneratorISE_EEvERPFSE_RKNS0_13TestParamInfoISE_EEERPKcRiEEERS5_DpOT_
FNDA:15,_ZNSt6vectorIN7testing8internal26ParameterizedTestSuiteInfoI23TunerInvalidChannelTestE17InstantiationInfoESaIS5_EE12emplace_backIJNSt7__cxx1112basic_stringIcSt11char_traitsIcESaIcEEERPFNS1_14ParamGeneratorISE_EEvERPFSE_RKNS0_13TestParamInfoISE_EEERPKcRiEEERS5_DpOT_
FN:111,_ZNSt6vectorISt10shared_ptrIN7testing8internal26ParameterizedTestSuiteInfoI23TunerInvalidChannelTestE8TestInfoEESaIS7_EE12emplace_backIJPS6_EEERS7_DpOT_
FNDA:15,_ZNSt6vectorISt10shared_ptrIN7testing8internal26ParameterizedTestSuiteInfoI23TunerInvalidChannelTestE8TestInfoEESaIS7_EE12emplace_backIJPS6_EEERS7_DpOT_
FN:111,_ZNSt6vectorIN7testing8internal26ParameterizedTestSuiteInfoI21TunerValidChannelTestE17InstantiationInfoESaIS5_EE12emplace_backIJNSt7__cxx1112basic_stringIcSt11char_traitsIcESaIcEEERPFNS1_14ParamGeneratorISE_EEvERPFSE_RKNS0_13TestParamInfoISE_EEERPKcRiEEERS5_DpOT_
FNDA:15,_ZNSt6vectorIN7testing8internal26ParameterizedTestSuiteInfoI21TunerValidChannelTestE17InstantiationInfoESaIS5_EE12emplace_backIJNSt7__cxx1112basic_stringIcSt11char_traitsIcESaIcEEERPFNS1_14ParamGeneratorISE_EEvERPFSE_RKNS0_13TestParamInfoISE_EEERPKcRiEEERS5_DpOT_
FN:111,_ZNSt6vectorISt10shared_ptrIN7testing8internal26ParameterizedTestSuiteInfoI21TunerValidChannelTestE8TestInfoEESaIS7_EE12emplace_backIJPS6_EEERS7_DpOT_
FNDA:15,_ZNSt6vectorISt10shared_ptrIN7testing8internal26ParameterizedTestSuiteInfoI21TunerValidChannelTestE8TestInfoEESaIS7_EE12emplace_backIJPS6_EEERS7_DpOT_
FN:557,_ZNSt6vectorIPKvSaIS1_EE17_M_realloc_appendIJS1_EEEvDpOT_
FNDA:11,_ZNSt6vectorIPKvSaIS1_EE17_M_realloc_appendIJS1_EEEvDpOT_
FN:557,_ZNSt6vectorIPN7testing8internal30ParameterizedTestSuiteInfoBaseESaIS3_EE17_M_realloc_appendIJS3_EEEvDpOT_
FNDA:30,_ZNSt6vectorIPN7testing8internal30ParameterizedTestSuiteInfoBaseESaIS3_EE17_M_realloc_appendIJS3_EEEvDpOT_
FN:557,_ZNSt6vectorISt10shared_ptrIN7testing8internal15ExpectationBaseEESaIS4_EE17_M_realloc_appendIJRKS4_EEEvDpOT_
FNDA:19,_ZNSt6vectorISt10shared_ptrIN7testing8internal15ExpectationBaseEESaIS4_EE17_M_realloc_appendIJRKS4_EEEvDpOT_
FN:557,_ZNSt6vectorIN7testing8internal26ParameterizedTestSuiteInfoI23TunerInvalidChannelTestE17InstantiationInfoESaIS5_EE17_M_realloc_appendIJNSt7__cxx1112basic_stringIcSt11char_traitsIcESaIcEEERPFNS1_14ParamGeneratorISE_EEvERPFSE_RKNS0_13TestParamInfoISE_EEERPKcRiEEEvDpOT_
FNDA:15,_ZNSt6vectorIN7testing8internal26ParameterizedTestSuiteInfoI23TunerInvalidChannelTestE17InstantiationInfoESaIS5_EE17_M_realloc_appendIJNSt7__cxx1112basic_stringIcSt11char_traitsIcESaIcEEERPFNS1_14ParamGeneratorISE_EEvERPFSE_RKNS0_13TestParamInfoISE_EEERPKcRiEEEvDpOT_
FN:557,_ZNSt6vectorISt10shared_ptrIN7testing8internal26ParameterizedTestSuiteInfoI23TunerInvalidChannelTestE8TestInfoEESaIS7_EE17_M_realloc_appendIJPS6_EEEvDpOT_
FNDA:15,_ZNSt6vectorISt10shared_ptrIN7testing8internal26ParameterizedTestSuiteInfoI23TunerInvalidChannelTestE8TestInfoEESaIS7_EE17_M_realloc_appendIJPS6_EEEvDpOT_
FN:557,_ZNSt6vectorIN7testing8internal26ParameterizedTestSuiteInfoI21TunerValidChannelTestE17InstantiationInfoESaIS5_EE17_M_realloc_appendIJNSt7__cxx1112basic_stringIcSt11char_traitsIcESaIcEEERPFNS1_14ParamGeneratorISE_EEvERPFSE_RKNS0_13TestParamInfoISE_EEERPKcRiEEEvDpOT_
FNDA:15,_ZNSt6vectorIN7testing8internal26ParameterizedTestSuiteInfoI21TunerValidChannelTestE17InstantiationInfoESaIS5_EE17_M_realloc_appendIJNSt7__cxx1112basic_stringIcSt11char_traitsIcESaIcEEERPFNS1_14ParamGeneratorISE_EEvERPFSE_RKNS0_13TestParamInfoISE_EEERPKcRiEEEvDpOT_
FN:557,_ZNSt6vectorISt10shared_ptrIN7testing8internal26ParameterizedTestSuiteInfoI21TunerValidChannelTestE8TestInfoEESaIS7_EE17_M_realloc_appendIJPS6_EEEvDpOT_
FNDA:15,_ZNSt6vectorISt10shared_ptrIN7testing8internal26ParameterizedTestSuiteInfoI21TunerValidChannelTestE8TestInfoEESaIS7_EE17_M_realloc_appendIJPS6_EEEvDpOT_
FN:557,_ZNSt6vectorINSt7__cxx1112basic_stringIcSt11char_traitsIcESaIcEEESaIS5_EE17_M_realloc_appendIJRKS5_EEEvDpOT_
FNDA:10,_ZNSt6vectorINSt7__cxx1112basic_stringIcSt11char_traitsIcESaIcEEESaIS5_EE17_M_realloc_appendIJRKS5_EEEvDpOT_
DA:111,11
DA:114,11
DA:117,0
DA:119,0
DA:123,11
DA:125,11
DA:111,30
DA:114,30
DA:117,0
DA:119,0
DA:123,30
DA:125,30
DA:111,15
DA:114,15
DA:117,0
DA:119,0
DA:123,75
DA:125,15
DA:111,15
DA:114,15
DA:117,0
DA:119,0
DA:123,15
DA:125,15
DA:111,15
DA:114,15
DA:117,0
DA:119,0
DA:123,75
DA:125,15
DA:111,15
DA:114,15
DA:117,0
DA:119,0
DA:123,15
DA:125,15
DA:557,11
DA:566,11
DA:567,11
DA:568,0
DA:569,11
DA:570,11
DA:571,11
DA:572,11
DA:573,11
DA:576,11
DA:586,11
DA:587,11
DA:599,11
DA:600,11
DA:601,11
DA:638,11
DA:639,11
DA:640,11
DA:644,11
DA:645,11
DA:646,11
DA:647,11
DA:557,30
DA:566,30
DA:567,30
DA:568,0
DA:569,30
DA:570,30
DA:571,30
DA:572,30
DA:573,30
DA:576,30
DA:586,30
DA:587,30
DA:599,30
DA:600,30
DA:601,30
DA:638,30
DA:639,30
DA:640,30
DA:644,30
DA:645,30
DA:646,30
DA:647,30
DA:557,19
DA:566,19
DA:567,19
DA:568,0
DA:569,19
DA:570,19
DA:571,19
DA:572,19
DA:573,19
DA:576,19
DA:586,19
DA:587,19
DA:599,19
DA:600,19
DA:601,19
DA:638,19
DA:639,19
DA:640,19
DA:644,19
DA:645,19
DA:646,19
DA:647,19
DA:557,15
DA:566,15
DA:567,15
DA:568,0
DA:569,15
DA:570,15
DA:571,15
DA:572,15
DA:573,15
DA:576,15
DA:586,75
DA:587,15
DA:599,15
DA:600,15
DA:601,15
DA:638,15
DA:639,15
DA:640,15
DA:644,15
DA:645,15
DA:646,15
DA:647,15
DA:557,15
DA:566,15
DA:567,15
DA:568,0
DA:569,15
DA:570,15
DA:571,15
DA:572,15
DA:573,15
DA:576,15
DA:586,15
DA:587,15
DA:599,15
DA:600,15
DA:601,15
DA:638,15
DA:639,15
DA:640,15
DA:644,15
DA:645,15
DA:646,15
DA:647,15
DA:557,15
DA:566,15
DA:567,15
DA:568,0
DA:569,15
DA:570,15
DA:571,15
DA:572,15
DA:573,15
DA:576,15
DA:586,75
DA:587,15
DA:599,15
DA:600,15
DA:601,15
DA:638,15
DA:639,15
DA:640,15
DA:644,15
DA:645,15
DA:646,15
DA:647,15
DA:557,15
DA:566,15
DA:567,15
DA:568,0
DA:569,15
DA:570,15
DA:571,15
DA:572,15
DA:573,15
DA:576,15
DA:586,15
DA:587,15
DA:599,15
DA:600,15
DA:601,15
DA:638,15
DA:639,15
DA:640,15
DA:644,15
DA:645,15
DA:646,15
DA:647,15
DA:557,10
DA:566,10
DA:567,10
DA:568,0
DA:569,10
DA:570,10
DA:571,10
DA:572,10
DA:573,10
DA:576,10
DA:586,10
DA:587,10
DA:599,10
DA:600,10
DA:601,10
DA:638,10
DA:639,10
DA:640,10
DA:644,10
DA:645,10
DA:646,10
DA:647,10
end_of_record
SF:C:\mingw64\include\c++\15.2.0\bits\stl_iterator.h
FN:190,_ZNSt16reverse_iteratorIN9__gnu_cxx17__normal_iteratorIPKSt10shared_ptrIN7testing8internal15ExpectationBaseEESt6vectorIS6_SaIS6_EEEEEC1ESC_
FNDA:74,_ZNSt16reverse_iteratorIN9__gnu_cxx17__normal_iteratorIPKSt10shared_ptrIN7testing8internal15ExpectationBaseEESt6vectorIS6_SaIS6_EEEEEC1ESC_
FN:190,_ZNSt16reverse_iteratorIN9__gnu_cxx17__normal_iteratorIPKPKvSt6vectorIS3_SaIS3_EEEEEC1ES9_
FNDA:12,_ZNSt16reverse_iteratorIN9__gnu_cxx17__normal_iteratorIPKPKvSt6vectorIS3_SaIS3_EEEEEC1ES9_
FN:243,_ZNKSt16reverse_iteratorIN9__gnu_cxx17__normal_iteratorIPKSt10shared_ptrIN7testing8internal15ExpectationBaseEESt6vectorIS6_SaIS6_EEEEE4baseEv
FNDA:74,_ZNKSt16reverse_iteratorIN9__gnu_cxx17__normal_iteratorIPKSt10shared_ptrIN7testing8internal15ExpectationBaseEESt6vectorIS6_SaIS6_EEEEE4baseEv
FN:243,_ZNKSt16reverse_iteratorIN9__gnu_cxx17__normal_iteratorIPKPKvSt6vectorIS3_SaIS3_EEEEE4baseEv
FNDA:12,_ZNKSt16reverse_iteratorIN9__gnu_cxx17__normal_iteratorIPKPKvSt6vectorIS3_SaIS3_EEEEE4baseEv
FN:259,_ZNKSt16reverse_iteratorIN9__gnu_cxx17__normal_iteratorIPKPKvSt6vectorIS3_SaIS3_EEEEEdeEv
FNDA:0,_ZNKSt16reverse_iteratorIN9__gnu_cxx17__normal_iteratorIPKPKvSt6vectorIS3_SaIS3_EEEEEdeEv
FN:272,_ZNKSt16reverse_iteratorIN9__gnu_cxx17__normal_iteratorIPKSt10shared_ptrIN7testing8internal15ExpectationBaseEESt6vectorIS6_SaIS6_EEEEEptEv
FNDA:37,_ZNKSt16reverse_iteratorIN9__gnu_cxx17__normal_iteratorIPKSt10shared_ptrIN7testing8internal15ExpectationBaseEESt6vectorIS6_SaIS6_EEEEEptEv
FN:291,_ZNSt16reverse_iteratorIN9__gnu_cxx17__normal_iteratorIPKSt10shared_ptrIN7testing8internal15ExpectationBaseEESt6vectorIS6_SaIS6_EEEEEppEv
FNDA:0,_ZNSt16reverse_iteratorIN9__gnu_cxx17__normal_iteratorIPKSt10shared_ptrIN7testing8internal15ExpectationBaseEESt6vectorIS6_SaIS6_EEEEEppEv
FN:291,_ZNSt16reverse_iteratorIN9__gnu_cxx17__normal_iteratorIPKPKvSt6vectorIS3_SaIS3_EEEEEppEv
FNDA:0,_ZNSt16reverse_iteratorIN9__gnu_cxx17__normal_iteratorIPKPKvSt6vectorIS3_SaIS3_EEEEEppEv
FN:425,_ZNSt16reverse_iteratorIN9__gnu_cxx17__normal_iteratorIPKSt10shared_ptrIN7testing8internal15ExpectationBaseEESt6vectorIS6_SaIS6_EEEEE13_S_to_pointerISC_EES8_T_
FNDA:37,_ZNSt16reverse_iteratorIN9__gnu_cxx17__normal_iteratorIPKSt10shared_ptrIN7testing8internal15ExpectationBaseEESt6vectorIS6_SaIS6_EEEEE13_S_to_pointerISC_EES8_T_
FN:443,_ZSteqIN9__gnu_cxx17__normal_iteratorIPKSt10shared_ptrIN7testing8internal15ExpectationBaseEESt6vectorIS6_SaIS6_EEEEEbRKSt16reverse_iteratorIT_ESH_
FNDA:37,_ZSteqIN9__gnu_cxx17__normal_iteratorIPKSt10shared_ptrIN7testing8internal15ExpectationBaseEESt6vectorIS6_SaIS6_EEEEEbRKSt16reverse_iteratorIT_ESH_
FN:443,_ZSteqIN9__gnu_cxx17__normal_iteratorIPKPKvSt6vectorIS3_SaIS3_EEEEEbRKSt16reverse_iteratorIT_ESE_
FNDA:6,_ZSteqIN9__gnu_cxx17__normal_iteratorIPKPKvSt6vectorIS3_SaIS3_EEEEEbRKSt16reverse_iteratorIT_ESE_
FN:457,_ZStneIN9__gnu_cxx17__normal_iteratorIPKSt10shared_ptrIN7testing8internal15ExpectationBaseEESt6vectorIS6_SaIS6_EEEEEbRKSt16reverse_iteratorIT_ESH_
FNDA:37,_ZStneIN9__gnu_cxx17__normal_iteratorIPKSt10shared_ptrIN7testing8internal15ExpectationBaseEESt6vectorIS6_SaIS6_EEEEEbRKSt16reverse_iteratorIT_ESH_
FN:457,_ZStneIN9__gnu_cxx17__normal_iteratorIPKPKvSt6vectorIS3_SaIS3_EEEEEbRKSt16reverse_iteratorIT_ESE_
FNDA:6,_ZStneIN9__gnu_cxx17__normal_iteratorIPKPKvSt6vectorIS3_SaIS3_EEEEEbRKSt16reverse_iteratorIT_ESE_
DA:190,74
DA:192,74
DA:193,74
DA:190,12
DA:192,12
DA:193,12
DA:243,74
DA:245,74
DA:243,12
DA:245,12
DA:259,0
DA:261,0
DA:262,0
DA:272,37
DA:280,37
DA:282,37
DA:291,0
DA:293,0
DA:294,0
DA:291,0
DA:293,0
DA:294,0
DA:425,37
DA:426,37
DA:443,37
DA:445,74
DA:443,6
DA:445,12
DA:457,37
DA:459,37
DA:457,6
DA:459,6
DA:1058,4488
DA:1059,4387
DA:1070,58
DA:1082,58
DA:1090,517
DA:1096,37
DA:1103,416
DA:1104,416
DA:1120,37
DA:1121,37
DA:1160,101
DA:1166,986
DA:1231,648
DA:1239,138
DA:1247,750
DA:1340,320
DA:3011,4036
end_of_record
SF:C:\mingw64\include\c++\15.2.0\bits\stl_tree.h
FN:134,_ZNKSt18_Rb_tree_node_base11_M_base_ptrEv
FNDA:1720,_ZNKSt18_Rb_tree_node_base11_M_base_ptrEv
FN:144,_ZNSt20_Rb_tree_key_compareISt4lessINSt7__cxx1112basic_stringIcSt11char_traitsIcESaIcEEEEEC2Ev
FNDA:60,_ZNSt20_Rb_tree_key_compareISt4lessINSt7__cxx1112basic_stringIcSt11char_traitsIcESaIcEEEEEC2Ev
FN:144,_ZNSt20_Rb_tree_key_compareIN7testing11Expectation4LessEEC2Ev
FNDA:19,_ZNSt20_Rb_tree_key_compareIN7testing11Expectation4LessEEC2Ev
FN:171,_ZNSt15_Rb_tree_headerC2Ev
FNDA:133,_ZNSt15_Rb_tree_headerC2Ev
FN:204,_ZNSt15_Rb_tree_header8_M_resetEv
FNDA:172,_ZNSt15_Rb_tree_header8_M_resetEv
FN:230,_ZNSt13_Rb_tree_nodeINSt7__cxx1112basic_stringIcSt11char_traitsIcESaIcEEEE9_M_valptrEv
FNDA:300,_ZNSt13_Rb_tree_nodeINSt7__cxx1112basic_stringIcSt11char_traitsIcESaIcEEEE9_M_valptrEv
FN:230,_ZNSt13_Rb_tree_nodeIN7testing11ExpectationEE9_M_valptrEv
FNDA:0,_ZNSt13_Rb_tree_nodeIN7testing11ExpectationEE9_M_valptrEv
FN:234,_ZNKSt13_Rb_tree_nodeINSt7__cxx1112basic_stringIcSt11char_traitsIcESaIcEEEE9_M_valptrEv
FNDA:720,_ZNKSt13_Rb_tree_nodeINSt7__cxx1112basic_stringIcSt11char_traitsIcESaIcEEEE9_M_valptrEv
FN:234,_ZNKSt13_Rb_tree_nodeIN7testing11ExpectationEE9_M_valptrEv
FNDA:0,_ZNKSt13_Rb_tree_nodeIN7testing11ExpectationEE9_M_valptrEv
FN:239,_ZNSt13_Rb_tree_nodeINSt7__cxx1112basic_stringIcSt11char_traitsIcESaIcEEEE11_M_node_ptrEv
FNDA:150,_ZNSt13_Rb_tree_nodeINSt7__cxx1112basic_stringIcSt11char_traitsIcESaIcEEEE11_M_node_ptrEv
FN:239,_ZNSt13_Rb_tree_nodeIN7testing11ExpectationEE11_M_node_ptrEv
FNDA:0,_ZNSt13_Rb_tree_nodeIN7testing11ExpectationEE11_M_node_ptrEv
FN:388,_ZNSt17_Rb_tree_iteratorINSt7__cxx1112basic_stringIcSt11char_traitsIcESaIcEEEEC1EPSt18_Rb_tree_node_base
FNDA:330,_ZNSt17_Rb_tree_iteratorINSt7__cxx1112basic_stringIcSt11char_traitsIcESaIcEEEEC1EPSt18_Rb_tree_node_base
FN:415,_ZNSt17_Rb_tree_iteratorINSt7__cxx1112basic_stringIcSt11char_traitsIcESaIcEEEEmmEv
FNDA:0,_ZNSt17_Rb_tree_iteratorINSt7__cxx1112basic_stringIcSt11char_traitsIcESaIcEEEEmmEv
FN:430,_ZSteqRKSt17_Rb_tree_iteratorINSt7__cxx1112basic_stringIcSt11char_traitsIcESaIcEEEES8_
FNDA:30,_ZSteqRKSt17_Rb_tree_iteratorINSt7__cxx1112basic_stringIcSt11char_traitsIcESaIcEEEES8_
FN:463,_ZNSt23_Rb_tree_const_iteratorIN7testing11ExpectationEEC1EPSt18_Rb_tree_node_base
FNDA:148,_ZNSt23_Rb_tree_const_iteratorIN7testing11ExpectationEEC1EPSt18_Rb_tree_node_base
FN:463,_ZNSt23_Rb_tree_const_iteratorINSt7__cxx1112basic_stringIcSt11char_traitsIcESaIcEEEEC1EPSt18_Rb_tree_node_base
FNDA:600,_ZNSt23_Rb_tree_const_iteratorINSt7__cxx1112basic_stringIcSt11char_traitsIcESaIcEEEEC1EPSt18_Rb_tree_node_base
FN:466,_ZNSt23_Rb_tree_const_iteratorINSt7__cxx1112basic_stringIcSt11char_traitsIcESaIcEEEEC1ERKSt17_Rb_tree_iteratorIS5_E
FNDA:150,_ZNSt23_Rb_tree_const_iteratorINSt7__cxx1112basic_stringIcSt11char_traitsIcESaIcEEEEC1ERKSt17_Rb_tree_iteratorIS5_E
FN:474,_ZNKSt23_Rb_tree_const_iteratorIN7testing11ExpectationEEptEv
FNDA:0,_ZNKSt23_Rb_tree_const_iteratorIN7testing11ExpectationEEptEv
FN:478,_ZNSt23_Rb_tree_const_iteratorIN7testing11ExpectationEEppEv
FNDA:0,_ZNSt23_Rb_tree_const_iteratorIN7testing11ExpectationEEppEv
FN:508,_ZSteqRKSt23_Rb_tree_const_iteratorINSt7__cxx1112basic_stringIcSt11char_traitsIcESaIcEEEES8_
FNDA:300,_ZSteqRKSt23_Rb_tree_const_iteratorINSt7__cxx1112basic_stringIcSt11char_traitsIcESaIcEEEES8_
FN:514,_ZStneRKSt23_Rb_tree_const_iteratorIN7testing11ExpectationEES4_
FNDA:74,_ZStneRKSt23_Rb_tree_const_iteratorIN7testing11ExpectationEES4_
FN:689,_ZNSt9__rb_tree12_Node_traitsINSt7__cxx1112basic_stringIcSt11char_traitsIcESaIcEEEPS6_E23_S_insert_and_rebalanceEbPSt18_Rb_tree_node_baseSA_RS9_
FNDA:150,_ZNSt9__rb_tree12_Node_traitsINSt7__cxx1112basic_stringIcSt11char_traitsIcESaIcEEEPS6_E23_S_insert_and_rebalanceEbPSt18_Rb_tree_node_baseSA_RS9_
FN:1130,_ZNSt8_Rb_treeINSt7__cxx1112basic_stringIcSt11char_traitsIcESaIcEEES5_St9_IdentityIS5_ESt4lessIS5_ESaIS5_EE11_Alloc_nodeC1ERSB_
FNDA:150,_ZNSt8_Rb_treeINSt7__cxx1112basic_stringIcSt11char_traitsIcESaIcEEES5_St9_IdentityIS5_ESt4lessIS5_ESaIS5_EE11_Alloc_nodeC1ERSB_
FN:1135,_ZNKSt8_Rb_treeINSt7__cxx1112basic_stringIcSt11char_traitsIcESaIcEEES5_St9_IdentityIS5_ESt4lessIS5_ESaIS5_EE11_Alloc_nodeclIS5_EEPSt13_Rb_tree_nodeIS5_EOT_
FNDA:150,_ZNKSt8_Rb_treeINSt7__cxx1112basic_stringIcSt11char_traitsIcESaIcEEES5_St9_IdentityIS5_ESt4lessIS5_ESaIS5_EE11_Alloc_nodeclIS5_EEPSt13_Rb_tree_nodeIS5_EOT_
FN:1154,_ZNSt8_Rb_treeIN7testing11ExpectationES1_St9_IdentityIS1_ENS1_4LessESaIS1_EE21_M_get_Node_allocatorEv
FNDA:0,_ZNSt8_Rb_treeIN7testing11ExpectationES1_St9_IdentityIS1_ENS1_4LessESaIS1_EE21_M_get_Node_allocatorEv
FN:1154,_ZNSt8_Rb_treeINSt7__cxx1112basic_stringIcSt11char_traitsIcESaIcEEES5_St9_IdentityIS5_ESt4lessIS5_ESaIS5_EE21_M_get_Node_allocatorEv
FNDA:600,_ZNSt8_Rb_treeINSt7__cxx1112basic_stringIcSt11char_traitsIcESaIcEEES5_St9_IdentityIS5_ESt4lessIS5_ESaIS5_EE21_M_get_Node_allocatorEv
FN:1167,_ZNSt8_Rb_treeINSt7__cxx1112basic_stringIcSt11char_traitsIcESaIcEEES5_St9_IdentityIS5_ESt4lessIS5_ESaIS5_EE11_M_get_nodeEv
FNDA:150,_ZNSt8_Rb_treeINSt7__cxx1112basic_stringIcSt11char_traitsIcESaIcEEES5_St9_IdentityIS5_ESt4lessIS5_ESaIS5_EE11_M_get_nodeEv
FN:1188,_ZNSt8_Rb_treeIN7testing11ExpectationES1_St9_IdentityIS1_ENS1_4LessESaIS1_EE11_M_put_nodeEPSt13_Rb_tree_nodeIS1_E
FNDA:0,_ZNSt8_Rb_treeIN7testing11ExpectationES1_St9_IdentityIS1_ENS1_4LessESaIS1_EE11_M_put_nodeEPSt13_Rb_tree_nodeIS1_E
FN:1188,_ZNSt8_Rb_treeINSt7__cxx1112basic_stringIcSt11char_traitsIcESaIcEEES5_St9_IdentityIS5_ESt4lessIS5_ESaIS5_EE11_M_put_nodeEPSt13_Rb_tree_nodeIS5_E
FNDA:150,_ZNSt8_Rb_treeINSt7__cxx1112basic_stringIcSt11char_traitsIcESaIcEEES5_St9_IdentityIS5_ESt4lessIS5_ESaIS5_EE11_M_put_nodeEPSt13_Rb_tree_nodeIS5_E
FN:1232,_ZNSt8_Rb_treeINSt7__cxx1112basic_stringIcSt11char_traitsIcESaIcEEES5_St9_IdentityIS5_ESt4lessIS5_ESaIS5_EE17_M_construct_nodeIJS5_EEEvPSt13_Rb_tree_nodeIS5_EDpOT_
FNDA:150,_ZNSt8_Rb_treeINSt7__cxx1112basic_stringIcSt11char_traitsIcESaIcEEES5_St9_IdentityIS5_ESt4lessIS5_ESaIS5_EE17_M_construct_nodeIJS5_EEEvPSt13_Rb_tree_nodeIS5_EDpOT_
FN:1251,_ZNSt8_Rb_treeINSt7__cxx1112basic_stringIcSt11char_traitsIcESaIcEEES5_St9_IdentityIS5_ESt4lessIS5_ESaIS5_EE14_M_create_nodeIJS5_EEEPSt13_Rb_tree_nodeIS5_EDpOT_
FNDA:150,_ZNSt8_Rb_treeINSt7__cxx1112basic_stringIcSt11char_traitsIcESaIcEEES5_St9_IdentityIS5_ESt4lessIS5_ESaIS5_EE14_M_create_nodeIJS5_EEEPSt13_Rb_tree_nodeIS5_EDpOT_
FN:1260,_ZNSt8_Rb_treeIN7testing11ExpectationES1_St9_IdentityIS1_ENS1_4LessESaIS1_EE15_M_destroy_nodeEPSt13_Rb_tree_nodeIS1_E
FNDA:0,_ZNSt8_Rb_treeIN7testing11ExpectationES1_St9_IdentityIS1_ENS1_4LessESaIS1_EE15_M_destroy_nodeEPSt13_Rb_tree_nodeIS1_E
FN:1260,_ZNSt8_Rb_treeINSt7__cxx1112basic_stringIcSt11char_traitsIcESaIcEEES5_St9_IdentityIS5_ESt4lessIS5_ESaIS5_EE15_M_destroy_nodeEPSt13_Rb_tree_nodeIS5_E
FNDA:150,_ZNSt8_Rb_treeINSt7__cxx1112basic_stringIcSt11char_traitsIcESaIcEEES5_St9_IdentityIS5_ESt4lessIS5_ESaIS5_EE15_M_destroy_nodeEPSt13_Rb_tree_nodeIS5_E
FN:1271,_ZNSt8_Rb_treeINSt7__cxx1112basic_stringIcSt11char_traitsIcESaIcEEES5_St9_IdentityIS5_ESt4lessIS5_ESaIS5_EE12_M_drop_nodeEPSt13_Rb_tree_nodeIS5_E
FNDA:150,_ZNSt8_Rb_treeINSt7__cxx1112basic_stringIcSt11char_traitsIcESaIcEEES5_St9_IdentityIS5_ESt4lessIS5_ESaIS5_EE12_M_drop_nodeEPSt13_Rb_tree_nodeIS5_E
FN:1271,_ZNSt8_Rb_treeIN7testing11ExpectationES1_St9_IdentityIS1_ENS1_4LessESaIS1_EE12_M_drop_nodeEPSt13_Rb_tree_nodeIS1_E
FNDA:0,_ZNSt8_Rb_treeIN7testing11ExpectationES1_St9_IdentityIS1_ENS1_4LessESaIS1_EE12_M_drop_nodeEPSt13_Rb_tree_nodeIS1_E
FN:1310,_ZNSt8_Rb_treeIN7testing11ExpectationES1_St9_IdentityIS1_ENS1_4LessESaIS1_EE13_Rb_tree_implIS4_Lb1EEC1Ev
FNDA:19,_ZNSt8_Rb_treeIN7testing11ExpectationES1_St9_IdentityIS1_ENS1_4LessESaIS1_EE13_Rb_tree_implIS4_Lb1EEC1Ev
FN:1310,_ZNSt8_Rb_treeINSt7__cxx1112basic_stringIcSt11char_traitsIcESaIcEEES5_St9_IdentityIS5_ESt4lessIS5_ESaIS5_EE13_Rb_tree_implIS9_Lb1EEC1Ev
FNDA:45,_ZNSt8_Rb_treeINSt7__cxx1112basic_stringIcSt11char_traitsIcESaIcEEES5_St9_IdentityIS5_ESt4lessIS5_ESaIS5_EE13_Rb_tree_implIS9_Lb1EEC1Ev
FN:1377,_ZNKSt8_Rb_treeINSt7__cxx1112basic_stringIcSt11char_traitsIcESaIcEEES5_St9_IdentityIS5_ESt4lessIS5_ESaIS5_EE8_M_beginEv
FNDA:300,_ZNKSt8_Rb_treeINSt7__cxx1112basic_stringIcSt11char_traitsIcESaIcEEES5_St9_IdentityIS5_ESt4lessIS5_ESaIS5_EE8_M_beginEv
FN:1381,_ZNKSt8_Rb_treeIN7testing11ExpectationES1_St9_IdentityIS1_ENS1_4LessESaIS1_EE13_M_begin_nodeEv
FNDA:19,_ZNKSt8_Rb_treeIN7testing11ExpectationES1_St9_IdentityIS1_ENS1_4LessESaIS1_EE13_M_begin_nodeEv
FN:1381,_ZNKSt8_Rb_treeINSt7__cxx1112basic_stringIcSt11char_traitsIcESaIcEEES5_St9_IdentityIS5_ESt4lessIS5_ESaIS5_EE13_M_begin_nodeEv
FNDA:30,_ZNKSt8_Rb_treeINSt7__cxx1112basic_stringIcSt11char_traitsIcESaIcEEES5_St9_IdentityIS5_ESt4lessIS5_ESaIS5_EE13_M_begin_nodeEv
FN:1390,_ZNKSt8_Rb_treeINSt7__cxx1112basic_stringIcSt11char_traitsIcESaIcEEES5_St9_IdentityIS5_ESt4lessIS5_ESaIS5_EE6_M_endEv
FNDA:900,_ZNKSt8_Rb_treeINSt7__cxx1112basic_stringIcSt11char_traitsIcESaIcEEES5_St9_IdentityIS5_ESt4lessIS5_ESaIS5_EE6_M_endEv
FN:1390,_ZNKSt8_Rb_treeIN7testing11ExpectationES1_St9_IdentityIS1_ENS1_4LessESaIS1_EE6_M_endEv
FNDA:74,_ZNKSt8_Rb_treeIN7testing11ExpectationES1_St9_IdentityIS1_ENS1_4LessESaIS1_EE6_M_endEv
FN:1394,_ZNSt8_Rb_treeINSt7__cxx1112basic_stringIcSt11char_traitsIcESaIcEEES5_St9_IdentityIS5_ESt4lessIS5_ESaIS5_EE6_S_keyERKSt13_Rb_tree_nodeIS5_E
FNDA:720,_ZNSt8_Rb_treeINSt7__cxx1112basic_stringIcSt11char_traitsIcESaIcEEES5_St9_IdentityIS5_ESt4lessIS5_ESaIS5_EE6_S_keyERKSt13_Rb_tree_nodeIS5_E
FN:1416,_ZNSt8_Rb_treeINSt7__cxx1112basic_stringIcSt11char_traitsIcESaIcEEES5_St9_IdentityIS5_ESt4lessIS5_ESaIS5_EE6_S_keyEPSt18_Rb_tree_node_base
FNDA:720,_ZNSt8_Rb_treeINSt7__cxx1112basic_stringIcSt11char_traitsIcESaIcEEES5_St9_IdentityIS5_ESt4lessIS5_ESaIS5_EE6_S_keyEPSt18_Rb_tree_node_base
FN:1424,_ZNSt8_Rb_treeINSt7__cxx1112basic_stringIcSt11char_traitsIcESaIcEEES5_St9_IdentityIS5_ESt4lessIS5_ESaIS5_EE7_S_leftEPSt18_Rb_tree_node_base
FNDA:0,_ZNSt8_Rb_treeINSt7__cxx1112basic_stringIcSt11char_traitsIcESaIcEEES5_St9_IdentityIS5_ESt4lessIS5_ESaIS5_EE7_S_leftEPSt18_Rb_tree_node_base
FN:1428,_ZNSt8_Rb_treeIN7testing11ExpectationES1_St9_IdentityIS1_ENS1_4LessESaIS1_EE7_S_leftEPSt13_Rb_tree_nodeIS1_E
FNDA:0,_ZNSt8_Rb_treeIN7testing11ExpectationES1_St9_IdentityIS1_ENS1_4LessESaIS1_EE7_S_leftEPSt13_Rb_tree_nodeIS1_E
FN:1428,_ZNSt8_Rb_treeINSt7__cxx1112basic_stringIcSt11char_traitsIcESaIcEEES5_St9_IdentityIS5_ESt4lessIS5_ESaIS5_EE7_S_leftEPSt13_Rb_tree_nodeIS5_E
FNDA:150,_ZNSt8_Rb_treeINSt7__cxx1112basic_stringIcSt11char_traitsIcESaIcEEES5_St9_IdentityIS5_ESt4lessIS5_ESaIS5_EE7_S_leftEPSt13_Rb_tree_nodeIS5_E
FN:1436,_ZNSt8_Rb_treeINSt7__cxx1112basic_stringIcSt11char_traitsIcESaIcEEES5_St9_IdentityIS5_ESt4lessIS5_ESaIS5_EE8_S_rightEPSt18_Rb_tree_node_base
FNDA:480,_ZNSt8_Rb_treeINSt7__cxx1112basic_stringIcSt11char_traitsIcESaIcEEES5_St9_IdentityIS5_ESt4lessIS5_ESaIS5_EE8_S_rightEPSt18_Rb_tree_node_base
FN:1440,_ZNSt8_Rb_treeINSt7__cxx1112basic_stringIcSt11char_traitsIcESaIcEEES5_St9_IdentityIS5_ESt4lessIS5_ESaIS5_EE8_S_rightEPSt13_Rb_tree_nodeIS5_E
FNDA:150,_ZNSt8_Rb_treeINSt7__cxx1112basic_stringIcSt11char_traitsIcESaIcEEES5_St9_IdentityIS5_ESt4lessIS5_ESaIS5_EE8_S_rightEPSt13_Rb_tree_nodeIS5_E
FN:1440,_ZNSt8_Rb_treeIN7testing11ExpectationES1_St9_IdentityIS1_ENS1_4LessESaIS1_EE8_S_rightEPSt13_Rb_tree_nodeIS1_E
FNDA:0,_ZNSt8_Rb_treeIN7testing11ExpectationES1_St9_IdentityIS1_ENS1_4LessESaIS1_EE8_S_rightEPSt13_Rb_tree_nodeIS1_E
FN:1553,_ZNSt8_Rb_treeINSt7__cxx1112basic_stringIcSt11char_traitsIcESaIcEEES5_St9_IdentityIS5_ESt4lessIS5_ESaIS5_EEC1Ev
FNDA:45,_ZNSt8_Rb_treeINSt7__cxx1112basic_stringIcSt11char_traitsIcESaIcEEES5_St9_IdentityIS5_ESt4lessIS5_ESaIS5_EEC1Ev
FN:1553,_ZNSt8_Rb_treeIN7testing11ExpectationES1_St9_IdentityIS1_ENS1_4LessESaIS1_EEC1Ev
FNDA:19,_ZNSt8_Rb_treeIN7testing11ExpectationES1_St9_IdentityIS1_ENS1_4LessESaIS1_EEC1Ev
FN:1608,_ZNSt8_Rb_treeIN7testing11ExpectationES1_St9_IdentityIS1_ENS1_4LessESaIS1_EED1Ev
FNDA:19,_ZNSt8_Rb_treeIN7testing11ExpectationES1_St9_IdentityIS1_ENS1_4LessESaIS1_EED1Ev
FN:1608,_ZNSt8_Rb_treeINSt7__cxx1112basic_stringIcSt11char_traitsIcESaIcEEES5_St9_IdentityIS5_ESt4lessIS5_ESaIS5_EED1Ev
FNDA:30,_ZNSt8_Rb_treeINSt7__cxx1112basic_stringIcSt11char_traitsIcESaIcEEES5_St9_IdentityIS5_ESt4lessIS5_ESaIS5_EED1Ev
FN:1620,_ZNSt8_Rb_treeINSt7__cxx1112basic_stringIcSt11char_traitsIcESaIcEEES5_St9_IdentityIS5_ESt4lessIS5_ESaIS5_EE5beginEv
FNDA:30,_ZNSt8_Rb_treeINSt7__cxx1112basic_stringIcSt11char_traitsIcESaIcEEES5_St9_IdentityIS5_ESt4lessIS5_ESaIS5_EE5beginEv
FN:1624,_ZNKSt8_Rb_treeIN7testing11ExpectationES1_St9_IdentityIS1_ENS1_4LessESaIS1_EE5beginEv
FNDA:74,_ZNKSt8_Rb_treeIN7testing11ExpectationES1_St9_IdentityIS1_ENS1_4LessESaIS1_EE5beginEv
FN:1632,_ZNKSt8_Rb_treeINSt7__cxx1112basic_stringIcSt11char_traitsIcESaIcEEES5_St9_IdentityIS5_ESt4lessIS5_ESaIS5_EE3endEv
FNDA:450,_ZNKSt8_Rb_treeINSt7__cxx1112basic_stringIcSt11char_traitsIcESaIcEEES5_St9_IdentityIS5_ESt4lessIS5_ESaIS5_EE3endEv
FN:1632,_ZNKSt8_Rb_treeIN7testing11ExpectationES1_St9_IdentityIS1_ENS1_4LessESaIS1_EE3endEv
FNDA:74,_ZNKSt8_Rb_treeIN7testing11ExpectationES1_St9_IdentityIS1_ENS1_4LessESaIS1_EE3endEv
FN:2467,_ZNSt8_Rb_treeINSt7__cxx1112basic_stringIcSt11char_traitsIcESaIcEEES5_St9_IdentityIS5_ESt4lessIS5_ESaIS5_EE10_M_insert_IS5_NSB_11_Alloc_nodeEEESt17_Rb_tree_iteratorIS5_EPSt18_Rb_tree_node_baseSH_OT_RT0_
FNDA:150,_ZNSt8_Rb_treeINSt7__cxx1112basic_stringIcSt11char_traitsIcESaIcEEES5_St9_IdentityIS5_ESt4lessIS5_ESaIS5_EE10_M_insert_IS5_NSB_11_Alloc_nodeEEESt17_Rb_tree_iteratorIS5_EPSt18_Rb_tree_node_baseSH_OT_RT0_
FN:2582,_ZNSt8_Rb_treeINSt7__cxx1112basic_stringIcSt11char_traitsIcESaIcEEES5_St9_IdentityIS5_ESt4lessIS5_ESaIS5_EE8_M_eraseEPSt13_Rb_tree_nodeIS5_E
FNDA:180,_ZNSt8_Rb_treeINSt7__cxx1112basic_stringIcSt11char_traitsIcESaIcEEES5_St9_IdentityIS5_ESt4lessIS5_ESaIS5_EE8_M_eraseEPSt13_Rb_tree_nodeIS5_E
FN:2582,_ZNSt8_Rb_treeIN7testing11ExpectationES1_St9_IdentityIS1_ENS1_4LessESaIS1_EE8_M_eraseEPSt13_Rb_tree_nodeIS1_E
FNDA:19,_ZNSt8_Rb_treeIN7testing11ExpectationES1_St9_IdentityIS1_ENS1_4LessESaIS1_EE8_M_eraseEPSt13_Rb_tree_nodeIS1_E
FN:2599,_ZNKSt8_Rb_treeINSt7__cxx1112basic_stringIcSt11char_traitsIcESaIcEEES5_St9_IdentityIS5_ESt4lessIS5_ESaIS5_EE14_M_lower_boundEPSt18_Rb_tree_node_baseSD_RKS5_
FNDA:150,_ZNKSt8_Rb_treeINSt7__cxx1112basic_stringIcSt11char_traitsIcESaIcEEES5_St9_IdentityIS5_ESt4lessIS5_ESaIS5_EE14_M_lower_boundEPSt18_Rb_tree_node_baseSD_RKS5_
FN:2730,_ZNSt8_Rb_treeINSt7__cxx1112basic_stringIcSt11char_traitsIcESaIcEEES5_St9_IdentityIS5_ESt4lessIS5_ESaIS5_EE24_M_get_insert_unique_posERKS5_
FNDA:150,_ZNSt8_Rb_treeINSt7__cxx1112basic_stringIcSt11char_traitsIcESaIcEEES5_St9_IdentityIS5_ESt4lessIS5_ESaIS5_EE24_M_get_insert_unique_posERKS5_
FN:2784,_ZNSt8_Rb_treeINSt7__cxx1112basic_stringIcSt11char_traitsIcESaIcEEES5_St9_IdentityIS5_ESt4lessIS5_ESaIS5_EE16_M_insert_uniqueIS5_EESt4pairISt17_Rb_tree_iteratorIS5_EbEOT_
FNDA:150,_ZNSt8_Rb_treeINSt7__cxx1112basic_stringIcSt11char_traitsIcESaIcEEES5_St9_IdentityIS5_ESt4lessIS5_ESaIS5_EE16_M_insert_uniqueIS5_EESt4pairISt17_Rb_tree_iteratorIS5_EbEOT_
FN:3162,_ZNKSt8_Rb_treeINSt7__cxx1112basic_stringIcSt11char_traitsIcESaIcEEES5_St9_IdentityIS5_ESt4lessIS5_ESaIS5_EE4findERKS5_
FNDA:150,_ZNKSt8_Rb_treeINSt7__cxx1112basic_stringIcSt11char_traitsIcESaIcEEES5_St9_IdentityIS5_ESt4lessIS5_ESaIS5_EE4findERKS5_
DA:134,1720
DA:135,1720
DA:144,60
DA:148,60
DA:144,19
DA:148,19
DA:171,133
DA:172,133
DA:173,133
DA:174,133
DA:175,133
DA:204,172
DA:206,172
DA:207,172
DA:208,172
DA:209,172
DA:210,172
DA:230,300
DA:231,300
DA:230,0
DA:231,0
DA:234,720
DA:235,720
DA:234,0
DA:235,0
DA:239,150
DA:240,150
DA:239,0
DA:240,0
DA:388,330
DA:389,330
DA:415,0
DA:417,0
DA:418,0
DA:430,30
DA:432,30
DA:463,600
DA:464,600
DA:463,148
DA:464,148
DA:466,150
DA:467,150
DA:474,0
DA:475,0
DA:478,0
DA:480,0
DA:481,0
DA:508,300
DA:510,300
DA:514,74
DA:516,74
DA:689,150
DA:693,150
DA:1130,150
DA:1131,150
DA:1135,150
DA:1136,300
DA:1154,600
DA:1155,600
DA:1154,0
DA:1155,0
DA:1167,150
DA:1170,300
DA:1188,150
DA:1191,150
DA:1207,150
DA:1188,0
DA:1191,0
DA:1207,0
DA:1232,150
DA:1236,150
DA:1237,150
DA:1247,150
DA:1251,150
DA:1253,150
DA:1254,150
DA:1255,150
DA:1260,150
DA:1265,150
DA:1266,150
DA:1268,150
DA:1260,0
DA:1265,0
DA:1266,0
DA:1268,0
DA:1271,150
DA:1273,150
DA:1274,150
DA:1275,150
DA:1271,0
DA:1273,0
DA:1274,0
DA:1275,0
DA:1310,45
DA:1314,45
DA:1315,45
DA:1310,19
DA:1314,19
DA:1315,19
DA:1377,300
DA:1378,300
DA:1381,30
DA:1383,30
DA:1385,30
DA:1386,0
DA:1381,19
DA:1383,19
DA:1385,19
DA:1386,19
DA:1390,900
DA:1391,900
DA:1390,74
DA:1391,74
DA:1394,720
DA:1412,720
DA:1416,720
DA:1417,720
DA:1424,0
DA:1425,0
DA:1428,150
DA:1430,150
DA:1431,150
DA:1432,90
DA:1428,0
DA:1430,0
DA:1431,0
DA:1432,0
DA:1436,480
DA:1437,480
DA:1440,150
DA:1442,150
DA:1443,150
DA:1444,90
DA:1440,0
DA:1442,0
DA:1443,0
DA:1444,0
DA:1553,45
DA:1553,19
DA:1608,30
DA:1609,30
DA:1608,19
DA:1609,19
DA:1620,30
DA:1621,30
DA:1624,74
DA:1625,74
DA:1632,450
DA:1633,450
DA:1632,74
DA:1633,74
DA:2467,150
DA:2476,150
DA:2477,300
DA:2481,150
DA:2484,150
DA:2485,150
DA:2486,150
DA:2582,180
DA:2586,330
DA:2588,150
DA:2589,150
DA:2590,150
DA:2591,150
DA:2593,180
DA:2582,19
DA:2586,19
DA:2588,0
DA:2589,0
DA:2590,0
DA:2591,0
DA:2593,19
DA:2599,150
DA:2603,390
DA:2604,240
DA:2605,0
DA:2607,240
DA:2608,150
DA:2730,150
DA:2734,150
DA:2735,150
DA:2736,150
DA:2737,390
DA:2739,240
DA:2740,240
DA:2741,240
DA:2743,150
DA:2744,150
DA:2746,30
DA:2747,30
DA:2749,0
DA:2751,120
DA:2752,120
DA:2753,0
DA:2784,150
DA:2793,150
DA:2795,150
DA:2797,150
DA:2798,150
DA:2800,300
DA:2803,0
DA:3162,150
DA:3165,150
DA:3166,300
DA:3167,0
DA:3168,300
end_of_record
SF:C:\DEV\TDD_TV_14\build\_deps\googletest-src\googletest\include\gtest\gtest.h
FN:255,_ZN7testing4Test14SetUpTestSuiteEv
FNDA:0,_ZN7testing4Test14SetUpTestSuiteEv
FN:263,_ZN7testing4Test17TearDownTestSuiteEv
FNDA:0,_ZN7testing4Test17TearDownTestSuiteEv
FN:268,_ZN7testing4Test16TearDownTestCaseEv
FNDA:0,_ZN7testing4Test16TearDownTestCaseEv
FN:269,_ZN7testing4Test13SetUpTestCaseEv
FNDA:0,_ZN7testing4Test13SetUpTestCaseEv
FN:356,_ZN7testing4Test5SetupEv
FNDA:0,_ZN7testing4Test5SetupEv
FN:1374,_ZN7testing8internal18CmpHelperEQFailureIjyEENS_15AssertionResultEPKcS4_RKT_RKT0_
FNDA:0,_ZN7testing8internal18CmpHelperEQFailureIjyEENS_15AssertionResultEPKcS4_RKT_RKT0_
FN:1374,_ZN7testing8internal18CmpHelperEQFailureINSt7__cxx1112basic_stringIcSt11char_traitsIcESaIcEEES7_EENS_15AssertionResultEPKcSA_RKT_RKT0_
FNDA:0,_ZN7testing8internal18CmpHelperEQFailureINSt7__cxx1112basic_stringIcSt11char_traitsIcESaIcEEES7_EENS_15AssertionResultEPKcSA_RKT_RKT0_
FN:1391,_ZN7testing8internal11CmpHelperEQIjyEENS_15AssertionResultEPKcS4_RKT_RKT0_
FNDA:2,_ZN7testing8internal11CmpHelperEQIjyEENS_15AssertionResultEPKcS4_RKT_RKT0_
FN:1391,_ZN7testing8internal11CmpHelperEQINSt7__cxx1112basic_stringIcSt11char_traitsIcESaIcEEES7_EENS_15AssertionResultEPKcSA_RKT_RKT0_
FNDA:5,_ZN7testing8internal11CmpHelperEQINSt7__cxx1112basic_stringIcSt11char_traitsIcESaIcEEES7_EENS_15AssertionResultEPKcSA_RKT_RKT0_
FN:1410,_ZN7testing8internal8EqHelper7CompareIjyLPv0EEENS_15AssertionResultEPKcS6_RKT_RKT0_
FNDA:2,_ZN7testing8internal8EqHelper7CompareIjyLPv0EEENS_15AssertionResultEPKcS6_RKT_RKT0_
FN:1410,_ZN7testing8internal8EqHelper7CompareINSt7__cxx1112basic_stringIcSt11char_traitsIcESaIcEEES8_LPv0EEENS_15AssertionResultEPKcSC_RKT_RKT0_
FNDA:5,_ZN7testing8internal8EqHelper7CompareINSt7__cxx1112basic_stringIcSt11char_traitsIcESaIcEEES8_LPv0EEENS_15AssertionResultEPKcSC_RKT_RKT0_
FN:1692,_ZN7testing18WithParamInterfaceINSt7__cxx1112basic_stringIcSt11char_traitsIcESaIcEEEED0Ev
FNDA:0,_ZN7testing18WithParamInterfaceINSt7__cxx1112basic_stringIcSt11char_traitsIcESaIcEEEED0Ev
FN:1692,_ZN7testing18WithParamInterfaceINSt7__cxx1112basic_stringIcSt11char_traitsIcESaIcEEEED1Ev
FNDA:0,_ZN7testing18WithParamInterfaceINSt7__cxx1112basic_stringIcSt11char_traitsIcESaIcEEEED1Ev
FN:1692,_ZN7testing18WithParamInterfaceINSt7__cxx1112basic_stringIcSt11char_traitsIcESaIcEEEED2Ev
FNDA:10,_ZN7testing18WithParamInterfaceINSt7__cxx1112basic_stringIcSt11char_traitsIcESaIcEEEED2Ev
FN:1696,_ZN7testing18WithParamInterfaceINSt7__cxx1112basic_stringIcSt11char_traitsIcESaIcEEEE8GetParamEv
FNDA:10,_ZN7testing18WithParamInterfaceINSt7__cxx1112basic_stringIcSt11char_traitsIcESaIcEEEE8GetParamEv
FN:1706,_ZN7testing18WithParamInterfaceINSt7__cxx1112basic_stringIcSt11char_traitsIcESaIcEEEE8SetParamEPKS6_
FNDA:10,_ZN7testing18WithParamInterfaceINSt7__cxx1112basic_stringIcSt11char_traitsIcESaIcEEEE8SetParamEPKS6_
DA:255,0
DA:263,0
DA:268,0
DA:269,0
DA:356,0
DA:1374,0
DA:1378,0
DA:1379,0
DA:1374,0
DA:1378,0
DA:1379,0
DA:1391,2
DA:1394,2
DA:1395,2
DA:1398,0
DA:1391,5
DA:1394,5
DA:1395,5
DA:1398,0
DA:1410,2
DA:1413,2
DA:1410,5
DA:1413,5
DA:1692,0
DA:1692,0
DA:1692,10
DA:1696,10
DA:1697,10
DA:1699,0
DA:1700,10
DA:1706,10
end_of_record
SF:C:\mingw64\include\c++\15.2.0\bits\stl_algobase.h
FN:234,_ZSt3minIyERKT_S2_S2_
FNDA:93219,_ZSt3minIyERKT_S2_S2_
FN:258,_ZSt3maxIyERKT_S2_S2_
FNDA:762,_ZSt3maxIyERKT_S2_S2_
DA:234,93219
DA:239,93219
DA:240,0
DA:241,93219
DA:258,762
DA:263,762
DA:264,347
DA:265,415
end_of_record
SF:C:\DEV\TDD_TV_14\build\_deps\googletest-src\googlemock\include\gmock\internal\gmock-internal-utils.h
FN:243,_ZN7testing8internal6AssertEbPKciRKNSt7__cxx1112basic_stringIcSt11char_traitsIcESaIcEEE
FNDA:56,_ZN7testing8internal6AssertEbPKciRKNSt7__cxx1112basic_stringIcSt11char_traitsIcESaIcEEE
FN:256,_ZN7testing8internal6ExpectEbPKciRKNSt7__cxx1112basic_stringIcSt11char_traitsIcESaIcEEE
FNDA:13,_ZN7testing8internal6ExpectEbPKciRKNSt7__cxx1112basic_stringIcSt11char_traitsIcESaIcEEE
FN:424,_ZN7testing8internal9ApplyImplIRKSt8functionIFvRKNSt7__cxx1112basic_stringIcSt11char_traitsIcESaIcEEEEESt5tupleIJSA_EEJLy0EEEEDTclcl7forwardIT_Efp_Espcl3getIXT1_EEcl7forwardIT0_Efp0_EEEEOSH_OSI_St16integer_sequenceIyJXspT1_EEE
FNDA:5,_ZN7testing8internal9ApplyImplIRKSt8functionIFvRKNSt7__cxx1112basic_stringIcSt11char_traitsIcESaIcEEEEESt5tupleIJSA_EEJLy0EEEEDTclcl7forwardIT_Efp_Espcl3getIXT1_EEcl7forwardIT0_Efp0_EEEEOSH_OSI_St16integer_sequenceIyJXspT1_EEE
FN:424,_ZN7testing8internal9ApplyImplIRKSt8functionIFNSt7__cxx1112basic_stringIcSt11char_traitsIcESaIcEEEvEESt5tupleIJEEJEEEDTclcl7forwardIT_Efp_Espcl3getIXT1_EEcl7forwardIT0_Efp0_EEEEOSF_OSG_St16integer_sequenceIyJXspT1_EEE
FNDA:26,_ZN7testing8internal9ApplyImplIRKSt8functionIFNSt7__cxx1112basic_stringIcSt11char_traitsIcESaIcEEEvEESt5tupleIJEEJEEEDTclcl7forwardIT_Efp_Espcl3getIXT1_EEcl7forwardIT0_Efp0_EEEEOSF_OSG_St16integer_sequenceIyJXspT1_EEE
FN:432,_ZN7testing8internal5ApplyIRKSt8functionIFvRKNSt7__cxx1112basic_stringIcSt11char_traitsIcESaIcEEEEESt5tupleIJSA_EEEEDTcl9ApplyImplcl7forwardIT_Efp_Ecl7forwardIT0_Efp0_EcvSt16integer_sequenceIyJXspcl14__integer_packsrSt10tuple_sizeINSt16remove_referenceISI_E4typeEE5valueEEEE_EEEOSH_OSI_
FNDA:5,_ZN7testing8internal5ApplyIRKSt8functionIFvRKNSt7__cxx1112basic_stringIcSt11char_traitsIcESaIcEEEEESt5tupleIJSA_EEEEDTcl9ApplyImplcl7forwardIT_Efp_Ecl7forwardIT0_Efp0_EcvSt16integer_sequenceIyJXspcl14__integer_packsrSt10tuple_sizeINSt16remove_referenceISI_E4typeEE5valueEEEE_EEEOSH_OSI_
FN:432,_ZN7testing8internal5ApplyIRKSt8functionIFNSt7__cxx1112basic_stringIcSt11char_traitsIcESaIcEEEvEESt5tupleIJEEEEDTcl9ApplyImplcl7forwardIT_Efp_Ecl7forwardIT0_Efp0_EcvSt16integer_sequenceIyJXspcl14__integer_packsrSt10tuple_sizeINSt16remove_referenceISG_E4typeEE5valueEEEE_EEEOSF_OSG_
FNDA:26,_ZN7testing8internal5ApplyIRKSt8functionIFNSt7__cxx1112basic_stringIcSt11char_traitsIcESaIcEEEvEESt5tupleIJEEEEDTcl9ApplyImplcl7forwardIT_Efp_Ecl7forwardIT0_Efp0_EcvSt16integer_sequenceIyJXspcl14__integer_packsrSt10tuple_sizeINSt16remove_referenceISG_E4typeEE5valueEEEE_EEEOSF_OSG_
DA:243,56
DA:245,56
DA:246,0
DA:249,56
DA:256,13
DA:258,13
DA:259,0
DA:262,13
DA:424,5
DA:427,10
DA:424,26
DA:427,26
DA:432,5
DA:437,10
DA:439,0
DA:432,26
DA:439,52
end_of_record
SF:C:\mingw64\include\c++\15.2.0\ext\alloc_traits.h
DA:100,2001
DA:104,39
DA:112,32
end_of_record
SF:C:\DEV\TDD_TV_14\build\_deps\googletest-src\googletest\include\gtest\internal\gtest-port.h
FN:1082,_ZN7testing8internal8GTestLog9GetStreamEv
FNDA:0,_ZN7testing8internal8GTestLog9GetStreamEv
FN:1180,_ZN7testing8internal13ImplicitCast_INSt7__cxx1112basic_stringIcSt11char_traitsIcESaIcEEEEET_S8_
FNDA:8,_ZN7testing8internal13ImplicitCast_INSt7__cxx1112basic_stringIcSt11char_traitsIcESaIcEEEEET_S8_
FN:1190,_ZN7testing8internal27CheckedDowncastToActualTypeIKNS0_30ValuesInIteratorRangeGeneratorINSt7__cxx1112basic_stringIcSt11char_traitsIcESaIcEEEE8IteratorEKNS0_22ParamIteratorInterfaceIS8_EEEEPT_PT0_
FNDA:180,_ZN7testing8internal27CheckedDowncastToActualTypeIKNS0_30ValuesInIteratorRangeGeneratorINSt7__cxx1112basic_stringIcSt11char_traitsIcESaIcEEEE8IteratorEKNS0_22ParamIteratorInterfaceIS8_EEEEPT_PT0_
FN:1190,_ZN7testing8internal27CheckedDowncastToActualTypeINS0_26ParameterizedTestSuiteInfoI23TunerInvalidChannelTestEENS0_30ParameterizedTestSuiteInfoBaseEEEPT_PT0_
FNDA:15,_ZN7testing8internal27CheckedDowncastToActualTypeINS0_26ParameterizedTestSuiteInfoI23TunerInvalidChannelTestEENS0_30ParameterizedTestSuiteInfoBaseEEEPT_PT0_
FN:1190,_ZN7testing8internal27CheckedDowncastToActualTypeINS0_26ParameterizedTestSuiteInfoI21TunerValidChannelTestEENS0_30ParameterizedTestSuiteInfoBaseEEEPT_PT0_
FNDA:15,_ZN7testing8internal27CheckedDowncastToActualTypeINS0_26ParameterizedTestSuiteInfoI21TunerValidChannelTestEENS0_30ParameterizedTestSuiteInfoBaseEEEPT_PT0_
FN:1472,_ZN7testing8internal14GTestMutexLockC1EPNS0_5MutexE
FNDA:331,_ZN7testing8internal14GTestMutexLockC1EPNS0_5MutexE
FN:1474,_ZN7testing8internal14GTestMutexLockD1Ev
FNDA:331,_ZN7testing8internal14GTestMutexLockD1Ev
FN:1610,_ZNK7testing8internal11ThreadLocalIPNS_8SequenceEE7pointerEv
FNDA:19,_ZNK7testing8internal11ThreadLocalIPNS_8SequenceEE7pointerEv
FN:1611,_ZNK7testing8internal11ThreadLocalIPNS_8SequenceEE3getEv
FNDA:19,_ZNK7testing8internal11ThreadLocalIPNS_8SequenceEE3getEv
FN:1622,_ZN7testing8internal11ThreadLocalIPNS_8SequenceEE11ValueHolder7pointerEv
FNDA:19,_ZN7testing8internal11ThreadLocalIPNS_8SequenceEE11ValueHolder7pointerEv
FN:1630,_ZNK7testing8internal11ThreadLocalIPNS_8SequenceEE16GetOrCreateValueEv
FNDA:19,_ZNK7testing8internal11ThreadLocalIPNS_8SequenceEE16GetOrCreateValueEv
FN:1972,_ZN7testing8internal7IsAlNumEc
FNDA:150,_ZN7testing8internal7IsAlNumEc
FN:2195,_ZN7testing8internal5posix5AbortEv
FNDA:0,_ZN7testing8internal5posix5AbortEv
DA:1082,0
DA:1180,8
DA:1181,8
DA:1190,180
DA:1194,180
DA:1196,180
DA:1190,15
DA:1194,15
DA:1196,15
DA:1190,15
DA:1194,15
DA:1196,15
DA:1472,331
DA:1474,331
DA:1610,19
DA:1611,19
DA:1622,19
DA:1630,19
DA:1632,19
DA:1633,19
DA:1972,150
DA:1973,150
DA:2195,0
end_of_record
SF:C:\mingw64\include\c++\15.2.0\tuple
FN:93,_ZNSt10_Head_baseILy1ESt14default_deleteIN7testing8internal22ParamIteratorInterfaceINSt7__cxx1112basic_stringIcSt11char_traitsIcESaIcEEEEEELb1EEC2Ev
FNDA:60,_ZNSt10_Head_baseILy1ESt14default_deleteIN7testing8internal22ParamIteratorInterfaceINSt7__cxx1112basic_stringIcSt11char_traitsIcESaIcEEEEEELb1EEC2Ev
FN:93,_ZNSt10_Head_baseILy1ESt14default_deleteIN7testing8internal19TestMetaFactoryBaseINSt7__cxx1112basic_stringIcSt11char_traitsIcESaIcEEEEEELb1EEC2Ev
FNDA:30,_ZNSt10_Head_baseILy1ESt14default_deleteIN7testing8internal19TestMetaFactoryBaseINSt7__cxx1112basic_stringIcSt11char_traitsIcESaIcEEEEEELb1EEC2Ev
FN:93,_ZNSt10_Head_baseILy1ESt14default_deleteIKNSt7__cxx1112basic_stringIcSt11char_traitsIcESaIcEEEELb1EEC2Ev
FNDA:495,_ZNSt10_Head_baseILy1ESt14default_deleteIKNSt7__cxx1112basic_stringIcSt11char_traitsIcESaIcEEEELb1EEC2Ev
FN:93,_ZNSt10_Head_baseILy1ESt14default_deleteINSt7__cxx1112basic_stringIcSt11char_traitsIcESaIcEEEELb1EEC2Ev
FNDA:28,_ZNSt10_Head_baseILy1ESt14default_deleteINSt7__cxx1112basic_stringIcSt11char_traitsIcESaIcEEEELb1EEC2Ev
FN:137,_ZNSt10_Head_baseILy1ESt14default_deleteINSt7__cxx1118basic_stringstreamIcSt11char_traitsIcESaIcEEEELb1EE7_M_headERS8_
FNDA:985,_ZNSt10_Head_baseILy1ESt14default_deleteINSt7__cxx1118basic_stringstreamIcSt11char_traitsIcESaIcEEEELb1EE7_M_headERS8_
FN:137,_ZNSt10_Head_baseILy1ESt14default_deleteIN7testing8internal19TestMetaFactoryBaseINSt7__cxx1112basic_stringIcSt11char_traitsIcESaIcEEEEEELb1EE7_M_headERSC_
FNDA:0,_ZNSt10_Head_baseILy1ESt14default_deleteIN7testing8internal19TestMetaFactoryBaseINSt7__cxx1112basic_stringIcSt11char_traitsIcESaIcEEEEEELb1EE7_M_headERSC_
FN:137,_ZNSt10_Head_baseILy1ESt14default_deleteINSt7__cxx1112basic_stringIcSt11char_traitsIcESaIcEEEELb1EE7_M_headERS8_
FNDA:0,_ZNSt10_Head_baseILy1ESt14default_deleteINSt7__cxx1112basic_stringIcSt11char_traitsIcESaIcEEEELb1EE7_M_headERS8_
FN:137,_ZNSt10_Head_baseILy1ESt14default_deleteIKNSt7__cxx1112basic_stringIcSt11char_traitsIcESaIcEEEELb1EE7_M_headERS9_
FNDA:150,_ZNSt10_Head_baseILy1ESt14default_deleteIKNSt7__cxx1112basic_stringIcSt11char_traitsIcESaIcEEEELb1EE7_M_headERS9_
FN:137,_ZNSt10_Head_baseILy1ESt14default_deleteIN7testing8internal22ParamIteratorInterfaceINSt7__cxx1112basic_stringIcSt11char_traitsIcESaIcEEEEEELb1EE7_M_headERSC_
FNDA:60,_ZNSt10_Head_baseILy1ESt14default_deleteIN7testing8internal22ParamIteratorInterfaceINSt7__cxx1112basic_stringIcSt11char_traitsIcESaIcEEEEEELb1EE7_M_headERSC_
FN:202,_ZNSt10_Head_baseILy0EPNSt7__cxx1112basic_stringIcSt11char_traitsIcESaIcEEELb0EEC2Ev
FNDA:28,_ZNSt10_Head_baseILy0EPNSt7__cxx1112basic_stringIcSt11char_traitsIcESaIcEEELb0EEC2Ev
FN:202,_ZNSt10_Head_baseILy0EPKNSt7__cxx1112basic_stringIcSt11char_traitsIcESaIcEEELb0EEC2Ev
FNDA:495,_ZNSt10_Head_baseILy0EPKNSt7__cxx1112basic_stringIcSt11char_traitsIcESaIcEEELb0EEC2Ev
FN:202,_ZNSt10_Head_baseILy0EPN7testing8internal22ParamIteratorInterfaceINSt7__cxx1112basic_stringIcSt11char_traitsIcESaIcEEEEELb0EEC2Ev
FNDA:60,_ZNSt10_Head_baseILy0EPN7testing8internal22ParamIteratorInterfaceINSt7__cxx1112basic_stringIcSt11char_traitsIcESaIcEEEEELb0EEC2Ev
FN:202,_ZNSt10_Head_baseILy0EPN7testing8internal19TestMetaFactoryBaseINSt7__cxx1112basic_stringIcSt11char_traitsIcESaIcEEEEELb0EEC2Ev
FNDA:30,_ZNSt10_Head_baseILy0EPN7testing8internal19TestMetaFactoryBaseINSt7__cxx1112basic_stringIcSt11char_traitsIcESaIcEEEEELb0EEC2Ev
FN:205,_ZNSt10_Head_baseILy0ERKNSt7__cxx1112basic_stringIcSt11char_traitsIcESaIcEEELb0EEC2ES7_
FNDA:11,_ZNSt10_Head_baseILy0ERKNSt7__cxx1112basic_stringIcSt11char_traitsIcESaIcEEELb0EEC2ES7_
FN:208,_ZNSt10_Head_baseILy0EN7testing7MatcherIRKNSt7__cxx1112basic_stringIcSt11char_traitsIcESaIcEEEEELb0EEC2ERKSB_
FNDA:22,_ZNSt10_Head_baseILy0EN7testing7MatcherIRKNSt7__cxx1112basic_stringIcSt11char_traitsIcESaIcEEEEELb0EEC2ERKSB_
FN:212,_ZNSt10_Head_baseILy0EN7testing7MatcherIRKNSt7__cxx1112basic_stringIcSt11char_traitsIcESaIcEEEEELb0EEC2ISA_EEOT_
FNDA:11,_ZNSt10_Head_baseILy0EN7testing7MatcherIRKNSt7__cxx1112basic_stringIcSt11char_traitsIcESaIcEEEEELb0EEC2ISA_EEOT_
FN:212,_ZNSt10_Head_baseILy0EPKN7testing8internal11MatcherBaseIRKSt5tupleIJRKNSt7__cxx1112basic_stringIcSt11char_traitsIcESaIcEEEEEEELb0EEC2ISH_EEOT_
FNDA:0,_ZNSt10_Head_baseILy0EPKN7testing8internal11MatcherBaseIRKSt5tupleIJRKNSt7__cxx1112basic_stringIcSt11char_traitsIcESaIcEEEEEEELb0EEC2ISH_EEOT_
FN:212,_ZNSt10_Head_baseILy0EPKN7testing8internal11MatcherBaseIRKSt5tupleIJEEEELb0EEC2IS9_EEOT_
FNDA:0,_ZNSt10_Head_baseILy0EPKN7testing8internal11MatcherBaseIRKSt5tupleIJEEEELb0EEC2IS9_EEOT_
FN:212,_ZNSt10_Head_baseILy1EPKN7testing8internal15AnythingMatcherELb0EEC2IS4_EEOT_
FNDA:0,_ZNSt10_Head_baseILy1EPKN7testing8internal15AnythingMatcherELb0EEC2IS4_EEOT_
FN:212,_ZNSt10_Head_baseILy0EN7testing8internal10ValueArrayIJPKcS4_S4_S4_S4_EEELb0EEC2IS5_EEOT_
FNDA:0,_ZNSt10_Head_baseILy0EN7testing8internal10ValueArrayIJPKcS4_S4_S4_S4_EEELb0EEC2IS5_EEOT_
FN:246,_ZNSt10_Head_baseILy0EPN7testing8internal19TestMetaFactoryBaseINSt7__cxx1112basic_stringIcSt11char_traitsIcESaIcEEEEELb0EE7_M_headERSB_
FNDA:30,_ZNSt10_Head_baseILy0EPN7testing8internal19TestMetaFactoryBaseINSt7__cxx1112basic_stringIcSt11char_traitsIcESaIcEEEEELb0EE7_M_headERSB_
FN:246,_ZNSt10_Head_baseILy0EPN7testing8internal22ParamIteratorInterfaceINSt7__cxx1112basic_stringIcSt11char_traitsIcESaIcEEEEELb0EE7_M_headERSB_
FNDA:120,_ZNSt10_Head_baseILy0EPN7testing8internal22ParamIteratorInterfaceINSt7__cxx1112basic_stringIcSt11char_traitsIcESaIcEEEEELb0EE7_M_headERSB_
FN:246,_ZNSt10_Head_baseILy0EPNSt7__cxx1112basic_stringIcSt11char_traitsIcESaIcEEELb0EE7_M_headERS7_
FNDA:28,_ZNSt10_Head_baseILy0EPNSt7__cxx1112basic_stringIcSt11char_traitsIcESaIcEEELb0EE7_M_headERS7_
FN:246,_ZNSt10_Head_baseILy0ERKNSt7__cxx1112basic_stringIcSt11char_traitsIcESaIcEEELb0EE7_M_headERS8_
FNDA:5,_ZNSt10_Head_baseILy0ERKNSt7__cxx1112basic_stringIcSt11char_traitsIcESaIcEEELb0EE7_M_headERS8_
FN:246,_ZNSt10_Head_baseILy0EPNSt7__cxx1118basic_stringstreamIcSt11char_traitsIcESaIcEEELb0EE7_M_headERS7_
FNDA:1970,_ZNSt10_Head_baseILy0EPNSt7__cxx1118basic_stringstreamIcSt11char_traitsIcESaIcEEELb0EE7_M_headERS7_
FN:246,_ZNSt10_Head_baseILy0EPKNSt7__cxx1112basic_stringIcSt11char_traitsIcESaIcEEELb0EE7_M_headERS8_
FNDA:1095,_ZNSt10_Head_baseILy0EPKNSt7__cxx1112basic_stringIcSt11char_traitsIcESaIcEEELb0EE7_M_headERS8_
FN:246,_ZNSt10_Head_baseILy0EPKN7testing8internal11MatcherBaseIRKSt5tupleIJEEEELb0EE7_M_headERSA_
FNDA:0,_ZNSt10_Head_baseILy0EPKN7testing8internal11MatcherBaseIRKSt5tupleIJEEEELb0EE7_M_headERSA_
FN:246,_ZNSt10_Head_baseILy0EPKN7testing8internal11MatcherBaseIRKSt5tupleIJRKNSt7__cxx1112basic_stringIcSt11char_traitsIcESaIcEEEEEEELb0EE7_M_headERSI_
FNDA:0,_ZNSt10_Head_baseILy0EPKN7testing8internal11MatcherBaseIRKSt5tupleIJRKNSt7__cxx1112basic_stringIcSt11char_traitsIcESaIcEEEEEEELb0EE7_M_headERSI_
FN:249,_ZNSt10_Head_baseILy0EPKNSt7__cxx1112basic_stringIcSt11char_traitsIcESaIcEEELb0EE7_M_headERKS8_
FNDA:712,_ZNSt10_Head_baseILy0EPKNSt7__cxx1112basic_stringIcSt11char_traitsIcESaIcEEELb0EE7_M_headERKS8_
FN:249,_ZNSt10_Head_baseILy0EPNSt7__cxx1112basic_stringIcSt11char_traitsIcESaIcEEELb0EE7_M_headERKS7_
FNDA:0,_ZNSt10_Head_baseILy0EPNSt7__cxx1112basic_stringIcSt11char_traitsIcESaIcEEELb0EE7_M_headERKS7_
FN:249,_ZNSt10_Head_baseILy0EPN7testing8internal22ParamIteratorInterfaceINSt7__cxx1112basic_stringIcSt11char_traitsIcESaIcEEEEELb0EE7_M_headERKSB_
FNDA:1200,_ZNSt10_Head_baseILy0EPN7testing8internal22ParamIteratorInterfaceINSt7__cxx1112basic_stringIcSt11char_traitsIcESaIcEEEEELb0EE7_M_headERKSB_
FN:249,_ZNSt10_Head_baseILy0ERKNSt7__cxx1112basic_stringIcSt11char_traitsIcESaIcEEELb0EE7_M_headERKS8_
FNDA:11,_ZNSt10_Head_baseILy0ERKNSt7__cxx1112basic_stringIcSt11char_traitsIcESaIcEEELb0EE7_M_headERKS8_
FN:249,_ZNSt10_Head_baseILy0EN7testing7MatcherIRKNSt7__cxx1112basic_stringIcSt11char_traitsIcESaIcEEEEELb0EE7_M_headERKSB_
FNDA:11,_ZNSt10_Head_baseILy0EN7testing7MatcherIRKNSt7__cxx1112basic_stringIcSt11char_traitsIcESaIcEEEEELb0EE7_M_headERKSB_
FN:249,_ZNSt10_Head_baseILy0EPN7testing8internal19TestMetaFactoryBaseINSt7__cxx1112basic_stringIcSt11char_traitsIcESaIcEEEEELb0EE7_M_headERKSB_
FNDA:150,_ZNSt10_Head_baseILy0EPN7testing8internal19TestMetaFactoryBaseINSt7__cxx1112basic_stringIcSt11char_traitsIcESaIcEEEEELb0EE7_M_headERKSB_
FN:291,_ZNSt11_Tuple_implILy0EJPKNSt7__cxx1112basic_stringIcSt11char_traitsIcESaIcEEESt14default_deleteIS6_EEE7_M_headERSA_
FNDA:1095,_ZNSt11_Tuple_implILy0EJPKNSt7__cxx1112basic_stringIcSt11char_traitsIcESaIcEEESt14default_deleteIS6_EEE7_M_headERSA_
FN:291,_ZNSt11_Tuple_implILy0EJPN7testing8internal22ParamIteratorInterfaceINSt7__cxx1112basic_stringIcSt11char_traitsIcESaIcEEEEESt14default_deleteIS9_EEE7_M_headERSD_
FNDA:120,_ZNSt11_Tuple_implILy0EJPN7testing8internal22ParamIteratorInterfaceINSt7__cxx1112basic_stringIcSt11char_traitsIcESaIcEEEEESt14default_deleteIS9_EEE7_M_headERSD_
FN:291,_ZNSt11_Tuple_implILy0EJPNSt7__cxx1112basic_stringIcSt11char_traitsIcESaIcEEESt14default_deleteIS5_EEE7_M_headERS9_
FNDA:28,_ZNSt11_Tuple_implILy0EJPNSt7__cxx1112basic_stringIcSt11char_traitsIcESaIcEEESt14default_deleteIS5_EEE7_M_headERS9_
FN:291,_ZNSt11_Tuple_implILy0EJPN7testing8internal19TestMetaFactoryBaseINSt7__cxx1112basic_stringIcSt11char_traitsIcESaIcEEEEESt14default_deleteIS9_EEE7_M_headERSD_
FNDA:30,_ZNSt11_Tuple_implILy0EJPN7testing8internal19TestMetaFactoryBaseINSt7__cxx1112basic_stringIcSt11char_traitsIcESaIcEEEEESt14default_deleteIS9_EEE7_M_headERSD_
FN:291,_ZNSt11_Tuple_implILy0EJPNSt7__cxx1118basic_stringstreamIcSt11char_traitsIcESaIcEEESt14default_deleteIS5_EEE7_M_headERS9_
FNDA:1970,_ZNSt11_Tuple_implILy0EJPNSt7__cxx1118basic_stringstreamIcSt11char_traitsIcESaIcEEESt14default_deleteIS5_EEE7_M_headERS9_
FN:291,_ZNSt11_Tuple_implILy0EJPKN7testing8internal11MatcherBaseIRKSt5tupleIJEEEEPKNS1_15AnythingMatcherEEE7_M_headERSD_
FNDA:0,_ZNSt11_Tuple_implILy0EJPKN7testing8internal11MatcherBaseIRKSt5tupleIJEEEEPKNS1_15AnythingMatcherEEE7_M_headERSD_
FN:291,_ZNSt11_Tuple_implILy0EJPKN7testing8internal11MatcherBaseIRKSt5tupleIJRKNSt7__cxx1112basic_stringIcSt11char_traitsIcESaIcEEEEEEEPKNS1_15AnythingMatcherEEE7_M_headERSL_
FNDA:0,_ZNSt11_Tuple_implILy0EJPKN7testing8internal11MatcherBaseIRKSt5tupleIJRKNSt7__cxx1112basic_stringIcSt11char_traitsIcESaIcEEEEEEEPKNS1_15AnythingMatcherEEE7_M_headERSL_
FN:294,_ZNSt11_Tuple_implILy0EJPNSt7__cxx1112basic_stringIcSt11char_traitsIcESaIcEEESt14default_deleteIS5_EEE7_M_headERKS9_
FNDA:0,_ZNSt11_Tuple_implILy0EJPNSt7__cxx1112basic_stringIcSt11char_traitsIcESaIcEEESt14default_deleteIS5_EEE7_M_headERKS9_
FN:294,_ZNSt11_Tuple_implILy0EJPKNSt7__cxx1112basic_stringIcSt11char_traitsIcESaIcEEESt14default_deleteIS6_EEE7_M_headERKSA_
FNDA:712,_ZNSt11_Tuple_implILy0EJPKNSt7__cxx1112basic_stringIcSt11char_traitsIcESaIcEEESt14default_deleteIS6_EEE7_M_headERKSA_
FN:294,_ZNSt11_Tuple_implILy0EJPN7testing8internal19TestMetaFactoryBaseINSt7__cxx1112basic_stringIcSt11char_traitsIcESaIcEEEEESt14default_deleteIS9_EEE7_M_headERKSD_
FNDA:150,_ZNSt11_Tuple_implILy0EJPN7testing8internal19TestMetaFactoryBaseINSt7__cxx1112basic_stringIcSt11char_traitsIcESaIcEEEEESt14default_deleteIS9_EEE7_M_headERKSD_
FN:294,_ZNSt11_Tuple_implILy0EJPN7testing8internal22ParamIteratorInterfaceINSt7__cxx1112basic_stringIcSt11char_traitsIcESaIcEEEEESt14default_deleteIS9_EEE7_M_headERKSD_
FNDA:1200,_ZNSt11_Tuple_implILy0EJPN7testing8internal22ParamIteratorInterfaceINSt7__cxx1112basic_stringIcSt11char_traitsIcESaIcEEEEESt14default_deleteIS9_EEE7_M_headERKSD_
FN:302,_ZNSt11_Tuple_implILy0EJPNSt7__cxx1112basic_stringIcSt11char_traitsIcESaIcEEESt14default_deleteIS5_EEEC2Ev
FNDA:28,_ZNSt11_Tuple_implILy0EJPNSt7__cxx1112basic_stringIcSt11char_traitsIcESaIcEEESt14default_deleteIS5_EEEC2Ev
FN:302,_ZNSt11_Tuple_implILy0EJPKNSt7__cxx1112basic_stringIcSt11char_traitsIcESaIcEEESt14default_deleteIS6_EEEC2Ev
FNDA:495,_ZNSt11_Tuple_implILy0EJPKNSt7__cxx1112basic_stringIcSt11char_traitsIcESaIcEEESt14default_deleteIS6_EEEC2Ev
FN:302,_ZNSt11_Tuple_implILy0EJPN7testing8internal22ParamIteratorInterfaceINSt7__cxx1112basic_stringIcSt11char_traitsIcESaIcEEEEESt14default_deleteIS9_EEEC2Ev
FNDA:60,_ZNSt11_Tuple_implILy0EJPN7testing8internal22ParamIteratorInterfaceINSt7__cxx1112basic_stringIcSt11char_traitsIcESaIcEEEEESt14default_deleteIS9_EEEC2Ev
FN:302,_ZNSt11_Tuple_implILy0EJPN7testing8internal19TestMetaFactoryBaseINSt7__cxx1112basic_stringIcSt11char_traitsIcESaIcEEEEESt14default_deleteIS9_EEEC2Ev
FNDA:30,_ZNSt11_Tuple_implILy0EJPN7testing8internal19TestMetaFactoryBaseINSt7__cxx1112basic_stringIcSt11char_traitsIcESaIcEEEEESt14default_deleteIS9_EEEC2Ev
FN:313,_ZNSt11_Tuple_implILy0EJPKN7testing8internal11MatcherBaseIRKSt5tupleIJEEEEPKNS1_15AnythingMatcherEEEC2IS9_JSC_EvEEOT_DpOT0_
FNDA:0,_ZNSt11_Tuple_implILy0EJPKN7testing8internal11MatcherBaseIRKSt5tupleIJEEEEPKNS1_15AnythingMatcherEEEC2IS9_JSC_EvEEOT_DpOT0_
FN:313,_ZNSt11_Tuple_implILy0EJPKN7testing8internal11MatcherBaseIRKSt5tupleIJRKNSt7__cxx1112basic_stringIcSt11char_traitsIcESaIcEEEEEEEPKNS1_15AnythingMatcherEEEC2ISH_JSK_EvEEOT_DpOT0_
FNDA:0,_ZNSt11_Tuple_implILy0EJPKN7testing8internal11MatcherBaseIRKSt5tupleIJRKNSt7__cxx1112basic_stringIcSt11char_traitsIcESaIcEEEEEEEPKNS1_15AnythingMatcherEEEC2ISH_JSK_EvEEOT_DpOT0_
FN:554,_ZNSt11_Tuple_implILy1EJSt14default_deleteINSt7__cxx1112basic_stringIcSt11char_traitsIcESaIcEEEEEE7_M_headERS8_
FNDA:0,_ZNSt11_Tuple_implILy1EJSt14default_deleteINSt7__cxx1112basic_stringIcSt11char_traitsIcESaIcEEEEEE7_M_headERS8_
[...]
FNDA:20,_ZStneIN9__gnu_cxx17__normal_iteratorIPKPKvSt6vectorIS3_SaIS3_EEEEEbRKSt16reverse_iteratorIT_ESE_
DA:190,139
DA:192,139
DA:193,139
DA:190,40
DA:192,40
DA:193,40
DA:243,162
DA:245,162
DA:243,40
DA:245,40
DA:259,0
DA:261,0
DA:262,0
DA:272,81
DA:280,81
DA:282,81
DA:291,23
DA:293,23
DA:294,23
DA:291,0
DA:293,0
DA:294,0
DA:425,81
DA:426,81
DA:443,81
DA:445,162
DA:443,20
DA:445,40
DA:457,81
DA:459,81
DA:457,20
DA:459,20
DA:1058,874
DA:1059,836
DA:1070,99
DA:1082,99
DA:1090,76
DA:1096,81
DA:1103,38
DA:1104,38
DA:1120,104
DA:1121,104
DA:1160,38
DA:1166,452
DA:1231,278
DA:1239,274
DA:1340,154
DA:3011,3718
end_of_record
SF:C:\mingw64\include\c++\15.2.0\bits\stl_algobase.h
FN:234,_ZSt3minIyERKT_S2_S2_
FNDA:119886,_ZSt3minIyERKT_S2_S2_
FN:258,_ZSt3maxIyERKT_S2_S2_
FNDA:559,_ZSt3maxIyERKT_S2_S2_
DA:234,119886
DA:239,119886
DA:240,0
DA:241,119886
DA:258,559
DA:263,559
DA:264,258
DA:265,301
end_of_record
SF:C:\DEV\TDD_TV_14\build\_deps\googletest-src\googlemock\include\gmock\internal\gmock-internal-utils.h
FN:243,_ZN7testing8internal6AssertEbPKciRKNSt7__cxx1112basic_stringIcSt11char_traitsIcESaIcEEE
FNDA:103,_ZN7testing8internal6AssertEbPKciRKNSt7__cxx1112basic_stringIcSt11char_traitsIcESaIcEEE
FN:256,_ZN7testing8internal6ExpectEbPKciRKNSt7__cxx1112basic_stringIcSt11char_traitsIcESaIcEEE
FNDA:39,_ZN7testing8internal6ExpectEbPKciRKNSt7__cxx1112basic_stringIcSt11char_traitsIcESaIcEEE
FN:424,_ZN7testing8internal9ApplyImplIRKSt8functionIFvRKNSt7__cxx1112basic_stringIcSt11char_traitsIcESaIcEEEEESt5tupleIJSA_EEJLy0EEEEDTclcl7forwardIT_Efp_Espcl3getIXT1_EEcl7forwardIT0_Efp0_EEEEOSH_OSI_St16integer_sequenceIyJXspT1_EEE
FNDA:0,_ZN7testing8internal9ApplyImplIRKSt8functionIFvRKNSt7__cxx1112basic_stringIcSt11char_traitsIcESaIcEEEEESt5tupleIJSA_EEJLy0EEEEDTclcl7forwardIT_Efp_Espcl3getIXT1_EEcl7forwardIT0_Efp0_EEEEOSH_OSI_St16integer_sequenceIyJXspT1_EEE
FN:424,_ZN7testing8internal9ApplyImplIRKSt8functionIFNSt7__cxx1112basic_stringIcSt11char_traitsIcESaIcEEEvEESt5tupleIJEEJEEEDTclcl7forwardIT_Efp_Espcl3getIXT1_EEcl7forwardIT0_Efp0_EEEEOSF_OSG_St16integer_sequenceIyJXspT1_EEE
FNDA:38,_ZN7testing8internal9ApplyImplIRKSt8functionIFNSt7__cxx1112basic_stringIcSt11char_traitsIcESaIcEEEvEESt5tupleIJEEJEEEDTclcl7forwardIT_Efp_Espcl3getIXT1_EEcl7forwardIT0_Efp0_EEEEOSF_OSG_St16integer_sequenceIyJXspT1_EEE
FN:432,_ZN7testing8internal5ApplyIRKSt8functionIFvRKNSt7__cxx1112basic_stringIcSt11char_traitsIcESaIcEEEEESt5tupleIJSA_EEEEDTcl9ApplyImplcl7forwardIT_Efp_Ecl7forwardIT0_Efp0_EcvSt16integer_sequenceIyJXspcl14__integer_packsrSt10tuple_sizeINSt16remove_referenceISI_E4typeEE5valueEEEE_EEEOSH_OSI_
FNDA:0,_ZN7testing8internal5ApplyIRKSt8functionIFvRKNSt7__cxx1112basic_stringIcSt11char_traitsIcESaIcEEEEESt5tupleIJSA_EEEEDTcl9ApplyImplcl7forwardIT_Efp_Ecl7forwardIT0_Efp0_EcvSt16integer_sequenceIyJXspcl14__integer_packsrSt10tuple_sizeINSt16remove_referenceISI_E4typeEE5valueEEEE_EEEOSH_OSI_
FN:432,_ZN7testing8internal5ApplyIRKSt8functionIFNSt7__cxx1112basic_stringIcSt11char_traitsIcESaIcEEEvEESt5tupleIJEEEEDTcl9ApplyImplcl7forwardIT_Efp_Ecl7forwardIT0_Efp0_EcvSt16integer_sequenceIyJXspcl14__integer_packsrSt10tuple_sizeINSt16remove_referenceISG_E4typeEE5valueEEEE_EEEOSF_OSG_
FNDA:38,_ZN7testing8internal5ApplyIRKSt8functionIFNSt7__cxx1112basic_stringIcSt11char_traitsIcESaIcEEEvEESt5tupleIJEEEEDTcl9ApplyImplcl7forwardIT_Efp_Ecl7forwardIT0_Efp0_EcvSt16integer_sequenceIyJXspcl14__integer_packsrSt10tuple_sizeINSt16remove_referenceISG_E4typeEE5valueEEEE_EEEOSF_OSG_
DA:243,103
DA:245,103
DA:246,0
DA:249,103
DA:256,39
DA:258,39
DA:259,0
DA:262,39
DA:424,0
DA:427,0
DA:424,38
DA:427,38
DA:432,0
DA:437,0
DA:439,0
DA:432,38
DA:439,76
end_of_record
SF:C:\DEV\TDD_TV_14\build\_deps\googletest-src\googletest\include\gtest\internal\gtest-port.h
FN:1082,_ZN7testing8internal8GTestLog9GetStreamEv
FNDA:0,_ZN7testing8internal8GTestLog9GetStreamEv
FN:1180,_ZN7testing8internal13ImplicitCast_INSt7__cxx1112basic_stringIcSt11char_traitsIcESaIcEEEEET_S8_
FNDA:38,_ZN7testing8internal13ImplicitCast_INSt7__cxx1112basic_stringIcSt11char_traitsIcESaIcEEEEET_S8_
FN:1472,_ZN7testing8internal14GTestMutexLockC1EPNS0_5MutexE
FNDA:647,_ZN7testing8internal14GTestMutexLockC1EPNS0_5MutexE
FN:1474,_ZN7testing8internal14GTestMutexLockD1Ev
FNDA:647,_ZN7testing8internal14GTestMutexLockD1Ev
FN:1610,_ZNK7testing8internal11ThreadLocalIPNS_8SequenceEE7pointerEv
FNDA:63,_ZNK7testing8internal11ThreadLocalIPNS_8SequenceEE7pointerEv
FN:1611,_ZNK7testing8internal11ThreadLocalIPNS_8SequenceEE3getEv
FNDA:63,_ZNK7testing8internal11ThreadLocalIPNS_8SequenceEE3getEv
FN:1622,_ZN7testing8internal11ThreadLocalIPNS_8SequenceEE11ValueHolder7pointerEv
FNDA:81,_ZN7testing8internal11ThreadLocalIPNS_8SequenceEE11ValueHolder7pointerEv
FN:1630,_ZNK7testing8internal11ThreadLocalIPNS_8SequenceEE16GetOrCreateValueEv
FNDA:81,_ZNK7testing8internal11ThreadLocalIPNS_8SequenceEE16GetOrCreateValueEv
DA:1082,0
DA:1180,38
DA:1181,38
DA:1472,647
DA:1474,647
DA:1610,63
DA:1611,63
DA:1622,81
DA:1630,81
DA:1632,81
DA:1633,81
end_of_record
SF:C:\mingw64\include\c++\15.2.0\ext\alloc_traits.h
DA:100,470
DA:104,54
end_of_record
SF:C:\mingw64\include\c++\15.2.0\tuple
FN:205,_ZNSt10_Head_baseILy0ERKNSt7__cxx1112basic_stringIcSt11char_traitsIcESaIcEEELb0EEC2ES7_
FNDA:20,_ZNSt10_Head_baseILy0ERKNSt7__cxx1112basic_stringIcSt11char_traitsIcESaIcEEELb0EEC2ES7_
FN:208,_ZNSt10_Head_baseILy0EN7testing7MatcherIRKNSt7__cxx1112basic_stringIcSt11char_traitsIcESaIcEEEEELb0EEC2ERKSB_
FNDA:42,_ZNSt10_Head_baseILy0EN7testing7MatcherIRKNSt7__cxx1112basic_stringIcSt11char_traitsIcESaIcEEEEELb0EEC2ERKSB_
FN:212,_ZNSt10_Head_baseILy0EPKN7testing8internal11MatcherBaseIRKSt5tupleIJEEEELb0EEC2IS9_EEOT_
FNDA:0,_ZNSt10_Head_baseILy0EPKN7testing8internal11MatcherBaseIRKSt5tupleIJEEEELb0EEC2IS9_EEOT_
FN:212,_ZNSt10_Head_baseILy1EPKN7testing8internal15AnythingMatcherELb0EEC2IS4_EEOT_
FNDA:0,_ZNSt10_Head_baseILy1EPKN7testing8internal15AnythingMatcherELb0EEC2IS4_EEOT_
FN:212,_ZNSt10_Head_baseILy0EPKN7testing8internal11MatcherBaseIRKNSt7__cxx1112basic_stringIcSt11char_traitsIcESaIcEEEEELb0EEC2ISD_EEOT_
FNDA:0,_ZNSt10_Head_baseILy0EPKN7testing8internal11MatcherBaseIRKNSt7__cxx1112basic_stringIcSt11char_traitsIcESaIcEEEEELb0EEC2ISD_EEOT_
FN:212,_ZNSt10_Head_baseILy0EN7testing7MatcherIRKNSt7__cxx1112basic_stringIcSt11char_traitsIcESaIcEEEEELb0EEC2ISA_EEOT_
FNDA:21,_ZNSt10_Head_baseILy0EN7testing7MatcherIRKNSt7__cxx1112basic_stringIcSt11char_traitsIcESaIcEEEEELb0EEC2ISA_EEOT_
FN:212,_ZNSt10_Head_baseILy0EPKN7testing8internal11MatcherBaseIRKSt5tupleIJRKNSt7__cxx1112basic_stringIcSt11char_traitsIcESaIcEEEEEEELb0EEC2ISH_EEOT_
FNDA:0,_ZNSt10_Head_baseILy0EPKN7testing8internal11MatcherBaseIRKSt5tupleIJRKNSt7__cxx1112basic_stringIcSt11char_traitsIcESaIcEEEEEEELb0EEC2ISH_EEOT_
FN:246,_ZNSt10_Head_baseILy0EPKN7testing8internal11MatcherBaseIRKSt5tupleIJRKNSt7__cxx1112basic_stringIcSt11char_traitsIcESaIcEEEEEEELb0EE7_M_headERSI_
FNDA:0,_ZNSt10_Head_baseILy0EPKN7testing8internal11MatcherBaseIRKSt5tupleIJRKNSt7__cxx1112basic_stringIcSt11char_traitsIcESaIcEEEEEEELb0EE7_M_headERSI_
FN:246,_ZNSt10_Head_baseILy0EPKN7testing8internal11MatcherBaseIRKSt5tupleIJEEEELb0EE7_M_headERSA_
FNDA:0,_ZNSt10_Head_baseILy0EPKN7testing8internal11MatcherBaseIRKSt5tupleIJEEEELb0EE7_M_headERSA_
FN:246,_ZNSt10_Head_baseILy0EPKN7testing8internal11MatcherBaseIRKNSt7__cxx1112basic_stringIcSt11char_traitsIcESaIcEEEEELb0EE7_M_headERSE_
FNDA:0,_ZNSt10_Head_baseILy0EPKN7testing8internal11MatcherBaseIRKNSt7__cxx1112basic_stringIcSt11char_traitsIcESaIcEEEEELb0EE7_M_headERSE_
FN:246,_ZNSt10_Head_baseILy0ERKNSt7__cxx1112basic_stringIcSt11char_traitsIcESaIcEEELb0EE7_M_headERS8_
FNDA:0,_ZNSt10_Head_baseILy0ERKNSt7__cxx1112basic_stringIcSt11char_traitsIcESaIcEEELb0EE7_M_headERS8_
FN:249,_ZNSt10_Head_baseILy0ERKNSt7__cxx1112basic_stringIcSt11char_traitsIcESaIcEEELb0EE7_M_headERKS8_
FNDA:20,_ZNSt10_Head_baseILy0ERKNSt7__cxx1112basic_stringIcSt11char_traitsIcESaIcEEELb0EE7_M_headERKS8_
FN:249,_ZNSt10_Head_baseILy0EN7testing7MatcherIRKNSt7__cxx1112basic_stringIcSt11char_traitsIcESaIcEEEEELb0EE7_M_headERKSB_
FNDA:20,_ZNSt10_Head_baseILy0EN7testing7MatcherIRKNSt7__cxx1112basic_stringIcSt11char_traitsIcESaIcEEEEELb0EE7_M_headERKSB_
FN:291,_ZNSt11_Tuple_implILy0EJPKN7testing8internal11MatcherBaseIRKSt5tupleIJRKNSt7__cxx1112basic_stringIcSt11char_traitsIcESaIcEEEEEEEPKNS1_15AnythingMatcherEEE7_M_headERSL_
FNDA:0,_ZNSt11_Tuple_implILy0EJPKN7testing8internal11MatcherBaseIRKSt5tupleIJRKNSt7__cxx1112basic_stringIcSt11char_traitsIcESaIcEEEEEEEPKNS1_15AnythingMatcherEEE7_M_headERSL_
FN:291,_ZNSt11_Tuple_implILy0EJPKN7testing8internal11MatcherBaseIRKSt5tupleIJEEEEPKNS1_15AnythingMatcherEEE7_M_headERSD_
FNDA:0,_ZNSt11_Tuple_implILy0EJPKN7testing8internal11MatcherBaseIRKSt5tupleIJEEEEPKNS1_15AnythingMatcherEEE7_M_headERSD_
FN:291,_ZNSt11_Tuple_implILy0EJPKN7testing8internal11MatcherBaseIRKNSt7__cxx1112basic_stringIcSt11char_traitsIcESaIcEEEEEPKNS1_15AnythingMatcherEEE7_M_headERSH_
FNDA:0,_ZNSt11_Tuple_implILy0EJPKN7testing8internal11MatcherBaseIRKNSt7__cxx1112basic_stringIcSt11char_traitsIcESaIcEEEEEPKNS1_15AnythingMatcherEEE7_M_headERSH_
FN:313,_ZNSt11_Tuple_implILy0EJPKN7testing8internal11MatcherBaseIRKNSt7__cxx1112basic_stringIcSt11char_traitsIcESaIcEEEEEPKNS1_15AnythingMatcherEEEC2ISD_JSG_EvEEOT_DpOT0_
FNDA:0,_ZNSt11_Tuple_implILy0EJPKN7testing8internal11MatcherBaseIRKNSt7__cxx1112basic_stringIcSt11char_traitsIcESaIcEEEEEPKNS1_15AnythingMatcherEEEC2ISD_JSG_EvEEOT_DpOT0_
FN:313,_ZNSt11_Tuple_implILy0EJPKN7testing8internal11MatcherBaseIRKSt5tupleIJEEEEPKNS1_15AnythingMatcherEEEC2IS9_JSC_EvEEOT_DpOT0_
FNDA:0,_ZNSt11_Tuple_implILy0EJPKN7testing8internal11MatcherBaseIRKSt5tupleIJEEEEPKNS1_15AnythingMatcherEEEC2IS9_JSC_EvEEOT_DpOT0_
FN:313,_ZNSt11_Tuple_implILy0EJPKN7testing8internal11MatcherBaseIRKSt5tupleIJRKNSt7__cxx1112basic_stringIcSt11char_traitsIcESaIcEEEEEEEPKNS1_15AnythingMatcherEEEC2ISH_JSK_EvEEOT_DpOT0_
FNDA:0,_ZNSt11_Tuple_implILy0EJPKN7testing8internal11MatcherBaseIRKSt5tupleIJRKNSt7__cxx1112basic_stringIcSt11char_traitsIcESaIcEEEEEEEPKNS1_15AnythingMatcherEEEC2ISH_JSK_EvEEOT_DpOT0_
FN:554,_ZNSt11_Tuple_implILy0EJRKNSt7__cxx1112basic_stringIcSt11char_traitsIcESaIcEEEEE7_M_headERS8_
FNDA:0,_ZNSt11_Tuple_implILy0EJRKNSt7__cxx1112basic_stringIcSt11char_traitsIcESaIcEEEEE7_M_headERS8_
FN:557,_ZNSt11_Tuple_implILy0EJN7testing7MatcherIRKNSt7__cxx1112basic_stringIcSt11char_traitsIcESaIcEEEEEEE7_M_headERKSB_
FNDA:20,_ZNSt11_Tuple_implILy0EJN7testing7MatcherIRKNSt7__cxx1112basic_stringIcSt11char_traitsIcESaIcEEEEEEE7_M_headERKSB_
FN:557,_ZNSt11_Tuple_implILy0EJRKNSt7__cxx1112basic_stringIcSt11char_traitsIcESaIcEEEEE7_M_headERKS8_
FNDA:20,_ZNSt11_Tuple_implILy0EJRKNSt7__cxx1112basic_stringIcSt11char_traitsIcESaIcEEEEE7_M_headERKS8_
FN:564,_ZNSt11_Tuple_implILy0EJRKNSt7__cxx1112basic_stringIcSt11char_traitsIcESaIcEEEEEC2ES7_
FNDA:20,_ZNSt11_Tuple_implILy0EJRKNSt7__cxx1112basic_stringIcSt11char_traitsIcESaIcEEEEEC2ES7_
FN:570,_ZNSt11_Tuple_implILy1EJPKN7testing8internal15AnythingMatcherEEEC2IS4_EEOT_
FNDA:0,_ZNSt11_Tuple_implILy1EJPKN7testing8internal15AnythingMatcherEEEC2IS4_EEOT_
FN:570,_ZNSt11_Tuple_implILy0EJN7testing7MatcherIRKNSt7__cxx1112basic_stringIcSt11char_traitsIcESaIcEEEEEEEC2ISA_EEOT_
FNDA:21,_ZNSt11_Tuple_implILy0EJN7testing7MatcherIRKNSt7__cxx1112basic_stringIcSt11char_traitsIcESaIcEEEEEEEC2ISA_EEOT_
FN:574,_ZNSt11_Tuple_implILy0EJN7testing7MatcherIRKNSt7__cxx1112basic_stringIcSt11char_traitsIcESaIcEEEEEEEC2ERKSB_
FNDA:42,_ZNSt11_Tuple_implILy0EJN7testing7MatcherIRKNSt7__cxx1112basic_stringIcSt11char_traitsIcESaIcEEEEEEEC2ERKSB_
FN:584,_ZNSt11_Tuple_implILy0EJRKNSt7__cxx1112basic_stringIcSt11char_traitsIcESaIcEEEEEC2EOS8_
FNDA:0,_ZNSt11_Tuple_implILy0EJRKNSt7__cxx1112basic_stringIcSt11char_traitsIcESaIcEEEEEC2EOS8_
FN:1473,_ZNSt5tupleIJRKNSt7__cxx1112basic_stringIcSt11char_traitsIcESaIcEEEEEC1ILb1ELb1EEES7_
FNDA:20,_ZNSt5tupleIJRKNSt7__cxx1112basic_stringIcSt11char_traitsIcESaIcEEEEEC1ILb1ELb1EEES7_
FN:1488,_ZNSt5tupleIJN7testing7MatcherIRKNSt7__cxx1112basic_stringIcSt11char_traitsIcESaIcEEEEEEEC1IJSA_ELb1ELb1EEEDpOT_
FNDA:21,_ZNSt5tupleIJN7testing7MatcherIRKNSt7__cxx1112basic_stringIcSt11char_traitsIcESaIcEEEEEEEC1IJSA_ELb1ELb1EEEDpOT_
FN:1502,_ZNSt5tupleIJN7testing7MatcherIRKNSt7__cxx1112basic_stringIcSt11char_traitsIcESaIcEEEEEEEC1ERKSB_
FNDA:42,_ZNSt5tupleIJN7testing7MatcherIRKNSt7__cxx1112basic_stringIcSt11char_traitsIcESaIcEEEEEEEC1ERKSB_
FN:1504,_ZNSt5tupleIJRKNSt7__cxx1112basic_stringIcSt11char_traitsIcESaIcEEEEEC1EOS8_
FNDA:0,_ZNSt5tupleIJRKNSt7__cxx1112basic_stringIcSt11char_traitsIcESaIcEEEEEC1EOS8_
FN:2118,_ZNSt5tupleIJPKN7testing8internal11MatcherBaseIRKS_IJEEEEPKNS1_15AnythingMatcherEEEC1IS8_SB_Lb1EEEOT_OT0_
FNDA:0,_ZNSt5tupleIJPKN7testing8internal11MatcherBaseIRKS_IJEEEEPKNS1_15AnythingMatcherEEEC1IS8_SB_Lb1EEEOT_OT0_
FN:2118,_ZNSt5tupleIJPKN7testing8internal11MatcherBaseIRKNSt7__cxx1112basic_stringIcSt11char_traitsIcESaIcEEEEEPKNS1_15AnythingMatcherEEEC1ISD_SG_Lb1EEEOT_OT0_
FNDA:0,_ZNSt5tupleIJPKN7testing8internal11MatcherBaseIRKNSt7__cxx1112basic_stringIcSt11char_traitsIcESaIcEEEEEPKNS1_15AnythingMatcherEEEC1ISD_SG_Lb1EEEOT_OT0_
FN:2118,_ZNSt5tupleIJPKN7testing8internal11MatcherBaseIRKS_IJRKNSt7__cxx1112basic_stringIcSt11char_traitsIcESaIcEEEEEEEPKNS1_15AnythingMatcherEEEC1ISG_SJ_Lb1EEEOT_OT0_
FNDA:0,_ZNSt5tupleIJPKN7testing8internal11MatcherBaseIRKS_IJRKNSt7__cxx1112basic_stringIcSt11char_traitsIcESaIcEEEEEEEPKNS1_15AnythingMatcherEEEC1ISG_SJ_Lb1EEEOT_OT0_
FN:2428,_ZSt12__get_helperILy0ERKNSt7__cxx1112basic_stringIcSt11char_traitsIcESaIcEEEJEERT0_RSt11_Tuple_implIXT_EJS8_DpT1_EE
FNDA:0,_ZSt12__get_helperILy0ERKNSt7__cxx1112basic_stringIcSt11char_traitsIcESaIcEEEJEERT0_RSt11_Tuple_implIXT_EJS8_DpT1_EE
FN:2428,_ZSt12__get_helperILy0EPKN7testing8internal11MatcherBaseIRKNSt7__cxx1112basic_stringIcSt11char_traitsIcESaIcEEEEEJPKNS1_15AnythingMatcherEEERT0_RSt11_Tuple_implIXT_EJSH_DpT1_EE
FNDA:0,_ZSt12__get_helperILy0EPKN7testing8internal11MatcherBaseIRKNSt7__cxx1112basic_stringIcSt11char_traitsIcESaIcEEEEEJPKNS1_15AnythingMatcherEEERT0_RSt11_Tuple_implIXT_EJSH_DpT1_EE
FN:2428,_ZSt12__get_helperILy0EPKN7testing8internal11MatcherBaseIRKSt5tupleIJEEEEJPKNS1_15AnythingMatcherEEERT0_RSt11_Tuple_implIXT_EJSD_DpT1_EE
FNDA:0,_ZSt12__get_helperILy0EPKN7testing8internal11MatcherBaseIRKSt5tupleIJEEEEJPKNS1_15AnythingMatcherEEERT0_RSt11_Tuple_implIXT_EJSD_DpT1_EE
FN:2428,_ZSt12__get_helperILy0EPKN7testing8internal11MatcherBaseIRKSt5tupleIJRKNSt7__cxx1112basic_stringIcSt11char_traitsIcESaIcEEEEEEEJPKNS1_15AnythingMatcherEEERT0_RSt11_Tuple_implIXT_EJSL_DpT1_EE
FNDA:0,_ZSt12__get_helperILy0EPKN7testing8internal11MatcherBaseIRKSt5tupleIJRKNSt7__cxx1112basic_stringIcSt11char_traitsIcESaIcEEEEEEEJPKNS1_15AnythingMatcherEEERT0_RSt11_Tuple_implIXT_EJSL_DpT1_EE
FN:2433,_ZSt12__get_helperILy0ERKNSt7__cxx1112basic_stringIcSt11char_traitsIcESaIcEEEJEERKT0_RKSt11_Tuple_implIXT_EJS8_DpT1_EE
FNDA:20,_ZSt12__get_helperILy0ERKNSt7__cxx1112basic_stringIcSt11char_traitsIcESaIcEEEJEERKT0_RKSt11_Tuple_implIXT_EJS8_DpT1_EE
FN:2433,_ZSt12__get_helperILy0EN7testing7MatcherIRKNSt7__cxx1112basic_stringIcSt11char_traitsIcESaIcEEEEEJEERKT0_RKSt11_Tuple_implIXT_EJSB_DpT1_EE
FNDA:20,_ZSt12__get_helperILy0EN7testing7MatcherIRKNSt7__cxx1112basic_stringIcSt11char_traitsIcESaIcEEEEEJEERKT0_RKSt11_Tuple_implIXT_EJSB_DpT1_EE
FN:2450,_ZSt3getILy0EJRKNSt7__cxx1112basic_stringIcSt11char_traitsIcESaIcEEEEERKNSt13tuple_elementIXT_ESt5tupleIJDpT0_EEE4typeERKSC_
FNDA:20,_ZSt3getILy0EJRKNSt7__cxx1112basic_stringIcSt11char_traitsIcESaIcEEEEERKNSt13tuple_elementIXT_ESt5tupleIJDpT0_EEE4typeERKSC_
FN:2450,_ZSt3getILy0EJN7testing7MatcherIRKNSt7__cxx1112basic_stringIcSt11char_traitsIcESaIcEEEEEEERKNSt13tuple_elementIXT_ESt5tupleIJDpT0_EEE4typeERKSF_
FNDA:20,_ZSt3getILy0EJN7testing7MatcherIRKNSt7__cxx1112basic_stringIcSt11char_traitsIcESaIcEEEEEEERKNSt13tuple_elementIXT_ESt5tupleIJDpT0_EEE4typeERKSF_
FN:2456,_ZSt3getILy0EJPKN7testing8internal11MatcherBaseIRKSt5tupleIJRKNSt7__cxx1112basic_stringIcSt11char_traitsIcESaIcEEEEEEEPKNS1_15AnythingMatcherEEEONSt13tuple_elementIXT_ES3_IJDpT0_EEE4typeEOSO_
FNDA:0,_ZSt3getILy0EJPKN7testing8internal11MatcherBaseIRKSt5tupleIJRKNSt7__cxx1112basic_stringIcSt11char_traitsIcESaIcEEEEEEEPKNS1_15AnythingMatcherEEEONSt13tuple_elementIXT_ES3_IJDpT0_EEE4typeEOSO_
FN:2456,_ZSt3getILy0EJPKN7testing8internal11MatcherBaseIRKNSt7__cxx1112basic_stringIcSt11char_traitsIcESaIcEEEEEPKNS1_15AnythingMatcherEEEONSt13tuple_elementIXT_ESt5tupleIJDpT0_EEE4typeEOSL_
FNDA:0,_ZSt3getILy0EJPKN7testing8internal11MatcherBaseIRKNSt7__cxx1112basic_stringIcSt11char_traitsIcESaIcEEEEEPKNS1_15AnythingMatcherEEEONSt13tuple_elementIXT_ESt5tupleIJDpT0_EEE4typeEOSL_
FN:2456,_ZSt3getILy0EJRKNSt7__cxx1112basic_stringIcSt11char_traitsIcESaIcEEEEEONSt13tuple_elementIXT_ESt5tupleIJDpT0_EEE4typeEOSC_
FNDA:0,_ZSt3getILy0EJRKNSt7__cxx1112basic_stringIcSt11char_traitsIcESaIcEEEEEONSt13tuple_elementIXT_ESt5tupleIJDpT0_EEE4typeEOSC_
FN:2456,_ZSt3getILy0EJPKN7testing8internal11MatcherBaseIRKSt5tupleIJEEEEPKNS1_15AnythingMatcherEEEONSt13tuple_elementIXT_ES3_IJDpT0_EEE4typeEOSG_
FNDA:0,_ZSt3getILy0EJPKN7testing8internal11MatcherBaseIRKSt5tupleIJEEEEPKNS1_15AnythingMatcherEEEONSt13tuple_elementIXT_ES3_IJDpT0_EEE4typeEOSG_
FN:2668,_ZSt10make_tupleIJPKN7testing8internal11MatcherBaseIRKNSt7__cxx1112basic_stringIcSt11char_traitsIcESaIcEEEEEPKNS1_15AnythingMatcherEEESt5tupleIJDpNSt25__strip_reference_wrapperINSt5decayIT_E4typeEE6__typeEEEDpOSK_
FNDA:0,_ZSt10make_tupleIJPKN7testing8internal11MatcherBaseIRKNSt7__cxx1112basic_stringIcSt11char_traitsIcESaIcEEEEEPKNS1_15AnythingMatcherEEESt5tupleIJDpNSt25__strip_reference_wrapperINSt5decayIT_E4typeEE6__typeEEEDpOSK_
FN:2668,_ZSt10make_tupleIJPKN7testing8internal11MatcherBaseIRKSt5tupleIJEEEEPKNS1_15AnythingMatcherEEES3_IJDpNSt25__strip_reference_wrapperINSt5decayIT_E4typeEE6__typeEEEDpOSF_
FNDA:0,_ZSt10make_tupleIJPKN7testing8internal11MatcherBaseIRKSt5tupleIJEEEEPKNS1_15AnythingMatcherEEES3_IJDpNSt25__strip_reference_wrapperINSt5decayIT_E4typeEE6__typeEEEDpOSF_
FN:2668,_ZSt10make_tupleIJN7testing7MatcherIRKNSt7__cxx1112basic_stringIcSt11char_traitsIcESaIcEEEEEEESt5tupleIJDpNSt25__strip_reference_wrapperINSt5decayIT_E4typeEE6__typeEEEDpOSE_
FNDA:21,_ZSt10make_tupleIJN7testing7MatcherIRKNSt7__cxx1112basic_stringIcSt11char_traitsIcESaIcEEEEEEESt5tupleIJDpNSt25__strip_reference_wrapperINSt5decayIT_E4typeEE6__typeEEEDpOSE_
FN:2668,_ZSt10make_tupleIJPKN7testing8internal11MatcherBaseIRKSt5tupleIJRKNSt7__cxx1112basic_stringIcSt11char_traitsIcESaIcEEEEEEEPKNS1_15AnythingMatcherEEES3_IJDpNSt25__strip_reference_wrapperINSt5decayIT_E4typeEE6__typeEEEDpOSN_
FNDA:0,_ZSt10make_tupleIJPKN7testing8internal11MatcherBaseIRKSt5tupleIJRKNSt7__cxx1112basic_stringIcSt11char_traitsIcESaIcEEEEEEEPKNS1_15AnythingMatcherEEES3_IJDpNSt25__strip_reference_wrapperINSt5decayIT_E4typeEE6__typeEEEDpOSN_
FN:2668,_ZSt10make_tupleIJEESt5tupleIJDpNSt25__strip_reference_wrapperINSt5decayIT_E4typeEE6__typeEEEDpOS3_
FNDA:24,_ZSt10make_tupleIJEESt5tupleIJDpNSt25__strip_reference_wrapperINSt5decayIT_E4typeEE6__typeEEEDpOS3_
DA:205,20
DA:206,20
DA:208,42
DA:212,0
DA:213,0
DA:212,0
DA:213,0
DA:212,0
DA:213,0
DA:212,0
DA:213,0
DA:212,21
DA:213,42
DA:246,0
DA:246,0
DA:246,0
DA:246,0
DA:249,20
DA:249,20
DA:291,0
DA:291,0
DA:291,0
DA:313,0
DA:315,0
DA:316,0
DA:313,0
DA:315,0
DA:316,0
DA:313,0
DA:315,0
DA:316,0
DA:554,0
DA:557,20
DA:557,20
DA:564,20
DA:565,20
DA:566,20
DA:570,0
DA:571,0
DA:572,0
DA:570,21
DA:571,42
DA:572,21
DA:574,42
DA:584,0
DA:586,0
DA:587,0
DA:1473,20
DA:1475,20
DA:1488,21
DA:1490,42
DA:1491,21
DA:1502,42
DA:1504,0
DA:2118,0
DA:2120,0
DA:2121,0
DA:2118,0
DA:2120,0
DA:2121,0
DA:2118,0
DA:2120,0
DA:2121,0
DA:2428,0
DA:2429,0
DA:2428,0
DA:2429,0
DA:2428,0
DA:2429,0
DA:2428,0
DA:2429,0
DA:2433,20
DA:2434,20
DA:2433,20
DA:2434,20
DA:2450,20
DA:2451,20
DA:2450,20
DA:2451,20
DA:2456,0
DA:2459,0
DA:2456,0
DA:2459,0
DA:2456,0
DA:2459,0
DA:2456,0
DA:2459,0
DA:2668,0
DA:2672,0
DA:2668,0
DA:2672,0
DA:2668,0
DA:2672,0
DA:2668,21
DA:2672,21
DA:2668,24
DA:2672,24
end_of_record
